#
# There is insufficient memory for the Java Runtime Environment to continue.
# Native memory allocation (malloc) failed to allocate 329136 bytes for Chunk::new
# Possible reasons:
#   The system is out of physical RAM or swap space
#   In 32 bit mode, the process size limit was hit
# Possible solutions:
#   Reduce memory load on the system
#   Increase physical memory or swap space
#   Check if swap backing store is full
#   Use 64 bit Java on a 64 bit OS
#   Decrease Java heap size (-Xmx/-Xms)
#   Decrease number of Java threads
#   Decrease Java thread stack sizes (-Xss)
#   Set larger code cache with -XX:ReservedCodeCacheSize=
# This output file may be truncated or incomplete.
#
#  Out of Memory Error (allocation.cpp:390), pid=5228, tid=7068
#
# JRE version: Java(TM) SE Runtime Environment (8.0_31-b13) (build 1.8.0_31-b13)
# Java VM: Java HotSpot(TM) 64-Bit Server VM (25.31-b07 mixed mode windows-amd64 compressed oops)
# Failed to write core dump. Minidumps are not enabled by default on client versions of Windows
#

---------------  T H R E A D  ---------------

Current thread (0x0000000014de9000):  JavaThread "C2 CompilerThread0" daemon [_thread_in_native, id=7068, stack(0x0000000015d30000,0x0000000015e30000)]

Stack: [0x0000000015d30000,0x0000000015e30000]
Native frames: (J=compiled Java code, j=interpreted, Vv=VM code, C=native code)
V  [jvm.dll+0x3169ba]


Current CompileTask:
C2:   3723 1542   !   4       com.android.dx.cf.code.BytecodeArray::parseInstruction (2764 bytes)


---------------  P R O C E S S  ---------------

Java Threads: ( => current thread )
  0x0000000014e4b000 JavaThread "Service Thread" daemon [_thread_blocked, id=8140, stack(0x0000000015f30000,0x0000000016030000)]
  0x0000000014e29800 JavaThread "C1 CompilerThread1" daemon [_thread_blocked, id=4560, stack(0x0000000015e30000,0x0000000015f30000)]
=>0x0000000014de9000 JavaThread "C2 CompilerThread0" daemon [_thread_in_native, id=7068, stack(0x0000000015d30000,0x0000000015e30000)]
  0x0000000014de8000 JavaThread "Attach Listener" daemon [_thread_blocked, id=10228, stack(0x0000000015c30000,0x0000000015d30000)]
  0x0000000014de4800 JavaThread "Signal Dispatcher" daemon [_thread_blocked, id=6536, stack(0x0000000015b30000,0x0000000015c30000)]
  0x0000000014da9800 JavaThread "Finalizer" daemon [_thread_blocked, id=5380, stack(0x0000000015a30000,0x0000000015b30000)]
  0x0000000014da1000 JavaThread "Reference Handler" daemon [_thread_blocked, id=3484, stack(0x0000000015930000,0x0000000015a30000)]
  0x000000000285d800 JavaThread "main" [_thread_in_Java, id=7296, stack(0x00000000026c0000,0x00000000027c0000)]

Other Threads:
  0x0000000014d9c800 VMThread [stack: 0x0000000015830000,0x0000000015930000] [id=7312]
  0x0000000014e4c000 WatcherThread [stack: 0x0000000016030000,0x0000000016130000] [id=6096]

VM state:not at safepoint (normal execution)

VM Mutex/Monitor currently owned by a thread: None

Heap:
 PSYoungGen      total 35328K, used 16336K [0x00000000eab00000, 0x00000000ed000000, 0x0000000100000000)
  eden space 32768K, 42% used [0x00000000eab00000,0x00000000eb878010,0x00000000ecb00000)
  from space 2560K, 99% used [0x00000000ecd80000,0x00000000ecffc190,0x00000000ed000000)
  to   space 2560K, 0% used [0x00000000ecb00000,0x00000000ecb00000,0x00000000ecd80000)
 ParOldGen       total 44032K, used 13708K [0x00000000c0000000, 0x00000000c2b00000, 0x00000000eab00000)
  object space 44032K, 31% used [0x00000000c0000000,0x00000000c0d63078,0x00000000c2b00000)
 Metaspace       used 5903K, capacity 7088K, committed 7296K, reserved 1056768K
  class space    used 565K, capacity 616K, committed 640K, reserved 1048576K

Card table byte_map: [0x0000000011d20000,0x0000000011f30000] byte_map_base: 0x0000000011720000

Marking Bits: (ParMarkBitMap*) 0x0000000072c2d4f0
 Begin Bits: [0x0000000012290000, 0x0000000013290000)
 End Bits:   [0x0000000013290000, 0x0000000014290000)

Polling page: 0x0000000000df0000

CodeCache: size=245760Kb used=6483Kb max_used=6483Kb free=239276Kb
 bounds [0x0000000002960000, 0x0000000002fc0000, 0x0000000011960000]
 total_blobs=1881 nmethods=1622 adapters=174
 compilation: enabled

Compilation events (10 events):
Event: 2.675 Thread 0x0000000014e29800 1551       2       java.util.ArrayList$SubList::get (23 bytes)
Event: 2.675 Thread 0x0000000014e29800 nmethod 1551 0x0000000002f7e110 code [0x0000000002f7e2a0, 0x0000000002f7e568]
Event: 2.675 Thread 0x0000000014e29800 1552       2       com.android.dx.ssa.back.FirstFitLocalCombiningAllocator$1::visitPhiInsn (6 bytes)
Event: 2.676 Thread 0x0000000014e29800 nmethod 1552 0x0000000002f87f90 code [0x0000000002f88100, 0x0000000002f88268]
Event: 2.676 Thread 0x0000000014e29800 1553       2       com.android.dx.ssa.back.FirstFitLocalCombiningAllocator$Multiset::<init> (24 bytes)
Event: 2.676 Thread 0x0000000014e29800 nmethod 1553 0x0000000002f87ad0 code [0x0000000002f87c20, 0x0000000002f87eb0]
Event: 2.676 Thread 0x0000000014e29800 1554       2       java.util.HashMap::putVal (300 bytes)
Event: 2.677 Thread 0x0000000014e29800 nmethod 1554 0x0000000002f86b50 code [0x0000000002f86d60, 0x0000000002f87478]
Event: 2.677 Thread 0x0000000014e29800 1555       2       com.android.dx.ssa.back.SsaToRop$PhiVisitor::visitPhiInsn (67 bytes)
Event: 2.678 Thread 0x0000000014e29800 nmethod 1555 0x0000000002f85c10 code [0x0000000002f85de0, 0x0000000002f86328]

GC Heap History (4 events):
Event: 0.966 GC heap before
{Heap before GC invocations=1 (full 0):
 PSYoungGen      total 18944K, used 16384K [0x00000000eab00000, 0x00000000ec000000, 0x0000000100000000)
  eden space 16384K, 100% used [0x00000000eab00000,0x00000000ebb00000,0x00000000ebb00000)
  from space 2560K, 0% used [0x00000000ebd80000,0x00000000ebd80000,0x00000000ec000000)
  to   space 2560K, 0% used [0x00000000ebb00000,0x00000000ebb00000,0x00000000ebd80000)
 ParOldGen       total 44032K, used 0K [0x00000000c0000000, 0x00000000c2b00000, 0x00000000eab00000)
  object space 44032K, 0% used [0x00000000c0000000,0x00000000c0000000,0x00000000c2b00000)
 Metaspace       used 5496K, capacity 6832K, committed 7040K, reserved 1056768K
  class space    used 538K, capacity 616K, committed 640K, reserved 1048576K
Event: 0.984 GC heap after
Heap after GC invocations=1 (full 0):
 PSYoungGen      total 18944K, used 2539K [0x00000000eab00000, 0x00000000ed000000, 0x0000000100000000)
  eden space 16384K, 0% used [0x00000000eab00000,0x00000000eab00000,0x00000000ebb00000)
  from space 2560K, 99% used [0x00000000ebb00000,0x00000000ebd7af08,0x00000000ebd80000)
  to   space 2560K, 0% used [0x00000000ecd80000,0x00000000ecd80000,0x00000000ed000000)
 ParOldGen       total 44032K, used 1651K [0x00000000c0000000, 0x00000000c2b00000, 0x00000000eab00000)
  object space 44032K, 3% used [0x00000000c0000000,0x00000000c019cf18,0x00000000c2b00000)
 Metaspace       used 5496K, capacity 6832K, committed 7040K, reserved 1056768K
  class space    used 538K, capacity 616K, committed 640K, reserved 1048576K
}
Event: 1.800 GC heap before
{Heap before GC invocations=2 (full 0):
 PSYoungGen      total 18944K, used 18923K [0x00000000eab00000, 0x00000000ed000000, 0x0000000100000000)
  eden space 16384K, 100% used [0x00000000eab00000,0x00000000ebb00000,0x00000000ebb00000)
  from space 2560K, 99% used [0x00000000ebb00000,0x00000000ebd7af08,0x00000000ebd80000)
  to   space 2560K, 0% used [0x00000000ecd80000,0x00000000ecd80000,0x00000000ed000000)
 ParOldGen       total 44032K, used 1651K [0x00000000c0000000, 0x00000000c2b00000, 0x00000000eab00000)
  object space 44032K, 3% used [0x00000000c0000000,0x00000000c019cf18,0x00000000c2b00000)
 Metaspace       used 5708K, capacity 7024K, committed 7296K, reserved 1056768K
  class space    used 542K, capacity 616K, committed 640K, reserved 1048576K
Event: 1.858 GC heap after
Heap after GC invocations=2 (full 0):
 PSYoungGen      total 35328K, used 2554K [0x00000000eab00000, 0x00000000ed000000, 0x0000000100000000)
  eden space 32768K, 0% used [0x00000000eab00000,0x00000000eab00000,0x00000000ecb00000)
  from space 2560K, 99% used [0x00000000ecd80000,0x00000000ecffeaa8,0x00000000ed000000)
  to   space 2560K, 0% used [0x00000000ecb00000,0x00000000ecb00000,0x00000000ecd80000)
 ParOldGen       total 44032K, used 4031K [0x00000000c0000000, 0x00000000c2b00000, 0x00000000eab00000)
  object space 44032K, 9% used [0x00000000c0000000,0x00000000c03efe98,0x00000000c2b00000)
 Metaspace       used 5708K, capacity 7024K, committed 7296K, reserved 1056768K
  class space    used 542K, capacity 616K, committed 640K, reserved 1048576K
}

Deoptimization events (10 events):
Event: 1.795 Thread 0x000000000285d800 Uncommon trap: reason=bimorphic action=maybe_recompile pc=0x0000000002c5f0dc method=java.util.HashMap.getNode(ILjava/lang/Object;)Ljava/util/HashMap$Node; @ 126
Event: 1.795 Thread 0x000000000285d800 Uncommon trap: reason=bimorphic action=maybe_recompile pc=0x0000000002b82700 method=java.util.HashMap.getNode(ILjava/lang/Object;)Ljava/util/HashMap$Node; @ 126
Event: 1.868 Thread 0x000000000285d800 Uncommon trap: reason=class_check action=maybe_recompile pc=0x0000000002d21950 method=com.android.dx.rop.type.Type.equals(Ljava/lang/Object;)Z @ 8
Event: 1.869 Thread 0x000000000285d800 Uncommon trap: reason=class_check action=maybe_recompile pc=0x0000000002d21950 method=com.android.dx.rop.type.Type.equals(Ljava/lang/Object;)Z @ 8
Event: 1.869 Thread 0x000000000285d800 Uncommon trap: reason=class_check action=maybe_recompile pc=0x0000000002d21950 method=com.android.dx.rop.type.Type.equals(Ljava/lang/Object;)Z @ 8
Event: 1.869 Thread 0x000000000285d800 Uncommon trap: reason=class_check action=maybe_recompile pc=0x0000000002ce6920 method=com.android.dx.rop.type.Type.equals(Ljava/lang/Object;)Z @ 8
Event: 1.873 Thread 0x000000000285d800 Uncommon trap: reason=unreached action=reinterpret pc=0x0000000002eb8298 method=com.android.dx.util.LabeledList.set(ILcom/android/dx/util/LabeledItem;)V @ 16
Event: 2.308 Thread 0x000000000285d800 Uncommon trap: reason=unreached action=reinterpret pc=0x0000000002f4ee7c method=java.util.HashMap.getNode(ILjava/lang/Object;)Ljava/util/HashMap$Node; @ 84
Event: 2.674 Thread 0x000000000285d800 Uncommon trap: reason=class_check action=maybe_recompile pc=0x0000000002e7463c method=java.util.HashMap.putVal(ILjava/lang/Object;Ljava/lang/Object;ZZ)Ljava/lang/Object; @ 203
Event: 2.674 Thread 0x000000000285d800 Uncommon trap: reason=class_check action=maybe_recompile pc=0x0000000002e7463c method=java.util.HashMap.putVal(ILjava/lang/Object;Ljava/lang/Object;ZZ)Ljava/lang/Object; @ 203

Internal exceptions (6 events):
Event: 0.041 Thread 0x000000000285d800 Exception <a 'java/lang/NoSuchMethodError': Method sun.misc.Unsafe.defineClass(Ljava/lang/String;[BII)Ljava/lang/Class; name or signature does not match> (0x00000000eab0c9e8) thrown at [C:\workspace\8-2-build-windows-amd64-cygwin\jdk8u31\2394\hotspot\src\sâ”Çb@¥?
Event: 0.042 Thread 0x000000000285d800 Exception <a 'java/lang/NoSuchMethodError': Method sun.misc.Unsafe.prefetchRead(Ljava/lang/Object;J)V name or signature does not match> (0x00000000eab0cc78) thrown at [C:\workspace\8-2-build-windows-amd64-cygwin\jdk8u31\2394\hotspot\src\share\vm\prims\jni.ìÀó«ü?
Event: 1.792 Thread 0x000000000285d800 Implicit null exception at 0x0000000002e4b8e2 to 0x0000000002e4b991
Event: 2.306 Thread 0x000000000285d800 Exception <a 'java/lang/ArrayIndexOutOfBoundsException': 18> (0x00000000eb905d90) thrown at [C:\workspace\8-2-build-windows-amd64-cygwin\jdk8u31\2394\hotspot\src\share\vm\interpreter\interpreterRuntime.cpp, line 366]
Event: 2.307 Thread 0x000000000285d800 Exception <a 'java/lang/ArrayIndexOutOfBoundsException'> (0x00000000eb907828) thrown at [C:\workspace\8-2-build-windows-amd64-cygwin\jdk8u31\2394\hotspot\src\share\vm\runtime\sharedRuntime.cpp, line 604]
Event: 2.307 Thread 0x000000000285d800 Exception <a 'java/lang/ArrayIndexOutOfBoundsException'> (0x00000000eb908a40) thrown at [C:\workspace\8-2-build-windows-amd64-cygwin\jdk8u31\2394\hotspot\src\share\vm\runtime\sharedRuntime.cpp, line 604]

Events (10 events):
Event: 2.308 loading class sun/reflect/generics/reflectiveObjects/TypeVariableImpl done
Event: 2.308 Thread 0x000000000285d800 Uncommon trap: trap_request=0xffffffad fr.pc=0x0000000002f4ee7c
Event: 2.308 Thread 0x000000000285d800 DEOPT PACKING pc=0x0000000002f4ee7c sp=0x00000000027be6b0
Event: 2.308 Thread 0x000000000285d800 DEOPT UNPACKING pc=0x00000000029a556a sp=0x00000000027be570 mode 2
Event: 2.674 Thread 0x000000000285d800 Uncommon trap: trap_request=0xffffffde fr.pc=0x0000000002e7463c
Event: 2.674 Thread 0x000000000285d800 DEOPT PACKING pc=0x0000000002e7463c sp=0x00000000027be750
Event: 2.674 Thread 0x000000000285d800 DEOPT UNPACKING pc=0x00000000029a556a sp=0x00000000027be6c8 mode 2
Event: 2.674 Thread 0x000000000285d800 Uncommon trap: trap_request=0xffffffde fr.pc=0x0000000002e7463c
Event: 2.674 Thread 0x000000000285d800 DEOPT PACKING pc=0x0000000002e7463c sp=0x00000000027be750
Event: 2.674 Thread 0x000000000285d800 DEOPT UNPACKING pc=0x00000000029a556a sp=0x00000000027be6c8 mode 2


Dynamic libraries:
0x00007ff6d3260000 - 0x00007ff6d3294000 	C:\PROGRA~1\Java\JDK18~1.0_3\bin\java.exe
0x00007ffd9ad30000 - 0x00007ffd9aedc000 	C:\Windows\SYSTEM32\ntdll.dll
0x00007ffd99e70000 - 0x00007ffd99faa000 	C:\Windows\system32\KERNEL32.DLL
0x00007ffd98210000 - 0x00007ffd9831f000 	C:\Windows\system32\KERNELBASE.dll
0x00007ffd96cb0000 - 0x00007ffd96d38000 	C:\Windows\system32\apphelp.dll
0x00007ffd8af50000 - 0x00007ffd8af9f000 	C:\Windows\AppPatch\AppPatch64\AcGenral.DLL
0x00007ffd9a960000 - 0x00007ffd9aa07000 	C:\Windows\system32\msvcrt.dll
0x00007ffd97e80000 - 0x00007ffd97eab000 	C:\Windows\SYSTEM32\SspiCli.dll
0x00007ffd9a660000 - 0x00007ffd9a6b1000 	C:\Windows\system32\SHLWAPI.dll
0x00007ffd99c30000 - 0x00007ffd99da1000 	C:\Windows\system32\USER32.dll
0x00007ffd9a150000 - 0x00007ffd9a2c8000 	C:\Windows\system32\ole32.dll
0x00007ffd986e0000 - 0x00007ffd99aef000 	C:\Windows\system32\SHELL32.dll
0x00007ffd97690000 - 0x00007ffd976ae000 	C:\Windows\SYSTEM32\USERENV.dll
0x00007ffd9ac80000 - 0x00007ffd9ad25000 	C:\Windows\system32\ADVAPI32.dll
0x00007ffd91c50000 - 0x00007ffd91c6b000 	C:\Windows\SYSTEM32\MPR.dll
0x00007ffd99af0000 - 0x00007ffd99c27000 	C:\Windows\system32\RPCRT4.dll
0x00007ffd99fb0000 - 0x00007ffd9a007000 	C:\Windows\SYSTEM32\sechost.dll
0x00007ffd9a470000 - 0x00007ffd9a646000 	C:\Windows\SYSTEM32\combase.dll
0x00007ffd9aa10000 - 0x00007ffd9ab54000 	C:\Windows\system32\GDI32.dll
0x00007ffd980a0000 - 0x00007ffd980b4000 	C:\Windows\SYSTEM32\profapi.dll
0x00007ffd96720000 - 0x00007ffd967bf000 	C:\Windows\SYSTEM32\SHCORE.dll
0x00007ffd9a6c0000 - 0x00007ffd9a6f4000 	C:\Windows\system32\IMM32.DLL
0x00007ffd9a010000 - 0x00007ffd9a149000 	C:\Windows\system32\MSCTF.dll
0x00007ffd95ca0000 - 0x00007ffd95efa000 	C:\Windows\WinSxS\amd64_microsoft.windows.common-controls_6595b64144ccf1df_6.0.9600.17031_none_6242a4b3ecbb55a1\COMCTL32.dll
0x0000000071fd0000 - 0x00000000720a2000 	C:\PROGRA~1\Java\JDK18~1.0_3\jre\bin\msvcr100.dll
0x0000000072450000 - 0x0000000072caa000 	C:\PROGRA~1\Java\JDK18~1.0_3\jre\bin\server\jvm.dll
0x00007ffd91cb0000 - 0x00007ffd91cb9000 	C:\Windows\SYSTEM32\WSOCK32.dll
0x00007ffd8df70000 - 0x00007ffd8df8f000 	C:\Windows\SYSTEM32\WINMM.dll
0x00007ffd99db0000 - 0x00007ffd99db7000 	C:\Windows\system32\PSAPI.DLL
0x00007ffd9ac20000 - 0x00007ffd9ac78000 	C:\Windows\system32\WS2_32.dll
0x00007ffd8dbc0000 - 0x00007ffd8dbea000 	C:\Windows\SYSTEM32\WINMMBASE.dll
0x00007ffd9a710000 - 0x00007ffd9a719000 	C:\Windows\system32\NSI.dll
0x00007ffd981c0000 - 0x00007ffd9820a000 	C:\Windows\SYSTEM32\cfgmgr32.dll
0x00007ffd96f00000 - 0x00007ffd96f26000 	C:\Windows\SYSTEM32\DEVOBJ.dll
0x0000000072440000 - 0x000000007244f000 	C:\PROGRA~1\Java\JDK18~1.0_3\jre\bin\verify.dll
0x0000000072410000 - 0x0000000072438000 	C:\PROGRA~1\Java\JDK18~1.0_3\jre\bin\java.dll
0x00000000723f0000 - 0x0000000072406000 	C:\PROGRA~1\Java\JDK18~1.0_3\jre\bin\zip.dll
0x00007ffd7ad60000 - 0x00007ffd7aee8000 	C:\Windows\SYSTEM32\dbghelp.dll

VM Arguments:
jvm_args: -Xmx1024M -Xss1m -Djava.ext.dirs=C:\Users\srameezk\AppData\Local\Android\sdk\build-tools\21.1.0\lib 
java_command: C:\Users\srameezk\AppData\Local\Android\sdk\build-tools\21.1.0\lib\dx.jar --dex --output C:\Users\srameezk\Documents\GitHub\CodeNameJunk123\JunkCarTraderApp\app\build\intermediates\pre-dexed\debug\classes-780ea59190d64aa0570fb34eb84edcf07b051958.jar C:\Users\srameezk\Documents\GitHub\CodeNameJunk123\JunkCarTraderApp\app\build\intermediates\exploded-aar\com.android.support\support-v4\21.0.3\classes.jar
java_class_path (initial): C:\Users\srameezk\AppData\Local\Android\sdk\build-tools\21.1.0\lib\dx.jar
Launcher Type: SUN_STANDARD

Environment Variables:
JAVA_HOME=C:\Program Files\Java\jdk1.8.0_31
PATH=C:\ProgramData\Oracle\Java\javapath;C:\Windows\system32;C:\Windows;C:\Windows\System32\Wbem;C:\Windows\System32\WindowsPowerShell\v1.0\;C:\Program Files\Microsoft SQL Server\110\DTS\Binn\;C:\Program Files (x86)\Microsoft SQL Server\110\Tools\Binn\;C:\Program Files\Microsoft SQL Server\110\Tools\Binn\;C:\Program Files (x86)\Microsoft SQL Server\110\Tools\Binn\ManagementStudio\;C:\Program Files (x86)\Microsoft Visual Studio 10.0\Common7\IDE\PrivateAssemblies\;C:\Program Files (x86)\Microsoft SQL Server\110\DTS\Binn\;C:\Program Files (x86)\Windows Kits\8.1\Windows Performance Toolkit\;C:\Program Files (x86)\Microsoft SDKs\TypeScript\1.0\
USERNAME=srameezk
OS=Windows_NT
PROCESSOR_IDENTIFIER=Intel64 Family 6 Model 23 Stepping 10, GenuineIntel



---------------  S Y S T E M  ---------------

OS: Windows 8.1 , 64 bit Build 9600 

CPU:total 2 (2 cores per cpu, 1 threads per core) family 6 model 23 stepping 10, cmov, cx8, fxsr, mmx, sse, sse2, sse3, ssse3, sse4.1, tsc

Memory: 4k page, physical 4111664k(789584k free), swap 5574560k(5820k free)

vm_info: Java HotSpot(TM) 64-Bit Server VM (25.31-b07) for windows-amd64 JRE (1.8.0_31-b13), built on Dec 17 2014 21:00:28 by "java_re" with MS VC++ 10.0 (VS2010)

time: Mon Apr 06 16:08:26 2015
elapsed time: 3 seconds (0d 0h 0m 3s)

