#
# There is insufficient memory for the Java Runtime Environment to continue.
# Native memory allocation (malloc) failed to allocate 326736 bytes for Chunk::new
# Possible reasons:
#   The system is out of physical RAM or swap space
#   In 32 bit mode, the process size limit was hit
# Possible solutions:
#   Reduce memory load on the system
#   Increase physical memory or swap space
#   Check if swap backing store is full
#   Use 64 bit Java on a 64 bit OS
#   Decrease Java heap size (-Xmx/-Xms)
#   Decrease number of Java threads
#   Decrease Java thread stack sizes (-Xss)
#   Set larger code cache with -XX:ReservedCodeCacheSize=
# This output file may be truncated or incomplete.
#
#  Out of Memory Error (allocation.cpp:390), pid=5820, tid=6252
#
# JRE version: Java(TM) SE Runtime Environment (8.0_31-b13) (build 1.8.0_31-b13)
# Java VM: Java HotSpot(TM) 64-Bit Server VM (25.31-b07 mixed mode windows-amd64 compressed oops)
# Failed to write core dump. Minidumps are not enabled by default on client versions of Windows
#

---------------  T H R E A D  ---------------

Current thread (0x0000000014f89000):  JavaThread "C2 CompilerThread0" daemon [_thread_in_native, id=6252, stack(0x0000000015ec0000,0x0000000015fc0000)]

Stack: [0x0000000015ec0000,0x0000000015fc0000]
Native frames: (J=compiled Java code, j=interpreted, Vv=VM code, C=native code)
V  [jvm.dll+0x3169ba]


Current CompileTask:
C2:   2355 1359   !   4       com.android.dx.cf.code.BytecodeArray::parseInstruction (2764 bytes)


---------------  P R O C E S S  ---------------

Java Threads: ( => current thread )
  0x0000000014fd2800 JavaThread "Service Thread" daemon [_thread_blocked, id=3356, stack(0x00000000160c0000,0x00000000161c0000)]
  0x0000000014fd1800 JavaThread "C1 CompilerThread1" daemon [_thread_in_vm, id=8388, stack(0x0000000015fc0000,0x00000000160c0000)]
=>0x0000000014f89000 JavaThread "C2 CompilerThread0" daemon [_thread_in_native, id=6252, stack(0x0000000015ec0000,0x0000000015fc0000)]
  0x0000000014f88000 JavaThread "Attach Listener" daemon [_thread_blocked, id=6636, stack(0x0000000015dc0000,0x0000000015ec0000)]
  0x0000000014f84800 JavaThread "Signal Dispatcher" daemon [_thread_blocked, id=9344, stack(0x0000000015cc0000,0x0000000015dc0000)]
  0x0000000014f49800 JavaThread "Finalizer" daemon [_thread_blocked, id=4228, stack(0x0000000015bc0000,0x0000000015cc0000)]
  0x0000000014f41000 JavaThread "Reference Handler" daemon [_thread_blocked, id=7816, stack(0x0000000015ac0000,0x0000000015bc0000)]
  0x00000000029fd800 JavaThread "main" [_thread_in_Java, id=6148, stack(0x00000000028f0000,0x00000000029f0000)]

Other Threads:
  0x0000000014f3c800 VMThread [stack: 0x00000000159c0000,0x0000000015ac0000] [id=5704]
  0x0000000014fd4000 WatcherThread [stack: 0x00000000161c0000,0x00000000162c0000] [id=68]

VM state:not at safepoint (normal execution)

VM Mutex/Monitor currently owned by a thread:  ([mutex/lock_event])
[0x00000000029fbd70] CodeCache_lock - owner thread: 0x0000000000000000
[0x00000000029fcbc0] CompiledIC_lock - owner thread: 0x0000000014fd1800

Heap:
 PSYoungGen      total 18944K, used 12369K [0x00000000eab00000, 0x00000000ed000000, 0x0000000100000000)
  eden space 16384K, 60% used [0x00000000eab00000,0x00000000eb49b3b8,0x00000000ebb00000)
  from space 2560K, 98% used [0x00000000ebd80000,0x00000000ebff92a0,0x00000000ec000000)
  to   space 2560K, 0% used [0x00000000ebb00000,0x00000000ebb00000,0x00000000ebd80000)
 ParOldGen       total 44032K, used 3920K [0x00000000c0000000, 0x00000000c2b00000, 0x00000000eab00000)
  object space 44032K, 8% used [0x00000000c0000000,0x00000000c03d4298,0x00000000c2b00000)
 Metaspace       used 5688K, capacity 7024K, committed 7296K, reserved 1056768K
  class space    used 545K, capacity 616K, committed 640K, reserved 1048576K

Card table byte_map: [0x0000000011ec0000,0x00000000120d0000] byte_map_base: 0x00000000118c0000

Marking Bits: (ParMarkBitMap*) 0x0000000072c2d4f0
 Begin Bits: [0x0000000012430000, 0x0000000013430000)
 End Bits:   [0x0000000013430000, 0x0000000014430000)

Polling page: 0x0000000000fc0000

CodeCache: size=245760Kb used=5908Kb max_used=5909Kb free=239851Kb
 bounds [0x0000000002b00000, 0x00000000030d0000, 0x0000000011b00000]
 total_blobs=1673 nmethods=1413 adapters=174
 compilation: disabled (not enough contiguous free space left)

Compilation events (10 events):
Event: 2.130 Thread 0x0000000014fd1800 1414       1       com.android.dx.ssa.MoveParamCombiner$1::visitPhiInsn (1 bytes)
Event: 2.130 Thread 0x0000000014fd1800 nmethod 1414 0x00000000030b5990 code [0x00000000030b5ae0, 0x00000000030b5bf0]
Event: 2.130 Thread 0x0000000014fd1800 1415       3       com.android.dx.ssa.LiteralOpUpgrader::isConstIntZeroOrKnownNull (34 bytes)
Event: 2.131 Thread 0x0000000014fd1800 nmethod 1415 0x00000000030b51d0 code [0x00000000030b5360, 0x00000000030b5888]
Event: 2.131 Thread 0x0000000014fd1800 1416       3       com.android.dx.ssa.back.FirstFitLocalCombiningAllocator$Multiset::add (68 bytes)
Event: 2.132 Thread 0x0000000014fd1800 nmethod 1416 0x00000000030b4ad0 code [0x00000000030b4c60, 0x00000000030b4f50]
Event: 2.132 Thread 0x0000000014fd1800 1417       3       com.android.dx.ssa.PhiInsn::predBlockIndexForSourcesIndex (15 bytes)
Event: 2.132 Thread 0x0000000014fd1800 nmethod 1417 0x00000000030b9990 code [0x00000000030b9b40, 0x00000000030ba018]
Event: 2.136 Thread 0x0000000014fd1800 1419       3       com.android.dx.rop.code.InsnList::contentEquals (54 bytes)
Event: 2.136 Thread 0x0000000014fd1800 nmethod 1419 0x00000000030b89d0 code [0x00000000030b8ba0, 0x00000000030b9648]

GC Heap History (4 events):
Event: 1.179 GC heap before
{Heap before GC invocations=1 (full 0):
 PSYoungGen      total 18944K, used 16384K [0x00000000eab00000, 0x00000000ec000000, 0x0000000100000000)
  eden space 16384K, 100% used [0x00000000eab00000,0x00000000ebb00000,0x00000000ebb00000)
  from space 2560K, 0% used [0x00000000ebd80000,0x00000000ebd80000,0x00000000ec000000)
  to   space 2560K, 0% used [0x00000000ebb00000,0x00000000ebb00000,0x00000000ebd80000)
 ParOldGen       total 44032K, used 0K [0x00000000c0000000, 0x00000000c2b00000, 0x00000000eab00000)
  object space 44032K, 0% used [0x00000000c0000000,0x00000000c0000000,0x00000000c2b00000)
 Metaspace       used 5450K, capacity 6832K, committed 7040K, reserved 1056768K
  class space    used 538K, capacity 616K, committed 640K, reserved 1048576K
Event: 1.189 GC heap after
Heap after GC invocations=1 (full 0):
 PSYoungGen      total 18944K, used 2559K [0x00000000eab00000, 0x00000000ec000000, 0x0000000100000000)
  eden space 16384K, 0% used [0x00000000eab00000,0x00000000eab00000,0x00000000ebb00000)
  from space 2560K, 99% used [0x00000000ebb00000,0x00000000ebd7fd18,0x00000000ebd80000)
  to   space 2560K, 0% used [0x00000000ebd80000,0x00000000ebd80000,0x00000000ec000000)
 ParOldGen       total 44032K, used 1656K [0x00000000c0000000, 0x00000000c2b00000, 0x00000000eab00000)
  object space 44032K, 3% used [0x00000000c0000000,0x00000000c019e298,0x00000000c2b00000)
 Metaspace       used 5450K, capacity 6832K, committed 7040K, reserved 1056768K
  class space    used 538K, capacity 616K, committed 640K, reserved 1048576K
}
Event: 1.873 GC heap before
{Heap before GC invocations=2 (full 0):
 PSYoungGen      total 18944K, used 18943K [0x00000000eab00000, 0x00000000ec000000, 0x0000000100000000)
  eden space 16384K, 100% used [0x00000000eab00000,0x00000000ebb00000,0x00000000ebb00000)
  from space 2560K, 99% used [0x00000000ebb00000,0x00000000ebd7fd18,0x00000000ebd80000)
  to   space 2560K, 0% used [0x00000000ebd80000,0x00000000ebd80000,0x00000000ec000000)
 ParOldGen       total 44032K, used 1656K [0x00000000c0000000, 0x00000000c2b00000, 0x00000000eab00000)
  object space 44032K, 3% used [0x00000000c0000000,0x00000000c019e298,0x00000000c2b00000)
 Metaspace       used 5651K, capacity 7024K, committed 7296K, reserved 1056768K
  class space    used 542K, capacity 616K, committed 640K, reserved 1048576K
Event: 1.890 GC heap after
Heap after GC invocations=2 (full 0):
 PSYoungGen      total 18944K, used 2532K [0x00000000eab00000, 0x00000000ed000000, 0x0000000100000000)
  eden space 16384K, 0% used [0x00000000eab00000,0x00000000eab00000,0x00000000ebb00000)
  from space 2560K, 98% used [0x00000000ebd80000,0x00000000ebff92a0,0x00000000ec000000)
  to   space 2560K, 0% used [0x00000000ebb00000,0x00000000ebb00000,0x00000000ebd80000)
 ParOldGen       total 44032K, used 3920K [0x00000000c0000000, 0x00000000c2b00000, 0x00000000eab00000)
  object space 44032K, 8% used [0x00000000c0000000,0x00000000c03d4298,0x00000000c2b00000)
 Metaspace       used 5651K, capacity 7024K, committed 7296K, reserved 1056768K
  class space    used 542K, capacity 616K, committed 640K, reserved 1048576K
}

Deoptimization events (10 events):
Event: 1.868 Thread 0x00000000029fd800 Uncommon trap: reason=bimorphic action=maybe_recompile pc=0x0000000002d0e040 method=java.util.HashMap.getNode(ILjava/lang/Object;)Ljava/util/HashMap$Node; @ 126
Event: 1.868 Thread 0x00000000029fd800 Uncommon trap: reason=class_check action=maybe_recompile pc=0x00000000030075bc method=java.util.HashMap.putVal(ILjava/lang/Object;Ljava/lang/Object;ZZ)Ljava/lang/Object; @ 203
Event: 1.868 Thread 0x00000000029fd800 Uncommon trap: reason=bimorphic action=maybe_recompile pc=0x0000000002dcb85c method=java.util.HashMap.getNode(ILjava/lang/Object;)Ljava/util/HashMap$Node; @ 126
Event: 1.868 Thread 0x00000000029fd800 Uncommon trap: reason=bimorphic action=maybe_recompile pc=0x0000000002dcb85c method=java.util.HashMap.getNode(ILjava/lang/Object;)Ljava/util/HashMap$Node; @ 126
Event: 1.868 Thread 0x00000000029fd800 Uncommon trap: reason=bimorphic action=maybe_recompile pc=0x0000000002d0e040 method=java.util.HashMap.getNode(ILjava/lang/Object;)Ljava/util/HashMap$Node; @ 126
Event: 1.920 Thread 0x00000000029fd800 Uncommon trap: reason=class_check action=maybe_recompile pc=0x0000000002ea77dc method=com.android.dx.rop.type.Type.equals(Ljava/lang/Object;)Z @ 8
Event: 1.921 Thread 0x00000000029fd800 Uncommon trap: reason=class_check action=maybe_recompile pc=0x0000000002ea77dc method=com.android.dx.rop.type.Type.equals(Ljava/lang/Object;)Z @ 8
Event: 1.921 Thread 0x00000000029fd800 Uncommon trap: reason=class_check action=maybe_recompile pc=0x0000000002ea77dc method=com.android.dx.rop.type.Type.equals(Ljava/lang/Object;)Z @ 8
Event: 1.921 Thread 0x00000000029fd800 Uncommon trap: reason=class_check action=maybe_recompile pc=0x0000000002e53220 method=com.android.dx.rop.type.Type.equals(Ljava/lang/Object;)Z @ 8
Event: 1.926 Thread 0x00000000029fd800 Uncommon trap: reason=unreached action=reinterpret pc=0x0000000002ff34d8 method=com.android.dx.util.LabeledList.set(ILcom/android/dx/util/LabeledItem;)V @ 16

Internal exceptions (3 events):
Event: 0.036 Thread 0x00000000029fd800 Exception <a 'java/lang/NoSuchMethodError': Method sun.misc.Unsafe.defineClass(Ljava/lang/String;[BII)Ljava/lang/Class; name or signature does not match> (0x00000000eab0c9e8) thrown at [C:\workspace\8-2-build-windows-amd64-cygwin\jdk8u31\2394\hotspot\src\sÐ ?’®¢?
Event: 0.036 Thread 0x00000000029fd800 Exception <a 'java/lang/NoSuchMethodError': Method sun.misc.Unsafe.prefetchRead(Ljava/lang/Object;J)V name or signature does not match> (0x00000000eab0cc78) thrown at [C:\workspace\8-2-build-windows-amd64-cygwin\jdk8u31\2394\hotspot\src\share\vm\prims\jni.øGc;,×ý?
Event: 1.865 Thread 0x00000000029fd800 Implicit null exception at 0x0000000002fe16a2 to 0x0000000002fe1751

Events (10 events):
Event: 1.921 loading class java/util/HashMap$Values done
Event: 1.921 loading class java/util/HashMap$ValueIterator
Event: 1.921 loading class java/util/HashMap$ValueIterator done
Event: 1.926 Thread 0x00000000029fd800 Uncommon trap: trap_request=0xffffffad fr.pc=0x0000000002ff34d8
Event: 1.926 Thread 0x00000000029fd800 DEOPT PACKING pc=0x0000000002ff34d8 sp=0x00000000029eea90
Event: 1.926 Thread 0x00000000029fd800 DEOPT UNPACKING pc=0x0000000002b4556a sp=0x00000000029eea78 mode 2
Event: 1.929 loading class com/android/dx/cf/attrib/AttRuntimeInvisibleAnnotations
Event: 1.929 loading class com/android/dx/cf/attrib/AttRuntimeInvisibleAnnotations done
Event: 2.117 Thread 0x00000000029fd800 DEOPT PACKING pc=0x0000000002e03aa5 sp=0x00000000029eebe0
Event: 2.117 Thread 0x00000000029fd800 DEOPT UNPACKING pc=0x0000000002b471bf sp=0x00000000029ee978 mode 0


Dynamic libraries:
0x00007ff6d3260000 - 0x00007ff6d3294000 	C:\PROGRA~1\Java\JDK18~1.0_3\bin\java.exe
0x00007ffd9ad30000 - 0x00007ffd9aedc000 	C:\Windows\SYSTEM32\ntdll.dll
0x00007ffd99e70000 - 0x00007ffd99faa000 	C:\Windows\system32\KERNEL32.DLL
0x00007ffd98210000 - 0x00007ffd9831f000 	C:\Windows\system32\KERNELBASE.dll
0x00007ffd96cb0000 - 0x00007ffd96d38000 	C:\Windows\system32\apphelp.dll
0x00007ffd8af50000 - 0x00007ffd8af9f000 	C:\Windows\AppPatch\AppPatch64\AcGenral.DLL
0x00007ffd9a960000 - 0x00007ffd9aa07000 	C:\Windows\system32\msvcrt.dll
0x00007ffd97e80000 - 0x00007ffd97eab000 	C:\Windows\SYSTEM32\SspiCli.dll
0x00007ffd9a660000 - 0x00007ffd9a6b1000 	C:\Windows\system32\SHLWAPI.dll
0x00007ffd99c30000 - 0x00007ffd99da1000 	C:\Windows\system32\USER32.dll
0x00007ffd9a150000 - 0x00007ffd9a2c8000 	C:\Windows\system32\ole32.dll
0x00007ffd986e0000 - 0x00007ffd99aef000 	C:\Windows\system32\SHELL32.dll
0x00007ffd97690000 - 0x00007ffd976ae000 	C:\Windows\SYSTEM32\USERENV.dll
0x00007ffd9ac80000 - 0x00007ffd9ad25000 	C:\Windows\system32\ADVAPI32.dll
0x00007ffd91c50000 - 0x00007ffd91c6b000 	C:\Windows\SYSTEM32\MPR.dll
0x00007ffd99af0000 - 0x00007ffd99c27000 	C:\Windows\system32\RPCRT4.dll
0x00007ffd99fb0000 - 0x00007ffd9a007000 	C:\Windows\SYSTEM32\sechost.dll
0x00007ffd9a470000 - 0x00007ffd9a646000 	C:\Windows\SYSTEM32\combase.dll
0x00007ffd9aa10000 - 0x00007ffd9ab54000 	C:\Windows\system32\GDI32.dll
0x00007ffd980a0000 - 0x00007ffd980b4000 	C:\Windows\SYSTEM32\profapi.dll
0x00007ffd96720000 - 0x00007ffd967bf000 	C:\Windows\SYSTEM32\SHCORE.dll
0x00007ffd9a6c0000 - 0x00007ffd9a6f4000 	C:\Windows\system32\IMM32.DLL
0x00007ffd9a010000 - 0x00007ffd9a149000 	C:\Windows\system32\MSCTF.dll
0x00007ffd95ca0000 - 0x00007ffd95efa000 	C:\Windows\WinSxS\amd64_microsoft.windows.common-controls_6595b64144ccf1df_6.0.9600.17031_none_6242a4b3ecbb55a1\COMCTL32.dll
0x0000000071fd0000 - 0x00000000720a2000 	C:\PROGRA~1\Java\JDK18~1.0_3\jre\bin\msvcr100.dll
0x0000000072450000 - 0x0000000072caa000 	C:\PROGRA~1\Java\JDK18~1.0_3\jre\bin\server\jvm.dll
0x00007ffd91cb0000 - 0x00007ffd91cb9000 	C:\Windows\SYSTEM32\WSOCK32.dll
0x00007ffd8df70000 - 0x00007ffd8df8f000 	C:\Windows\SYSTEM32\WINMM.dll
0x00007ffd99db0000 - 0x00007ffd99db7000 	C:\Windows\system32\PSAPI.DLL
0x00007ffd9ac20000 - 0x00007ffd9ac78000 	C:\Windows\system32\WS2_32.dll
0x00007ffd8dbc0000 - 0x00007ffd8dbea000 	C:\Windows\SYSTEM32\WINMMBASE.dll
0x00007ffd9a710000 - 0x00007ffd9a719000 	C:\Windows\system32\NSI.dll
0x00007ffd981c0000 - 0x00007ffd9820a000 	C:\Windows\SYSTEM32\cfgmgr32.dll
0x00007ffd96f00000 - 0x00007ffd96f26000 	C:\Windows\SYSTEM32\DEVOBJ.dll
0x0000000072440000 - 0x000000007244f000 	C:\PROGRA~1\Java\JDK18~1.0_3\jre\bin\verify.dll
0x0000000072410000 - 0x0000000072438000 	C:\PROGRA~1\Java\JDK18~1.0_3\jre\bin\java.dll
0x00000000723f0000 - 0x0000000072406000 	C:\PROGRA~1\Java\JDK18~1.0_3\jre\bin\zip.dll

VM Arguments:
jvm_args: -Xmx1024M -Xss1m -Djava.ext.dirs=C:\Users\srameezk\AppData\Local\Android\sdk\build-tools\21.1.0\lib 
java_command: C:\Users\srameezk\AppData\Local\Android\sdk\build-tools\21.1.0\lib\dx.jar --dex --output C:\Users\srameezk\Documents\GitHub\CodeNameJunk123\JunkCarTraderApp\app\build\intermediates\pre-dexed\debug\classes-780ea59190d64aa0570fb34eb84edcf07b051958.jar C:\Users\srameezk\Documents\GitHub\CodeNameJunk123\JunkCarTraderApp\app\build\intermediates\exploded-aar\com.android.support\support-v4\21.0.3\classes.jar
java_class_path (initial): C:\Users\srameezk\AppData\Local\Android\sdk\build-tools\21.1.0\lib\dx.jar
Launcher Type: SUN_STANDARD

Environment Variables:
JAVA_HOME=C:\Program Files\Java\jdk1.8.0_31
PATH=C:\ProgramData\Oracle\Java\javapath;C:\Windows\system32;C:\Windows;C:\Windows\System32\Wbem;C:\Windows\System32\WindowsPowerShell\v1.0\;C:\Program Files\Microsoft SQL Server\110\DTS\Binn\;C:\Program Files (x86)\Microsoft SQL Server\110\Tools\Binn\;C:\Program Files\Microsoft SQL Server\110\Tools\Binn\;C:\Program Files (x86)\Microsoft SQL Server\110\Tools\Binn\ManagementStudio\;C:\Program Files (x86)\Microsoft Visual Studio 10.0\Common7\IDE\PrivateAssemblies\;C:\Program Files (x86)\Microsoft SQL Server\110\DTS\Binn\;C:\Program Files (x86)\Windows Kits\8.1\Windows Performance Toolkit\;C:\Program Files (x86)\Microsoft SDKs\TypeScript\1.0\
USERNAME=srameezk
OS=Windows_NT
PROCESSOR_IDENTIFIER=Intel64 Family 6 Model 23 Stepping 10, GenuineIntel



---------------  S Y S T E M  ---------------

OS: Windows 8.1 , 64 bit Build 9600 

CPU:total 2 (2 cores per cpu, 1 threads per core) family 6 model 23 stepping 10, cmov, cx8, fxsr, mmx, sse, sse2, sse3, ssse3, sse4.1, tsc

Memory: 4k page, physical 4111664k(778780k free), swap 5612696k(5060k free)

vm_info: Java HotSpot(TM) 64-Bit Server VM (25.31-b07) for windows-amd64 JRE (1.8.0_31-b13), built on Dec 17 2014 21:00:28 by "java_re" with MS VC++ 10.0 (VS2010)

time: Mon Apr 06 16:15:54 2015
elapsed time: 2 seconds (0d 0h 0m 2s)

