#
# There is insufficient memory for the Java Runtime Environment to continue.
# Native memory allocation (malloc) failed to allocate 229472 bytes for Chunk::new
# Possible reasons:
#   The system is out of physical RAM or swap space
#   In 32 bit mode, the process size limit was hit
# Possible solutions:
#   Reduce memory load on the system
#   Increase physical memory or swap space
#   Check if swap backing store is full
#   Use 64 bit Java on a 64 bit OS
#   Decrease Java heap size (-Xmx/-Xms)
#   Decrease number of Java threads
#   Decrease Java thread stack sizes (-Xss)
#   Set larger code cache with -XX:ReservedCodeCacheSize=
# This output file may be truncated or incomplete.
#
#  Out of Memory Error (allocation.cpp:390), pid=9996, tid=7368
#
# JRE version: Java(TM) SE Runtime Environment (8.0_31-b13) (build 1.8.0_31-b13)
# Java VM: Java HotSpot(TM) 64-Bit Server VM (25.31-b07 mixed mode windows-amd64 compressed oops)
# Failed to write core dump. Minidumps are not enabled by default on client versions of Windows
#

---------------  T H R E A D  ---------------

Current thread (0x0000000015029800):  JavaThread "C2 CompilerThread0" daemon [_thread_in_native, id=7368, stack(0x0000000015f70000,0x0000000016070000)]

Stack: [0x0000000015f70000,0x0000000016070000]
Native frames: (J=compiled Java code, j=interpreted, Vv=VM code, C=native code)
V  [jvm.dll+0x3169ba]
V  [jvm.dll+0x2674c3]
V  [jvm.dll+0x268103]
V  [jvm.dll+0x25f8f5]
V  [jvm.dll+0xbf025]
V  [jvm.dll+0xbf4cc]
V  [jvm.dll+0xbf774]
V  [jvm.dll+0xdd185]
V  [jvm.dll+0x496664]
V  [jvm.dll+0x4a82d8]
V  [jvm.dll+0x4a8b54]
V  [jvm.dll+0x4a9fea]
V  [jvm.dll+0x4aa39f]
V  [jvm.dll+0x4aa3b3]
V  [jvm.dll+0x4aa3b3]
V  [jvm.dll+0x4aa3b3]
V  [jvm.dll+0x4aa3b3]
V  [jvm.dll+0x4aa3b3]
V  [jvm.dll+0x4aa3b3]
V  [jvm.dll+0x4aa3b3]
V  [jvm.dll+0x4aa3b3]
V  [jvm.dll+0x4aa3b3]
V  [jvm.dll+0x4aa3b3]
V  [jvm.dll+0x4aa3b3]
V  [jvm.dll+0x4aa3b3]
V  [jvm.dll+0x4aa3b3]
V  [jvm.dll+0x49f771]
V  [jvm.dll+0x453401]
V  [jvm.dll+0x454124]
V  [jvm.dll+0x437c62]
V  [jvm.dll+0x988e2]
V  [jvm.dll+0x990d3]
V  [jvm.dll+0x22c194]
V  [jvm.dll+0x28576a]
C  [msvcr100.dll+0x21d9f]
C  [msvcr100.dll+0x21e3b]
C  [KERNEL32.DLL+0x16ad]
C  [ntdll.dll+0x6eb64]


Current CompileTask:
C2:   4008 1199       4       com.android.dx.ssa.SCCP::simulatePhi (169 bytes)


---------------  P R O C E S S  ---------------

Java Threads: ( => current thread )
  0x0000000015079000 JavaThread "Service Thread" daemon [_thread_blocked, id=1456, stack(0x0000000016170000,0x0000000016270000)]
  0x0000000015071800 JavaThread "C1 CompilerThread1" daemon [_thread_in_native, id=5992, stack(0x0000000016070000,0x0000000016170000)]
=>0x0000000015029800 JavaThread "C2 CompilerThread0" daemon [_thread_in_native, id=7368, stack(0x0000000015f70000,0x0000000016070000)]
  0x0000000015028000 JavaThread "Attach Listener" daemon [_thread_blocked, id=9808, stack(0x0000000015e70000,0x0000000015f70000)]
  0x0000000015024800 JavaThread "Signal Dispatcher" daemon [_thread_blocked, id=6192, stack(0x0000000015d70000,0x0000000015e70000)]
  0x0000000014fe9800 JavaThread "Finalizer" daemon [_thread_blocked, id=6104, stack(0x0000000015c70000,0x0000000015d70000)]
  0x0000000014fe1000 JavaThread "Reference Handler" daemon [_thread_blocked, id=3856, stack(0x0000000015b70000,0x0000000015c70000)]
  0x000000000106d800 JavaThread "main" [_thread_in_Java, id=7788, stack(0x00000000011b0000,0x00000000012b0000)]

Other Threads:
  0x0000000014fdc800 VMThread [stack: 0x0000000015a70000,0x0000000015b70000] [id=6700]
  0x000000001507a800 WatcherThread [stack: 0x0000000016270000,0x0000000016370000] [id=9760]

VM state:not at safepoint (normal execution)

VM Mutex/Monitor currently owned by a thread: None

Heap:
 PSYoungGen      total 18944K, used 15972K [0x00000000eab00000, 0x00000000ec000000, 0x0000000100000000)
  eden space 16384K, 81% used [0x00000000eab00000,0x00000000eb81cf60,0x00000000ebb00000)
  from space 2560K, 99% used [0x00000000ebd80000,0x00000000ebffc480,0x00000000ec000000)
  to   space 2560K, 0% used [0x00000000ebb00000,0x00000000ebb00000,0x00000000ebd80000)
 ParOldGen       total 44032K, used 13607K [0x00000000c0000000, 0x00000000c2b00000, 0x00000000eab00000)
  object space 44032K, 30% used [0x00000000c0000000,0x00000000c0d49ca8,0x00000000c2b00000)
 Metaspace       used 5701K, capacity 6960K, committed 7040K, reserved 1056768K
  class space    used 565K, capacity 616K, committed 640K, reserved 1048576K

Card table byte_map: [0x0000000011f60000,0x0000000012170000] byte_map_base: 0x0000000011960000

Marking Bits: (ParMarkBitMap*) 0x0000000072c2d4f0
 Begin Bits: [0x00000000124d0000, 0x00000000134d0000)
 End Bits:   [0x00000000134d0000, 0x00000000144d0000)

Polling page: 0x00000000012b0000

CodeCache: size=245760Kb used=5117Kb max_used=5117Kb free=240642Kb
 bounds [0x0000000002ba0000, 0x00000000030b0000, 0x0000000011ba0000]
 total_blobs=1498 nmethods=1239 adapters=174
 compilation: enabled

Compilation events (10 events):
Event: 2.659 Thread 0x0000000015071800 1227   !   3       com.android.dx.cf.code.ExecutionStack::merge (31 bytes)
Event: 2.659 Thread 0x0000000015071800 nmethod 1227 0x0000000003099b10 code [0x0000000003099cc0, 0x000000000309a168]
Event: 2.659 Thread 0x0000000015071800 1228       3       com.android.dx.cf.code.Frame::mergeSubroutineLists (90 bytes)
Event: 2.660 Thread 0x0000000015071800 nmethod 1228 0x000000000309a2d0 code [0x000000000309a4a0, 0x000000000309ad88]
Event: 2.660 Thread 0x0000000015071800 1229       3       com.android.dx.cf.code.Frame::adjustLocalsForSubroutines (28 bytes)
Event: 2.660 Thread 0x0000000015071800 nmethod 1229 0x000000000309b090 code [0x000000000309b220, 0x000000000309b728]
Event: 2.663 Thread 0x0000000015071800 1231       3       com.android.dx.ssa.NormalSsaInsn::canThrow (8 bytes)
Event: 2.664 Thread 0x0000000015071800 nmethod 1231 0x000000000309b850 code [0x000000000309b9e0, 0x000000000309be28]
Event: 2.665 Thread 0x0000000015071800 1232       3       com.android.dx.rop.cst.TypedConstant::getBasicFrameType (8 bytes)
Event: 2.666 Thread 0x0000000015071800 nmethod 1232 0x000000000309bfd0 code [0x000000000309c140, 0x000000000309c418]

GC Heap History (2 events):
Event: 1.792 GC heap before
{Heap before GC invocations=1 (full 0):
 PSYoungGen      total 18944K, used 16384K [0x00000000eab00000, 0x00000000ec000000, 0x0000000100000000)
  eden space 16384K, 100% used [0x00000000eab00000,0x00000000ebb00000,0x00000000ebb00000)
  from space 2560K, 0% used [0x00000000ebd80000,0x00000000ebd80000,0x00000000ec000000)
  to   space 2560K, 0% used [0x00000000ebb00000,0x00000000ebb00000,0x00000000ebd80000)
 ParOldGen       total 44032K, used 0K [0x00000000c0000000, 0x00000000c2b00000, 0x00000000eab00000)
  object space 44032K, 0% used [0x00000000c0000000,0x00000000c0000000,0x00000000c2b00000)
 Metaspace       used 5384K, capacity 6768K, committed 7040K, reserved 1056768K
  class space    used 538K, capacity 616K, committed 640K, reserved 1048576K
Event: 1.861 GC heap after
Heap after GC invocations=1 (full 0):
 PSYoungGen      total 18944K, used 2551K [0x00000000eab00000, 0x00000000ec000000, 0x0000000100000000)
  eden space 16384K, 0% used [0x00000000eab00000,0x00000000eab00000,0x00000000ebb00000)
  from space 2560K, 99% used [0x00000000ebb00000,0x00000000ebd7dc78,0x00000000ebd80000)
  to   space 2560K, 0% used [0x00000000ebd80000,0x00000000ebd80000,0x00000000ec000000)
 ParOldGen       total 44032K, used 1420K [0x00000000c0000000, 0x00000000c2b00000, 0x00000000eab00000)
  object space 44032K, 3% used [0x00000000c0000000,0x00000000c0163100,0x00000000c2b00000)
 Metaspace       used 5384K, capacity 6768K, committed 7040K, reserved 1056768K
  class space    used 538K, capacity 616K, committed 640K, reserved 1048576K
}

Deoptimization events (10 events):
Event: 1.570 Thread 0x000000000106d800 Uncommon trap: reason=bimorphic action=maybe_recompile pc=0x0000000002edd270 method=com.android.dx.rop.code.RegisterSpec.getCategory()I @ 4
Event: 1.640 Thread 0x000000000106d800 Uncommon trap: reason=bimorphic action=maybe_recompile pc=0x0000000002eef50c method=com.android.dx.rop.code.RegisterSpec.equals(ILcom/android/dx/rop/type/TypeBearer;Lcom/android/dx/rop/code/LocalItem;)Z @ 13
Event: 1.643 Thread 0x000000000106d800 Uncommon trap: reason=bimorphic action=maybe_recompile pc=0x0000000002edd270 method=com.android.dx.rop.code.RegisterSpec.getCategory()I @ 4
Event: 1.668 Thread 0x000000000106d800 Uncommon trap: reason=class_check action=maybe_recompile pc=0x0000000002f5e514 method=java.util.Collections$UnmodifiableCollection$1.hasNext()Z @ 4
Event: 1.668 Thread 0x000000000106d800 Uncommon trap: reason=class_check action=maybe_recompile pc=0x0000000002f5e514 method=java.util.Collections$UnmodifiableCollection$1.hasNext()Z @ 4
Event: 1.669 Thread 0x000000000106d800 Uncommon trap: reason=class_check action=maybe_recompile pc=0x0000000002f5e514 method=java.util.Collections$UnmodifiableCollection$1.hasNext()Z @ 4
Event: 1.669 Thread 0x000000000106d800 Uncommon trap: reason=class_check action=maybe_recompile pc=0x0000000002f5e514 method=java.util.Collections$UnmodifiableCollection$1.hasNext()Z @ 4
Event: 2.175 Thread 0x000000000106d800 Uncommon trap: reason=bimorphic action=maybe_recompile pc=0x0000000002db8440 method=java.util.HashMap.getNode(ILjava/lang/Object;)Ljava/util/HashMap$Node; @ 126
Event: 2.175 Thread 0x000000000106d800 Uncommon trap: reason=bimorphic action=maybe_recompile pc=0x0000000002f64860 method=java.util.HashMap.getNode(ILjava/lang/Object;)Ljava/util/HashMap$Node; @ 126
Event: 2.178 Thread 0x000000000106d800 Uncommon trap: reason=bimorphic action=maybe_recompile pc=0x0000000002db8440 method=java.util.HashMap.getNode(ILjava/lang/Object;)Ljava/util/HashMap$Node; @ 126

Internal exceptions (2 events):
Event: 0.034 Thread 0x000000000106d800 Exception <a 'java/lang/NoSuchMethodError': Method sun.misc.Unsafe.defineClass(Ljava/lang/String;[BII)Ljava/lang/Class; name or signature does not match> (0x00000000eab0c690) thrown at [C:\workspace\8-2-build-windows-amd64-cygwin\jdk8u31\2394\hotspot\src\sl√,?°?
Event: 0.034 Thread 0x000000000106d800 Exception <a 'java/lang/NoSuchMethodError': Method sun.misc.Unsafe.prefetchRead(Ljava/lang/Object;J)V name or signature does not match> (0x00000000eab0c920) thrown at [C:\workspace\8-2-build-windows-amd64-cygwin\jdk8u31\2394\hotspot\src\share\vm\prims\jni.

Events (10 events):
Event: 2.175 Thread 0x000000000106d800 DEOPT UNPACKING pc=0x0000000002be556a sp=0x00000000012ae5e8 mode 2
Event: 2.178 Thread 0x000000000106d800 Uncommon trap: trap_request=0xffffffc6 fr.pc=0x0000000002db8440
Event: 2.178 Thread 0x000000000106d800 DEOPT PACKING pc=0x0000000002db8440 sp=0x00000000012ae6b0
Event: 2.178 Thread 0x000000000106d800 DEOPT UNPACKING pc=0x0000000002be556a sp=0x00000000012ae620 mode 2
Event: 2.183 loading class com/android/dx/cf/code/Ropper$ExceptionHandlerSetup
Event: 2.183 loading class com/android/dx/cf/code/Ropper$ExceptionHandlerSetup done
Event: 2.190 loading class java/util/HashMap$Values
Event: 2.190 loading class java/util/HashMap$Values done
Event: 2.191 loading class java/util/HashMap$ValueIterator
Event: 2.191 loading class java/util/HashMap$ValueIterator done


Dynamic libraries:
0x00007ff6d3260000 - 0x00007ff6d3294000 	C:\PROGRA~1\Java\JDK18~1.0_3\bin\java.exe
0x00007ffd9ad30000 - 0x00007ffd9aedc000 	C:\Windows\SYSTEM32\ntdll.dll
0x00007ffd99e70000 - 0x00007ffd99faa000 	C:\Windows\system32\KERNEL32.DLL
0x00007ffd98210000 - 0x00007ffd9831f000 	C:\Windows\system32\KERNELBASE.dll
0x00007ffd96cb0000 - 0x00007ffd96d38000 	C:\Windows\system32\apphelp.dll
0x00007ffd8af50000 - 0x00007ffd8af9f000 	C:\Windows\AppPatch\AppPatch64\AcGenral.DLL
0x00007ffd9a960000 - 0x00007ffd9aa07000 	C:\Windows\system32\msvcrt.dll
0x00007ffd97e80000 - 0x00007ffd97eab000 	C:\Windows\SYSTEM32\SspiCli.dll
0x00007ffd9a660000 - 0x00007ffd9a6b1000 	C:\Windows\system32\SHLWAPI.dll
0x00007ffd99c30000 - 0x00007ffd99da1000 	C:\Windows\system32\USER32.dll
0x00007ffd9a150000 - 0x00007ffd9a2c8000 	C:\Windows\system32\ole32.dll
0x00007ffd986e0000 - 0x00007ffd99aef000 	C:\Windows\system32\SHELL32.dll
0x00007ffd97690000 - 0x00007ffd976ae000 	C:\Windows\SYSTEM32\USERENV.dll
0x00007ffd9ac80000 - 0x00007ffd9ad25000 	C:\Windows\system32\ADVAPI32.dll
0x00007ffd91c50000 - 0x00007ffd91c6b000 	C:\Windows\SYSTEM32\MPR.dll
0x00007ffd99af0000 - 0x00007ffd99c27000 	C:\Windows\system32\RPCRT4.dll
0x00007ffd99fb0000 - 0x00007ffd9a007000 	C:\Windows\SYSTEM32\sechost.dll
0x00007ffd9a470000 - 0x00007ffd9a646000 	C:\Windows\SYSTEM32\combase.dll
0x00007ffd9aa10000 - 0x00007ffd9ab54000 	C:\Windows\system32\GDI32.dll
0x00007ffd980a0000 - 0x00007ffd980b4000 	C:\Windows\SYSTEM32\profapi.dll
0x00007ffd96720000 - 0x00007ffd967bf000 	C:\Windows\SYSTEM32\SHCORE.dll
0x00007ffd9a6c0000 - 0x00007ffd9a6f4000 	C:\Windows\system32\IMM32.DLL
0x00007ffd9a010000 - 0x00007ffd9a149000 	C:\Windows\system32\MSCTF.dll
0x00007ffd95ca0000 - 0x00007ffd95efa000 	C:\Windows\WinSxS\amd64_microsoft.windows.common-controls_6595b64144ccf1df_6.0.9600.17031_none_6242a4b3ecbb55a1\COMCTL32.dll
0x0000000071fd0000 - 0x00000000720a2000 	C:\PROGRA~1\Java\JDK18~1.0_3\jre\bin\msvcr100.dll
0x0000000072450000 - 0x0000000072caa000 	C:\PROGRA~1\Java\JDK18~1.0_3\jre\bin\server\jvm.dll
0x00007ffd91cb0000 - 0x00007ffd91cb9000 	C:\Windows\SYSTEM32\WSOCK32.dll
0x00007ffd8df70000 - 0x00007ffd8df8f000 	C:\Windows\SYSTEM32\WINMM.dll
0x00007ffd99db0000 - 0x00007ffd99db7000 	C:\Windows\system32\PSAPI.DLL
0x00007ffd9ac20000 - 0x00007ffd9ac78000 	C:\Windows\system32\WS2_32.dll
0x00007ffd8dbc0000 - 0x00007ffd8dbea000 	C:\Windows\SYSTEM32\WINMMBASE.dll
0x00007ffd9a710000 - 0x00007ffd9a719000 	C:\Windows\system32\NSI.dll
0x00007ffd981c0000 - 0x00007ffd9820a000 	C:\Windows\SYSTEM32\cfgmgr32.dll
0x00007ffd96f00000 - 0x00007ffd96f26000 	C:\Windows\SYSTEM32\DEVOBJ.dll
0x0000000072440000 - 0x000000007244f000 	C:\PROGRA~1\Java\JDK18~1.0_3\jre\bin\verify.dll
0x0000000072410000 - 0x0000000072438000 	C:\PROGRA~1\Java\JDK18~1.0_3\jre\bin\java.dll
0x00000000723f0000 - 0x0000000072406000 	C:\PROGRA~1\Java\JDK18~1.0_3\jre\bin\zip.dll
0x00007ffd7ad60000 - 0x00007ffd7aee8000 	C:\Windows\SYSTEM32\dbghelp.dll

VM Arguments:
jvm_args: -Xmx1024M -Xss1m -Djava.ext.dirs=C:\Users\srameezk\AppData\Local\Android\sdk\build-tools\21.1.0\lib 
java_command: C:\Users\srameezk\AppData\Local\Android\sdk\build-tools\21.1.0\lib\dx.jar --dex --output C:\Users\srameezk\Documents\GitHub\CodeNameJunk123\JunkCarTraderApp\app\build\intermediates\pre-dexed\debug\classes-a60a345c9757ec0c2b72e116a273c00e7b0e0ccf.jar C:\Users\srameezk\Documents\GitHub\CodeNameJunk123\JunkCarTraderApp\app\build\intermediates\exploded-aar\com.android.support\appcompat-v7\21.0.3\classes.jar
java_class_path (initial): C:\Users\srameezk\AppData\Local\Android\sdk\build-tools\21.1.0\lib\dx.jar
Launcher Type: SUN_STANDARD

Environment Variables:
JAVA_HOME=C:\Program Files\Java\jdk1.8.0_31
PATH=C:\ProgramData\Oracle\Java\javapath;C:\Windows\system32;C:\Windows;C:\Windows\System32\Wbem;C:\Windows\System32\WindowsPowerShell\v1.0\;C:\Program Files\Microsoft SQL Server\110\DTS\Binn\;C:\Program Files (x86)\Microsoft SQL Server\110\Tools\Binn\;C:\Program Files\Microsoft SQL Server\110\Tools\Binn\;C:\Program Files (x86)\Microsoft SQL Server\110\Tools\Binn\ManagementStudio\;C:\Program Files (x86)\Microsoft Visual Studio 10.0\Common7\IDE\PrivateAssemblies\;C:\Program Files (x86)\Microsoft SQL Server\110\DTS\Binn\;C:\Program Files (x86)\Windows Kits\8.1\Windows Performance Toolkit\;C:\Program Files (x86)\Microsoft SDKs\TypeScript\1.0\
USERNAME=srameezk
OS=Windows_NT
PROCESSOR_IDENTIFIER=Intel64 Family 6 Model 23 Stepping 10, GenuineIntel



---------------  S Y S T E M  ---------------

OS: Windows 8.1 , 64 bit Build 9600 

CPU:total 2 (2 cores per cpu, 1 threads per core) family 6 model 23 stepping 10, cmov, cx8, fxsr, mmx, sse, sse2, sse3, ssse3, sse4.1, tsc

Memory: 4k page, physical 4111664k(811660k free), swap 5574560k(19772k free)

vm_info: Java HotSpot(TM) 64-Bit Server VM (25.31-b07) for windows-amd64 JRE (1.8.0_31-b13), built on Dec 17 2014 21:00:28 by "java_re" with MS VC++ 10.0 (VS2010)

time: Mon Apr 06 16:08:27 2015
elapsed time: 4 seconds (0d 0h 0m 4s)

