#
# There is insufficient memory for the Java Runtime Environment to continue.
# Native memory allocation (malloc) failed to allocate 966096 bytes for Chunk::new
# Possible reasons:
#   The system is out of physical RAM or swap space
#   In 32 bit mode, the process size limit was hit
# Possible solutions:
#   Reduce memory load on the system
#   Increase physical memory or swap space
#   Check if swap backing store is full
#   Use 64 bit Java on a 64 bit OS
#   Decrease Java heap size (-Xmx/-Xms)
#   Decrease number of Java threads
#   Decrease Java thread stack sizes (-Xss)
#   Set larger code cache with -XX:ReservedCodeCacheSize=
# This output file may be truncated or incomplete.
#
#  Out of Memory Error (allocation.cpp:390), pid=7460, tid=9652
#
# JRE version: Java(TM) SE Runtime Environment (8.0_31-b13) (build 1.8.0_31-b13)
# Java VM: Java HotSpot(TM) 64-Bit Server VM (25.31-b07 mixed mode windows-amd64 compressed oops)
# Failed to write core dump. Minidumps are not enabled by default on client versions of Windows
#

---------------  T H R E A D  ---------------

Current thread (0x0000000014e79000):  JavaThread "C2 CompilerThread0" daemon [_thread_in_native, id=9652, stack(0x0000000015dc0000,0x0000000015ec0000)]

Stack: [0x0000000015dc0000,0x0000000015ec0000]
Native frames: (J=compiled Java code, j=interpreted, Vv=VM code, C=native code)
V  [jvm.dll+0x3169ba]


Current CompileTask:
C2:   2209 1134       4       com.android.dx.ssa.SCCP::simulateStmt (481 bytes)


---------------  P R O C E S S  ---------------

Java Threads: ( => current thread )
  0x0000000014ec9000 JavaThread "Service Thread" daemon [_thread_blocked, id=5648, stack(0x0000000015fc0000,0x00000000160c0000)]
  0x0000000014ec1000 JavaThread "C1 CompilerThread1" daemon [_thread_blocked, id=6696, stack(0x0000000015ec0000,0x0000000015fc0000)]
=>0x0000000014e79000 JavaThread "C2 CompilerThread0" daemon [_thread_in_native, id=9652, stack(0x0000000015dc0000,0x0000000015ec0000)]
  0x0000000014e78000 JavaThread "Attach Listener" daemon [_thread_blocked, id=9212, stack(0x0000000015cc0000,0x0000000015dc0000)]
  0x0000000014e74800 JavaThread "Signal Dispatcher" daemon [_thread_blocked, id=9716, stack(0x0000000015bc0000,0x0000000015cc0000)]
  0x0000000014e39800 JavaThread "Finalizer" daemon [_thread_blocked, id=6416, stack(0x0000000015ac0000,0x0000000015bc0000)]
  0x0000000014e31000 JavaThread "Reference Handler" daemon [_thread_blocked, id=3208, stack(0x00000000159c0000,0x0000000015ac0000)]
  0x00000000027ed800 JavaThread "main" [_thread_in_vm, id=9088, stack(0x00000000027f0000,0x00000000028f0000)]

Other Threads:
  0x0000000014e2c800 VMThread [stack: 0x00000000158c0000,0x00000000159c0000] [id=6044]
  0x0000000014eca800 WatcherThread [stack: 0x00000000160c0000,0x00000000161c0000] [id=10004]

VM state:not at safepoint (normal execution)

VM Mutex/Monitor currently owned by a thread: None

Heap:
 PSYoungGen      total 18944K, used 5633K [0x00000000eab00000, 0x00000000ec000000, 0x0000000100000000)
  eden space 16384K, 18% used [0x00000000eab00000,0x00000000eae02840,0x00000000ebb00000)
  from space 2560K, 99% used [0x00000000ebb00000,0x00000000ebd7dc78,0x00000000ebd80000)
  to   space 2560K, 0% used [0x00000000ebd80000,0x00000000ebd80000,0x00000000ec000000)
 ParOldGen       total 44032K, used 1410K [0x00000000c0000000, 0x00000000c2b00000, 0x00000000eab00000)
  object space 44032K, 3% used [0x00000000c0000000,0x00000000c0160a78,0x00000000c2b00000)
 Metaspace       used 5479K, capacity 6896K, committed 7040K, reserved 1056768K
  class space    used 539K, capacity 616K, committed 640K, reserved 1048576K

Card table byte_map: [0x0000000011db0000,0x0000000011fc0000] byte_map_base: 0x00000000117b0000

Marking Bits: (ParMarkBitMap*) 0x0000000072c2d4f0
 Begin Bits: [0x0000000012320000, 0x0000000013320000)
 End Bits:   [0x0000000013320000, 0x0000000014320000)

Polling page: 0x0000000000d10000

CodeCache: size=245760Kb used=4715Kb max_used=4723Kb free=241044Kb
 bounds [0x00000000029f0000, 0x0000000002ea0000, 0x00000000119f0000]
 total_blobs=1392 nmethods=1133 adapters=174
 compilation: enabled

Compilation events (10 events):
Event: 2.076 Thread 0x0000000014ec1000 nmethod 1129 0x0000000002e74410 code [0x0000000002e74640, 0x0000000002e751d8]
Event: 2.076 Thread 0x0000000014ec1000 1130       3       com.android.dx.rop.cst.CstBaseMethodRef::isClassInit (8 bytes)
Event: 2.076 Thread 0x0000000014ec1000 nmethod 1130 0x0000000002e73d10 code [0x0000000002e73e80, 0x0000000002e742a8]
Event: 2.076 Thread 0x0000000014e79000 1131       4       com.android.dx.ssa.SsaMethod::deleteInsns (239 bytes)
Event: 2.098 Thread 0x0000000014e79000 nmethod 1131 0x0000000002e8e7d0 code [0x0000000002e8ea00, 0x0000000002e8f870]
Event: 2.102 Thread 0x0000000014ec1000 1132       3       com.android.dx.cf.code.ConcreteMethod::makeSourcePosistion (21 bytes)
Event: 2.102 Thread 0x0000000014ec1000 nmethod 1132 0x0000000002e737d0 code [0x0000000002e73940, 0x0000000002e73bf8]
Event: 2.102 Thread 0x0000000014ec1000 1133       3       com.android.dx.util.LabeledList::<init> (57 bytes)
Event: 2.103 Thread 0x0000000014ec1000 nmethod 1133 0x0000000002e8d210 code [0x0000000002e8d420, 0x0000000002e8e078]
Event: 2.103 Thread 0x0000000014e79000 1134       4       com.android.dx.ssa.SCCP::simulateStmt (481 bytes)

GC Heap History (2 events):
Event: 1.786 GC heap before
{Heap before GC invocations=1 (full 0):
 PSYoungGen      total 18944K, used 16384K [0x00000000eab00000, 0x00000000ec000000, 0x0000000100000000)
  eden space 16384K, 100% used [0x00000000eab00000,0x00000000ebb00000,0x00000000ebb00000)
  from space 2560K, 0% used [0x00000000ebd80000,0x00000000ebd80000,0x00000000ec000000)
  to   space 2560K, 0% used [0x00000000ebb00000,0x00000000ebb00000,0x00000000ebd80000)
 ParOldGen       total 44032K, used 0K [0x00000000c0000000, 0x00000000c2b00000, 0x00000000eab00000)
  object space 44032K, 0% used [0x00000000c0000000,0x00000000c0000000,0x00000000c2b00000)
 Metaspace       used 5351K, capacity 6768K, committed 7040K, reserved 1056768K
  class space    used 539K, capacity 616K, committed 640K, reserved 1048576K
Event: 1.850 GC heap after
Heap after GC invocations=1 (full 0):
 PSYoungGen      total 18944K, used 2551K [0x00000000eab00000, 0x00000000ec000000, 0x0000000100000000)
  eden space 16384K, 0% used [0x00000000eab00000,0x00000000eab00000,0x00000000ebb00000)
  from space 2560K, 99% used [0x00000000ebb00000,0x00000000ebd7dc78,0x00000000ebd80000)
  to   space 2560K, 0% used [0x00000000ebd80000,0x00000000ebd80000,0x00000000ec000000)
 ParOldGen       total 44032K, used 1410K [0x00000000c0000000, 0x00000000c2b00000, 0x00000000eab00000)
  object space 44032K, 3% used [0x00000000c0000000,0x00000000c0160a78,0x00000000c2b00000)
 Metaspace       used 5351K, capacity 6768K, committed 7040K, reserved 1056768K
  class space    used 539K, capacity 616K, committed 640K, reserved 1048576K
}

Deoptimization events (10 events):
Event: 1.359 Thread 0x00000000027ed800 Uncommon trap: reason=bimorphic action=maybe_recompile pc=0x0000000002d287f0 method=com.android.dx.rop.code.RegisterSpec.getCategory()I @ 4
Event: 1.359 Thread 0x00000000027ed800 Uncommon trap: reason=bimorphic action=maybe_recompile pc=0x0000000002d3670c method=com.android.dx.rop.code.RegisterSpec.equals(ILcom/android/dx/rop/type/TypeBearer;Lcom/android/dx/rop/code/LocalItem;)Z @ 13
Event: 1.359 Thread 0x00000000027ed800 Uncommon trap: reason=bimorphic action=maybe_recompile pc=0x0000000002d3670c method=com.android.dx.rop.code.RegisterSpec.equals(ILcom/android/dx/rop/type/TypeBearer;Lcom/android/dx/rop/code/LocalItem;)Z @ 13
Event: 1.464 Thread 0x00000000027ed800 Uncommon trap: reason=bimorphic action=maybe_recompile pc=0x0000000002d287f0 method=com.android.dx.rop.code.RegisterSpec.getCategory()I @ 4
Event: 1.464 Thread 0x00000000027ed800 Uncommon trap: reason=bimorphic action=maybe_recompile pc=0x0000000002d287f0 method=com.android.dx.rop.code.RegisterSpec.getCategory()I @ 4
Event: 1.550 Thread 0x00000000027ed800 Uncommon trap: reason=bimorphic action=maybe_recompile pc=0x0000000002d287f0 method=com.android.dx.rop.code.RegisterSpec.getCategory()I @ 4
Event: 1.598 Thread 0x00000000027ed800 Uncommon trap: reason=class_check action=maybe_recompile pc=0x0000000002dbd314 method=java.util.Collections$UnmodifiableCollection$1.hasNext()Z @ 4
Event: 1.598 Thread 0x00000000027ed800 Uncommon trap: reason=class_check action=maybe_recompile pc=0x0000000002dbd314 method=java.util.Collections$UnmodifiableCollection$1.hasNext()Z @ 4
Event: 1.598 Thread 0x00000000027ed800 Uncommon trap: reason=class_check action=maybe_recompile pc=0x0000000002dbd314 method=java.util.Collections$UnmodifiableCollection$1.hasNext()Z @ 4
Event: 1.598 Thread 0x00000000027ed800 Uncommon trap: reason=class_check action=maybe_recompile pc=0x0000000002dbd314 method=java.util.Collections$UnmodifiableCollection$1.hasNext()Z @ 4

Internal exceptions (2 events):
Event: 0.041 Thread 0x00000000027ed800 Exception <a 'java/lang/NoSuchMethodError': Method sun.misc.Unsafe.defineClass(Ljava/lang/String;[BII)Ljava/lang/Class; name or signature does not match> (0x00000000eab0c880) thrown at [C:\workspace\8-2-build-windows-amd64-cygwin\jdk8u31\2394\hotspot\src\sf‰Ÿ¥ý¤?
Event: 0.041 Thread 0x00000000027ed800 Exception <a 'java/lang/NoSuchMethodError': Method sun.misc.Unsafe.prefetchRead(Ljava/lang/Object;J)V name or signature does not match> (0x00000000eab0cb10) thrown at [C:\workspace\8-2-build-windows-amd64-cygwin\jdk8u31\2394\hotspot\src\share\vm\prims\jni.

Events (10 events):
Event: 1.598 Thread 0x00000000027ed800 DEOPT UNPACKING pc=0x0000000002a3556a sp=0x00000000028ee598 mode 2
Event: 1.598 Thread 0x00000000027ed800 Uncommon trap: trap_request=0xffffffde fr.pc=0x0000000002dbd314
Event: 1.598 Thread 0x00000000027ed800 DEOPT PACKING pc=0x0000000002dbd314 sp=0x00000000028ee760
Event: 1.598 Thread 0x00000000027ed800 DEOPT UNPACKING pc=0x0000000002a3556a sp=0x00000000028ee6f8 mode 2
Event: 1.605 loading class com/android/dx/cf/code/BytecodeArray$ConstantParserVisitor
Event: 1.605 loading class com/android/dx/cf/code/BytecodeArray$ConstantParserVisitor done
Event: 1.786 Executing VM operation: ParallelGCFailedAllocation
Event: 1.850 Executing VM operation: ParallelGCFailedAllocation done
Event: 1.884 loading class com/android/dx/dex/file/FieldAnnotationStruct
Event: 1.884 loading class com/android/dx/dex/file/FieldAnnotationStruct done


Dynamic libraries:
0x00007ff6d3260000 - 0x00007ff6d3294000 	C:\PROGRA~1\Java\JDK18~1.0_3\bin\java.exe
0x00007ffd9ad30000 - 0x00007ffd9aedc000 	C:\Windows\SYSTEM32\ntdll.dll
0x00007ffd99e70000 - 0x00007ffd99faa000 	C:\Windows\system32\KERNEL32.DLL
0x00007ffd98210000 - 0x00007ffd9831f000 	C:\Windows\system32\KERNELBASE.dll
0x00007ffd96cb0000 - 0x00007ffd96d38000 	C:\Windows\system32\apphelp.dll
0x00007ffd8af50000 - 0x00007ffd8af9f000 	C:\Windows\AppPatch\AppPatch64\AcGenral.DLL
0x00007ffd9a960000 - 0x00007ffd9aa07000 	C:\Windows\system32\msvcrt.dll
0x00007ffd97e80000 - 0x00007ffd97eab000 	C:\Windows\SYSTEM32\SspiCli.dll
0x00007ffd9a660000 - 0x00007ffd9a6b1000 	C:\Windows\system32\SHLWAPI.dll
0x00007ffd99c30000 - 0x00007ffd99da1000 	C:\Windows\system32\USER32.dll
0x00007ffd9a150000 - 0x00007ffd9a2c8000 	C:\Windows\system32\ole32.dll
0x00007ffd986e0000 - 0x00007ffd99aef000 	C:\Windows\system32\SHELL32.dll
0x00007ffd97690000 - 0x00007ffd976ae000 	C:\Windows\SYSTEM32\USERENV.dll
0x00007ffd9ac80000 - 0x00007ffd9ad25000 	C:\Windows\system32\ADVAPI32.dll
0x00007ffd91c50000 - 0x00007ffd91c6b000 	C:\Windows\SYSTEM32\MPR.dll
0x00007ffd99af0000 - 0x00007ffd99c27000 	C:\Windows\system32\RPCRT4.dll
0x00007ffd99fb0000 - 0x00007ffd9a007000 	C:\Windows\SYSTEM32\sechost.dll
0x00007ffd9a470000 - 0x00007ffd9a646000 	C:\Windows\SYSTEM32\combase.dll
0x00007ffd9aa10000 - 0x00007ffd9ab54000 	C:\Windows\system32\GDI32.dll
0x00007ffd980a0000 - 0x00007ffd980b4000 	C:\Windows\SYSTEM32\profapi.dll
0x00007ffd96720000 - 0x00007ffd967bf000 	C:\Windows\SYSTEM32\SHCORE.dll
0x00007ffd9a6c0000 - 0x00007ffd9a6f4000 	C:\Windows\system32\IMM32.DLL
0x00007ffd9a010000 - 0x00007ffd9a149000 	C:\Windows\system32\MSCTF.dll
0x00007ffd95ca0000 - 0x00007ffd95efa000 	C:\Windows\WinSxS\amd64_microsoft.windows.common-controls_6595b64144ccf1df_6.0.9600.17031_none_6242a4b3ecbb55a1\COMCTL32.dll
0x0000000071fd0000 - 0x00000000720a2000 	C:\PROGRA~1\Java\JDK18~1.0_3\jre\bin\msvcr100.dll
0x0000000072450000 - 0x0000000072caa000 	C:\PROGRA~1\Java\JDK18~1.0_3\jre\bin\server\jvm.dll
0x00007ffd91cb0000 - 0x00007ffd91cb9000 	C:\Windows\SYSTEM32\WSOCK32.dll
0x00007ffd8df70000 - 0x00007ffd8df8f000 	C:\Windows\SYSTEM32\WINMM.dll
0x00007ffd99db0000 - 0x00007ffd99db7000 	C:\Windows\system32\PSAPI.DLL
0x00007ffd9ac20000 - 0x00007ffd9ac78000 	C:\Windows\system32\WS2_32.dll
0x00007ffd8dbc0000 - 0x00007ffd8dbea000 	C:\Windows\SYSTEM32\WINMMBASE.dll
0x00007ffd9a710000 - 0x00007ffd9a719000 	C:\Windows\system32\NSI.dll
0x00007ffd981c0000 - 0x00007ffd9820a000 	C:\Windows\SYSTEM32\cfgmgr32.dll
0x00007ffd96f00000 - 0x00007ffd96f26000 	C:\Windows\SYSTEM32\DEVOBJ.dll
0x0000000072440000 - 0x000000007244f000 	C:\PROGRA~1\Java\JDK18~1.0_3\jre\bin\verify.dll
0x0000000072410000 - 0x0000000072438000 	C:\PROGRA~1\Java\JDK18~1.0_3\jre\bin\java.dll
0x00000000723f0000 - 0x0000000072406000 	C:\PROGRA~1\Java\JDK18~1.0_3\jre\bin\zip.dll
0x00007ffd7ad60000 - 0x00007ffd7aee8000 	C:\Windows\SYSTEM32\dbghelp.dll

VM Arguments:
jvm_args: -Xmx1024M -Xss1m -Djava.ext.dirs=C:\Users\srameezk\AppData\Local\Android\sdk\build-tools\21.1.0\lib 
java_command: C:\Users\srameezk\AppData\Local\Android\sdk\build-tools\21.1.0\lib\dx.jar --dex --output C:\Users\srameezk\Documents\GitHub\CodeNameJunk123\JunkCarTraderApp\app\build\intermediates\pre-dexed\debug\classes-a60a345c9757ec0c2b72e116a273c00e7b0e0ccf.jar C:\Users\srameezk\Documents\GitHub\CodeNameJunk123\JunkCarTraderApp\app\build\intermediates\exploded-aar\com.android.support\appcompat-v7\21.0.3\classes.jar
java_class_path (initial): C:\Users\srameezk\AppData\Local\Android\sdk\build-tools\21.1.0\lib\dx.jar
Launcher Type: SUN_STANDARD

Environment Variables:
JAVA_HOME=C:\Program Files\Java\jdk1.8.0_31
PATH=C:\ProgramData\Oracle\Java\javapath;C:\Windows\system32;C:\Windows;C:\Windows\System32\Wbem;C:\Windows\System32\WindowsPowerShell\v1.0\;C:\Program Files\Microsoft SQL Server\110\DTS\Binn\;C:\Program Files (x86)\Microsoft SQL Server\110\Tools\Binn\;C:\Program Files\Microsoft SQL Server\110\Tools\Binn\;C:\Program Files (x86)\Microsoft SQL Server\110\Tools\Binn\ManagementStudio\;C:\Program Files (x86)\Microsoft Visual Studio 10.0\Common7\IDE\PrivateAssemblies\;C:\Program Files (x86)\Microsoft SQL Server\110\DTS\Binn\;C:\Program Files (x86)\Windows Kits\8.1\Windows Performance Toolkit\;C:\Program Files (x86)\Microsoft SDKs\TypeScript\1.0\
USERNAME=srameezk
OS=Windows_NT
PROCESSOR_IDENTIFIER=Intel64 Family 6 Model 23 Stepping 10, GenuineIntel



---------------  S Y S T E M  ---------------

OS: Windows 8.1 , 64 bit Build 9600 

CPU:total 2 (2 cores per cpu, 1 threads per core) family 6 model 23 stepping 10, cmov, cx8, fxsr, mmx, sse, sse2, sse3, ssse3, sse4.1, tsc

Memory: 4k page, physical 4111664k(779168k free), swap 5612696k(5116k free)

vm_info: Java HotSpot(TM) 64-Bit Server VM (25.31-b07) for windows-amd64 JRE (1.8.0_31-b13), built on Dec 17 2014 21:00:28 by "java_re" with MS VC++ 10.0 (VS2010)

time: Mon Apr 06 16:15:54 2015
elapsed time: 2 seconds (0d 0h 0m 2s)

