#
# There is insufficient memory for the Java Runtime Environment to continue.
# Native memory allocation (malloc) failed to allocate 1900736 bytes for Chunk::new
# Possible reasons:
#   The system is out of physical RAM or swap space
#   In 32 bit mode, the process size limit was hit
# Possible solutions:
#   Reduce memory load on the system
#   Increase physical memory or swap space
#   Check if swap backing store is full
#   Use 64 bit Java on a 64 bit OS
#   Decrease Java heap size (-Xmx/-Xms)
#   Decrease number of Java threads
#   Decrease Java thread stack sizes (-Xss)
#   Set larger code cache with -XX:ReservedCodeCacheSize=
# This output file may be truncated or incomplete.
#
#  Out of Memory Error (allocation.cpp:390), pid=9808, tid=8944
#
# JRE version: Java(TM) SE Runtime Environment (8.0_31-b13) (build 1.8.0_31-b13)
# Java VM: Java HotSpot(TM) 64-Bit Server VM (25.31-b07 mixed mode windows-amd64 compressed oops)
# Failed to write core dump. Minidumps are not enabled by default on client versions of Windows
#

---------------  T H R E A D  ---------------

Current thread (0x00000000150ea000):  JavaThread "C2 CompilerThread0" daemon [_thread_in_native, id=8944, stack(0x0000000016040000,0x0000000016140000)]

Stack: [0x0000000016040000,0x0000000016140000]
Native frames: (J=compiled Java code, j=interpreted, Vv=VM code, C=native code)
V  [jvm.dll+0x3169ba]


Current CompileTask:
C2:  18577 2209   !   4       com.android.dx.cf.code.BytecodeArray::parseInstruction (2764 bytes)


---------------  P R O C E S S  ---------------

Java Threads: ( => current thread )
  0x000000001513a000 JavaThread "Service Thread" daemon [_thread_blocked, id=4460, stack(0x0000000016240000,0x0000000016340000)]
  0x0000000015132000 JavaThread "C1 CompilerThread1" daemon [_thread_blocked, id=4868, stack(0x0000000016140000,0x0000000016240000)]
=>0x00000000150ea000 JavaThread "C2 CompilerThread0" daemon [_thread_in_native, id=8944, stack(0x0000000016040000,0x0000000016140000)]
  0x00000000150e8800 JavaThread "Attach Listener" daemon [_thread_blocked, id=10012, stack(0x0000000015f40000,0x0000000016040000)]
  0x00000000150e5800 JavaThread "Signal Dispatcher" daemon [_thread_blocked, id=2596, stack(0x0000000015e40000,0x0000000015f40000)]
  0x00000000150aa800 JavaThread "Finalizer" daemon [_thread_blocked, id=6312, stack(0x0000000015d40000,0x0000000015e40000)]
  0x00000000150a2000 JavaThread "Reference Handler" daemon [_thread_blocked, id=4500, stack(0x0000000015c40000,0x0000000015d40000)]
  0x0000000002a1d800 JavaThread "main" [_thread_blocked, id=5992, stack(0x0000000002a20000,0x0000000002b20000)]

Other Threads:
  0x000000001509d800 VMThread [stack: 0x0000000015b40000,0x0000000015c40000] [id=4912]
  0x000000001513b000 WatcherThread [stack: 0x0000000016340000,0x0000000016440000] [id=1972]

VM state:not at safepoint (normal execution)

VM Mutex/Monitor currently owned by a thread:  ([mutex/lock_event])
[0x0000000002a1cec0] Heap_lock - owner thread: 0x0000000002a1d800

Heap:
 PSYoungGen      total 144896K, used 9653K [0x00000000eab00000, 0x00000000f4a00000, 0x0000000100000000)
  eden space 129024K, 0% used [0x00000000eab00000,0x00000000eab00110,0x00000000f2900000)
  from space 15872K, 60% used [0x00000000f2900000,0x00000000f326d618,0x00000000f3880000)
  to   space 13824K, 0% used [0x00000000f3880000,0x00000000f3880000,0x00000000f4600000)
 ParOldGen       total 44032K, used 43552K [0x00000000c0000000, 0x00000000c2b00000, 0x00000000eab00000)
  object space 44032K, 98% used [0x00000000c0000000,0x00000000c2a88018,0x00000000c2b00000)
 Metaspace       used 6057K, capacity 7216K, committed 7296K, reserved 1056768K
  class space    used 572K, capacity 616K, committed 640K, reserved 1048576K

Card table byte_map: [0x0000000012020000,0x0000000012230000] byte_map_base: 0x0000000011a20000

Marking Bits: (ParMarkBitMap*) 0x0000000072c2d4f0
 Begin Bits: [0x0000000012590000, 0x0000000013590000)
 End Bits:   [0x0000000013590000, 0x0000000014590000)

Polling page: 0x0000000000fe0000

CodeCache: size=245760Kb used=10376Kb max_used=10376Kb free=235383Kb
 bounds [0x0000000002c60000, 0x0000000003690000, 0x0000000011c60000]
 total_blobs=2328 nmethods=2069 adapters=174
 compilation: enabled

Compilation events (10 events):
Event: 16.108 Thread 0x0000000015132000 2265 %     3       com.android.dx.dex.code.OutputFinisher::addConstants @ 47 (93 bytes)
Event: 16.109 Thread 0x0000000015132000 nmethod 2265% 0x00000000036806d0 code [0x0000000003680920, 0x0000000003681b78]
Event: 16.109 Thread 0x0000000015132000 2266       3       com.android.dx.dex.code.OutputFinisher::addConstants (93 bytes)
Event: 16.109 Thread 0x0000000015132000 nmethod 2266 0x0000000003686510 code [0x0000000003686760, 0x00000000036878f8]
Event: 16.110 Thread 0x0000000015132000 2267       3       java.util.HashMap::keySet (27 bytes)
Event: 16.111 Thread 0x0000000015132000 nmethod 2267 0x0000000003687f10 code [0x00000000036880a0, 0x0000000003688450]
Event: 16.111 Thread 0x0000000015132000 2268       3       java.util.HashMap$KeySet::iterator (12 bytes)
Event: 16.111 Thread 0x0000000015132000 nmethod 2268 0x000000000367ead0 code [0x000000000367ec40, 0x000000000367eea8]
Event: 16.112 Thread 0x0000000015132000 2269       3       com.android.dx.dex.file.DebugInfoItem::<init> (36 bytes)
Event: 16.112 Thread 0x0000000015132000 nmethod 2269 0x0000000003688610 code [0x0000000003688780, 0x0000000003688a58]

GC Heap History (10 events):
Event: 3.780 GC heap before
{Heap before GC invocations=4 (full 0):
 PSYoungGen      total 35328K, used 35312K [0x00000000eab00000, 0x00000000ef000000, 0x0000000100000000)
  eden space 32768K, 100% used [0x00000000eab00000,0x00000000ecb00000,0x00000000ecb00000)
  from space 2560K, 99% used [0x00000000ecb00000,0x00000000ecd7c1e0,0x00000000ecd80000)
  to   space 2560K, 0% used [0x00000000eed80000,0x00000000eed80000,0x00000000ef000000)
 ParOldGen       total 44032K, used 8231K [0x00000000c0000000, 0x00000000c2b00000, 0x00000000eab00000)
  object space 44032K, 18% used [0x00000000c0000000,0x00000000c0809e88,0x00000000c2b00000)
 Metaspace       used 5870K, capacity 7088K, committed 7296K, reserved 1056768K
  class space    used 565K, capacity 616K, committed 640K, reserved 1048576K
Event: 3.876 GC heap after
Heap after GC invocations=4 (full 0):
 PSYoungGen      total 68096K, used 2555K [0x00000000eab00000, 0x00000000ef000000, 0x0000000100000000)
  eden space 65536K, 0% used [0x00000000eab00000,0x00000000eab00000,0x00000000eeb00000)
  from space 2560K, 99% used [0x00000000eed80000,0x00000000eeffef78,0x00000000ef000000)
  to   space 2560K, 0% used [0x00000000eeb00000,0x00000000eeb00000,0x00000000eed80000)
 ParOldGen       total 44032K, used 13680K [0x00000000c0000000, 0x00000000c2b00000, 0x00000000eab00000)
  object space 44032K, 31% used [0x00000000c0000000,0x00000000c0d5c200,0x00000000c2b00000)
 Metaspace       used 5870K, capacity 7088K, committed 7296K, reserved 1056768K
  class space    used 565K, capacity 616K, committed 640K, reserved 1048576K
}
Event: 7.959 GC heap before
{Heap before GC invocations=5 (full 0):
 PSYoungGen      total 68096K, used 68091K [0x00000000eab00000, 0x00000000ef000000, 0x0000000100000000)
  eden space 65536K, 100% used [0x00000000eab00000,0x00000000eeb00000,0x00000000eeb00000)
  from space 2560K, 99% used [0x00000000eed80000,0x00000000eeffef78,0x00000000ef000000)
  to   space 2560K, 0% used [0x00000000eeb00000,0x00000000eeb00000,0x00000000eed80000)
 ParOldGen       total 44032K, used 13680K [0x00000000c0000000, 0x00000000c2b00000, 0x00000000eab00000)
  object space 44032K, 31% used [0x00000000c0000000,0x00000000c0d5c200,0x00000000c2b00000)
 Metaspace       used 5881K, capacity 7088K, committed 7296K, reserved 1056768K
  class space    used 565K, capacity 616K, committed 640K, reserved 1048576K
Event: 8.110 GC heap after
Heap after GC invocations=5 (full 0):
 PSYoungGen      total 68096K, used 2550K [0x00000000eab00000, 0x00000000f4600000, 0x0000000100000000)
  eden space 65536K, 0% used [0x00000000eab00000,0x00000000eab00000,0x00000000eeb00000)
  from space 2560K, 99% used [0x00000000eeb00000,0x00000000eed7dbe0,0x00000000eed80000)
  to   space 13824K, 0% used [0x00000000f3880000,0x00000000f3880000,0x00000000f4600000)
 ParOldGen       total 44032K, used 24643K [0x00000000c0000000, 0x00000000c2b00000, 0x00000000eab00000)
  object space 44032K, 55% used [0x00000000c0000000,0x00000000c1810f50,0x00000000c2b00000)
 Metaspace       used 5881K, capacity 7088K, committed 7296K, reserved 1056768K
  class space    used 565K, capacity 616K, committed 640K, reserved 1048576K
}
Event: 12.689 GC heap before
{Heap before GC invocations=6 (full 0):
 PSYoungGen      total 68096K, used 68086K [0x00000000eab00000, 0x00000000f4600000, 0x0000000100000000)
  eden space 65536K, 100% used [0x00000000eab00000,0x00000000eeb00000,0x00000000eeb00000)
  from space 2560K, 99% used [0x00000000eeb00000,0x00000000eed7dbe0,0x00000000eed80000)
  to   space 13824K, 0% used [0x00000000f3880000,0x00000000f3880000,0x00000000f4600000)
 ParOldGen       total 44032K, used 24643K [0x00000000c0000000, 0x00000000c2b00000, 0x00000000eab00000)
  object space 44032K, 55% used [0x00000000c0000000,0x00000000c1810f50,0x00000000c2b00000)
 Metaspace       used 5947K, capacity 7152K, committed 7296K, reserved 1056768K
  class space    used 566K, capacity 616K, committed 640K, reserved 1048576K
Event: 12.876 GC heap after
Heap after GC invocations=6 (full 0):
 PSYoungGen      total 142848K, used 12929K [0x00000000eab00000, 0x00000000f4a00000, 0x0000000100000000)
  eden space 129024K, 0% used [0x00000000eab00000,0x00000000eab00000,0x00000000f2900000)
  from space 13824K, 93% used [0x00000000f3880000,0x00000000f45205c0,0x00000000f4600000)
  to   space 15872K, 0% used [0x00000000f2900000,0x00000000f2900000,0x00000000f3880000)
 ParOldGen       total 44032K, used 24643K [0x00000000c0000000, 0x00000000c2b00000, 0x00000000eab00000)
  object space 44032K, 55% used [0x00000000c0000000,0x00000000c1810f50,0x00000000c2b00000)
 Metaspace       used 5947K, capacity 7152K, committed 7296K, reserved 1056768K
  class space    used 566K, capacity 616K, committed 640K, reserved 1048576K
}
Event: 16.126 GC heap before
{Heap before GC invocations=7 (full 0):
 PSYoungGen      total 142848K, used 141953K [0x00000000eab00000, 0x00000000f4a00000, 0x0000000100000000)
  eden space 129024K, 100% used [0x00000000eab00000,0x00000000f2900000,0x00000000f2900000)
  from space 13824K, 93% used [0x00000000f3880000,0x00000000f45205c0,0x00000000f4600000)
  to   space 15872K, 0% used [0x00000000f2900000,0x00000000f2900000,0x00000000f3880000)
 ParOldGen       total 44032K, used 24643K [0x00000000c0000000, 0x00000000c2b00000, 0x00000000eab00000)
  object space 44032K, 55% used [0x00000000c0000000,0x00000000c1810f50,0x00000000c2b00000)
 Metaspace       used 6057K, capacity 7216K, committed 7296K, reserved 1056768K
  class space    used 572K, capacity 616K, committed 640K, reserved 1048576K
Event: 16.427 GC heap after
Heap after GC invocations=7 (full 0):
 PSYoungGen      total 144896K, used 15855K [0x00000000eab00000, 0x00000000f4a00000, 0x0000000100000000)
  eden space 129024K, 0% used [0x00000000eab00000,0x00000000eab00000,0x00000000f2900000)
  from space 15872K, 99% used [0x00000000f2900000,0x00000000f387bf58,0x00000000f3880000)
  to   space 13824K, 0% used [0x00000000f3880000,0x00000000f3880000,0x00000000f4600000)
 ParOldGen       total 44032K, used 40928K [0x00000000c0000000, 0x00000000c2b00000, 0x00000000eab00000)
  object space 44032K, 92% used [0x00000000c0000000,0x00000000c27f8090,0x00000000c2b00000)
 Metaspace       used 6057K, capacity 7216K, committed 7296K, reserved 1056768K
  class space    used 572K, capacity 616K, committed 640K, reserved 1048576K
}
Event: 16.427 GC heap before
{Heap before GC invocations=8 (full 1):
 PSYoungGen      total 144896K, used 15855K [0x00000000eab00000, 0x00000000f4a00000, 0x0000000100000000)
  eden space 129024K, 0% used [0x00000000eab00000,0x00000000eab00000,0x00000000f2900000)
  from space 15872K, 99% used [0x00000000f2900000,0x00000000f387bf58,0x00000000f3880000)
  to   space 13824K, 0% used [0x00000000f3880000,0x00000000f3880000,0x00000000f4600000)
 ParOldGen       total 44032K, used 40928K [0x00000000c0000000, 0x00000000c2b00000, 0x00000000eab00000)
  object space 44032K, 92% used [0x00000000c0000000,0x00000000c27f8090,0x00000000c2b00000)
 Metaspace       used 6057K, capacity 7216K, committed 7296K, reserved 1056768K
  class space    used 572K, capacity 616K, committed 640K, reserved 1048576K
Event: 18.564 GC heap after
Heap after GC invocations=8 (full 1):
 PSYoungGen      total 144896K, used 9653K [0x00000000eab00000, 0x00000000f4a00000, 0x0000000100000000)
  eden space 129024K, 0% used [0x00000000eab00000,0x00000000eab00000,0x00000000f2900000)
  from space 15872K, 60% used [0x00000000f2900000,0x00000000f326d618,0x00000000f3880000)
  to   space 13824K, 0% used [0x00000000f3880000,0x00000000f3880000,0x00000000f4600000)
 ParOldGen       total 44032K, used 43552K [0x00000000c0000000, 0x00000000c2b00000, 0x00000000eab00000)
  object space 44032K, 98% used [0x00000000c0000000,0x00000000c2a88018,0x00000000c2b00000)
 Metaspace       used 6057K, capacity 7216K, committed 7296K, reserved 1056768K
  class space    used 572K, capacity 616K, committed 640K, reserved 1048576K
}

Deoptimization events (10 events):
Event: 15.427 Thread 0x0000000002a1d800 Uncommon trap: reason=class_check action=maybe_recompile pc=0x0000000003637e08 method=com.android.dx.cf.code.BytecodeArray.parseInstruction(ILcom/android/dx/cf/code/BytecodeArray$Visitor;)I @ 2062
Event: 15.427 Thread 0x0000000002a1d800 Uncommon trap: reason=class_check action=maybe_recompile pc=0x0000000003637e08 method=com.android.dx.cf.code.BytecodeArray.parseInstruction(ILcom/android/dx/cf/code/BytecodeArray$Visitor;)I @ 2062
Event: 15.439 Thread 0x0000000002a1d800 Uncommon trap: reason=bimorphic action=maybe_recompile pc=0x000000000336a460 method=com.android.dx.ssa.LiteralOpUpgrader.tryReplacingWithConstant(Lcom/android/dx/ssa/NormalSsaInsn;)Z @ 62
Event: 15.442 Thread 0x0000000002a1d800 Uncommon trap: reason=bimorphic action=maybe_recompile pc=0x000000000336a460 method=com.android.dx.ssa.LiteralOpUpgrader.tryReplacingWithConstant(Lcom/android/dx/ssa/NormalSsaInsn;)Z @ 62
Event: 16.004 Thread 0x0000000002a1d800 Uncommon trap: reason=bimorphic action=maybe_recompile pc=0x000000000366076c method=com.android.dx.cf.code.BytecodeArray.parseInstruction(ILcom/android/dx/cf/code/BytecodeArray$Visitor;)I @ 1161
Event: 16.004 Thread 0x0000000002a1d800 Uncommon trap: reason=bimorphic action=maybe_recompile pc=0x000000000366076c method=com.android.dx.cf.code.BytecodeArray.parseInstruction(ILcom/android/dx/cf/code/BytecodeArray$Visitor;)I @ 1161
Event: 16.008 Thread 0x0000000002a1d800 Uncommon trap: reason=class_check action=maybe_recompile pc=0x000000000320c664 method=java.util.Arrays.hashCode([Ljava/lang/Object;)I @ 43
Event: 16.008 Thread 0x0000000002a1d800 Uncommon trap: reason=class_check action=maybe_recompile pc=0x000000000320c664 method=java.util.Arrays.hashCode([Ljava/lang/Object;)I @ 43
Event: 16.008 Thread 0x0000000002a1d800 Uncommon trap: reason=class_check action=maybe_recompile pc=0x000000000320c664 method=java.util.Arrays.hashCode([Ljava/lang/Object;)I @ 43
Event: 16.008 Thread 0x0000000002a1d800 Uncommon trap: reason=class_check action=maybe_recompile pc=0x000000000320c664 method=java.util.Arrays.hashCode([Ljava/lang/Object;)I @ 43

Internal exceptions (5 events):
Event: 0.040 Thread 0x0000000002a1d800 Exception <a 'java/lang/NoSuchMethodError': Method sun.misc.Unsafe.defineClass(Ljava/lang/String;[BII)Ljava/lang/Class; name or signature does not match> (0x00000000eab0c878) thrown at [C:\workspace\8-2-build-windows-amd64-cygwin\jdk8u31\2394\hotspot\src\s‚∆ì)
Event: 0.040 Thread 0x0000000002a1d800 Exception <a 'java/lang/NoSuchMethodError': Method sun.misc.Unsafe.prefetchRead(Ljava/lang/Object;J)V name or signature does not match> (0x00000000eab0cb08) thrown at [C:\workspace\8-2-build-windows-amd64-cygwin\jdk8u31\2394\hotspot\src\share\vm\prims\jni.\Jùü6w˚?
Event: 1.717 Thread 0x0000000002a1d800 Exception <a 'java/lang/ArrayIndexOutOfBoundsException': 18> (0x00000000eb969d18) thrown at [C:\workspace\8-2-build-windows-amd64-cygwin\jdk8u31\2394\hotspot\src\share\vm\interpreter\interpreterRuntime.cpp, line 366]
Event: 1.717 Thread 0x0000000002a1d800 Exception <a 'java/lang/ArrayIndexOutOfBoundsException'> (0x00000000eb96b7b0) thrown at [C:\workspace\8-2-build-windows-amd64-cygwin\jdk8u31\2394\hotspot\src\share\vm\runtime\sharedRuntime.cpp, line 604]
Event: 1.718 Thread 0x0000000002a1d800 Exception <a 'java/lang/ArrayIndexOutOfBoundsException'> (0x00000000eb96c9c8) thrown at [C:\workspace\8-2-build-windows-amd64-cygwin\jdk8u31\2394\hotspot\src\share\vm\runtime\sharedRuntime.cpp, line 604]

Events (10 events):
Event: 16.039 loading class java/util/HashMap$KeyIterator
Event: 16.040 loading class java/util/HashMap$KeyIterator done
Event: 16.044 loading class com/android/dx/dex/file/CatchStructs
Event: 16.044 loading class com/android/dx/dex/file/CatchStructs done
Event: 16.107 Thread 0x0000000002a1d800 DEOPT PACKING pc=0x000000000367ca94 sp=0x0000000002b1ed10
Event: 16.107 Thread 0x0000000002a1d800 DEOPT UNPACKING pc=0x0000000002ca71bf sp=0x0000000002b1eaa0 mode 0
Event: 16.109 Thread 0x0000000002a1d800 DEOPT PACKING pc=0x000000000367ab98 sp=0x0000000002b1ec30
Event: 16.109 Thread 0x0000000002a1d800 DEOPT UNPACKING pc=0x0000000002ca71bf sp=0x0000000002b1e9d8 mode 0
Event: 16.125 Executing VM operation: ParallelGCFailedAllocation
Event: 18.564 Executing VM operation: ParallelGCFailedAllocation done


Dynamic libraries:
0x00007ff6d3260000 - 0x00007ff6d3294000 	C:\PROGRA~1\Java\JDK18~1.0_3\bin\java.exe
0x00007ffd9ad30000 - 0x00007ffd9aedc000 	C:\Windows\SYSTEM32\ntdll.dll
0x00007ffd99e70000 - 0x00007ffd99faa000 	C:\Windows\system32\KERNEL32.DLL
0x00007ffd98210000 - 0x00007ffd9831f000 	C:\Windows\system32\KERNELBASE.dll
0x00007ffd96cb0000 - 0x00007ffd96d38000 	C:\Windows\system32\apphelp.dll
0x00007ffd8af50000 - 0x00007ffd8af9f000 	C:\Windows\AppPatch\AppPatch64\AcGenral.DLL
0x00007ffd9a960000 - 0x00007ffd9aa07000 	C:\Windows\system32\msvcrt.dll
0x00007ffd97e80000 - 0x00007ffd97eab000 	C:\Windows\SYSTEM32\SspiCli.dll
0x00007ffd9a660000 - 0x00007ffd9a6b1000 	C:\Windows\system32\SHLWAPI.dll
0x00007ffd99c30000 - 0x00007ffd99da1000 	C:\Windows\system32\USER32.dll
0x00007ffd9a150000 - 0x00007ffd9a2c8000 	C:\Windows\system32\ole32.dll
0x00007ffd986e0000 - 0x00007ffd99aef000 	C:\Windows\system32\SHELL32.dll
0x00007ffd97690000 - 0x00007ffd976ae000 	C:\Windows\SYSTEM32\USERENV.dll
0x00007ffd9ac80000 - 0x00007ffd9ad25000 	C:\Windows\system32\ADVAPI32.dll
0x00007ffd91c50000 - 0x00007ffd91c6b000 	C:\Windows\SYSTEM32\MPR.dll
0x00007ffd99af0000 - 0x00007ffd99c27000 	C:\Windows\system32\RPCRT4.dll
0x00007ffd99fb0000 - 0x00007ffd9a007000 	C:\Windows\SYSTEM32\sechost.dll
0x00007ffd9a470000 - 0x00007ffd9a646000 	C:\Windows\SYSTEM32\combase.dll
0x00007ffd9aa10000 - 0x00007ffd9ab54000 	C:\Windows\system32\GDI32.dll
0x00007ffd980a0000 - 0x00007ffd980b4000 	C:\Windows\SYSTEM32\profapi.dll
0x00007ffd96720000 - 0x00007ffd967bf000 	C:\Windows\SYSTEM32\SHCORE.dll
0x00007ffd9a6c0000 - 0x00007ffd9a6f4000 	C:\Windows\system32\IMM32.DLL
0x00007ffd9a010000 - 0x00007ffd9a149000 	C:\Windows\system32\MSCTF.dll
0x00007ffd95ca0000 - 0x00007ffd95efa000 	C:\Windows\WinSxS\amd64_microsoft.windows.common-controls_6595b64144ccf1df_6.0.9600.17031_none_6242a4b3ecbb55a1\COMCTL32.dll
0x0000000071fd0000 - 0x00000000720a2000 	C:\PROGRA~1\Java\JDK18~1.0_3\jre\bin\msvcr100.dll
0x0000000072450000 - 0x0000000072caa000 	C:\PROGRA~1\Java\JDK18~1.0_3\jre\bin\server\jvm.dll
0x00007ffd91cb0000 - 0x00007ffd91cb9000 	C:\Windows\SYSTEM32\WSOCK32.dll
0x00007ffd8df70000 - 0x00007ffd8df8f000 	C:\Windows\SYSTEM32\WINMM.dll
0x00007ffd99db0000 - 0x00007ffd99db7000 	C:\Windows\system32\PSAPI.DLL
0x00007ffd9ac20000 - 0x00007ffd9ac78000 	C:\Windows\system32\WS2_32.dll
0x00007ffd8dbc0000 - 0x00007ffd8dbea000 	C:\Windows\SYSTEM32\WINMMBASE.dll
0x00007ffd9a710000 - 0x00007ffd9a719000 	C:\Windows\system32\NSI.dll
0x00007ffd981c0000 - 0x00007ffd9820a000 	C:\Windows\SYSTEM32\cfgmgr32.dll
0x00007ffd96f00000 - 0x00007ffd96f26000 	C:\Windows\SYSTEM32\DEVOBJ.dll
0x0000000072440000 - 0x000000007244f000 	C:\PROGRA~1\Java\JDK18~1.0_3\jre\bin\verify.dll
0x0000000072410000 - 0x0000000072438000 	C:\PROGRA~1\Java\JDK18~1.0_3\jre\bin\java.dll
0x00000000723f0000 - 0x0000000072406000 	C:\PROGRA~1\Java\JDK18~1.0_3\jre\bin\zip.dll

VM Arguments:
jvm_args: -Xmx1024M -Xss1m -Djava.ext.dirs=C:\Users\srameezk\AppData\Local\Android\sdk\build-tools\21.1.0\lib 
java_command: C:\Users\srameezk\AppData\Local\Android\sdk\build-tools\21.1.0\lib\dx.jar --dex --output C:\Users\srameezk\Documents\GitHub\CodeNameJunk123\JunkCarTraderApp\app\build\intermediates\pre-dexed\debug\classes-780ea59190d64aa0570fb34eb84edcf07b051958.jar C:\Users\srameezk\Documents\GitHub\CodeNameJunk123\JunkCarTraderApp\app\build\intermediates\exploded-aar\com.android.support\support-v4\21.0.3\classes.jar
java_class_path (initial): C:\Users\srameezk\AppData\Local\Android\sdk\build-tools\21.1.0\lib\dx.jar
Launcher Type: SUN_STANDARD

Environment Variables:
JAVA_HOME=C:\Program Files\Java\jdk1.8.0_31
PATH=C:\ProgramData\Oracle\Java\javapath;C:\Windows\system32;C:\Windows;C:\Windows\System32\Wbem;C:\Windows\System32\WindowsPowerShell\v1.0\;C:\Program Files\Microsoft SQL Server\110\DTS\Binn\;C:\Program Files (x86)\Microsoft SQL Server\110\Tools\Binn\;C:\Program Files\Microsoft SQL Server\110\Tools\Binn\;C:\Program Files (x86)\Microsoft SQL Server\110\Tools\Binn\ManagementStudio\;C:\Program Files (x86)\Microsoft Visual Studio 10.0\Common7\IDE\PrivateAssemblies\;C:\Program Files (x86)\Microsoft SQL Server\110\DTS\Binn\;C:\Program Files (x86)\Windows Kits\8.1\Windows Performance Toolkit\;C:\Program Files (x86)\Microsoft SDKs\TypeScript\1.0\
USERNAME=srameezk
OS=Windows_NT
PROCESSOR_IDENTIFIER=Intel64 Family 6 Model 23 Stepping 10, GenuineIntel



---------------  S Y S T E M  ---------------

OS: Windows 8.1 , 64 bit Build 9600 

CPU:total 2 (2 cores per cpu, 1 threads per core) family 6 model 23 stepping 10, cmov, cx8, fxsr, mmx, sse, sse2, sse3, ssse3, sse4.1, tsc

Memory: 4k page, physical 4111664k(754444k free), swap 5612696k(5220k free)

vm_info: Java HotSpot(TM) 64-Bit Server VM (25.31-b07) for windows-amd64 JRE (1.8.0_31-b13), built on Dec 17 2014 21:00:28 by "java_re" with MS VC++ 10.0 (VS2010)

time: Mon Apr 06 16:12:27 2015
elapsed time: 18 seconds (0d 0h 0m 18s)

