#
# There is insufficient memory for the Java Runtime Environment to continue.
# Native memory allocation (malloc) failed to allocate 32744 bytes for ChunkPool::allocate
# Possible reasons:
#   The system is out of physical RAM or swap space
#   In 32 bit mode, the process size limit was hit
# Possible solutions:
#   Reduce memory load on the system
#   Increase physical memory or swap space
#   Check if swap backing store is full
#   Use 64 bit Java on a 64 bit OS
#   Decrease Java heap size (-Xmx/-Xms)
#   Decrease number of Java threads
#   Decrease Java thread stack sizes (-Xss)
#   Set larger code cache with -XX:ReservedCodeCacheSize=
# This output file may be truncated or incomplete.
#
#  Out of Memory Error (allocation.cpp:273), pid=6336, tid=8112
#
# JRE version: Java(TM) SE Runtime Environment (8.0_31-b13) (build 1.8.0_31-b13)
# Java VM: Java HotSpot(TM) 64-Bit Server VM (25.31-b07 mixed mode windows-amd64 compressed oops)
# Failed to write core dump. Minidumps are not enabled by default on client versions of Windows
#

---------------  T H R E A D  ---------------

Current thread (0x0000000014d79800):  JavaThread "C2 CompilerThread0" daemon [_thread_in_native, id=8112, stack(0x0000000015cc0000,0x0000000015dc0000)]

Stack: [0x0000000015cc0000,0x0000000015dc0000]
Native frames: (J=compiled Java code, j=interpreted, Vv=VM code, C=native code)
V  [jvm.dll+0x3169ba]


Current CompileTask:
C2:  16305 2074   !   4       com.android.dx.cf.code.BytecodeArray::parseInstruction (2764 bytes)


---------------  P R O C E S S  ---------------

Java Threads: ( => current thread )
  0x0000000014dc2800 JavaThread "Service Thread" daemon [_thread_blocked, id=1876, stack(0x0000000015ec0000,0x0000000015fc0000)]
  0x0000000014dc1800 JavaThread "C1 CompilerThread1" daemon [_thread_blocked, id=4348, stack(0x0000000015dc0000,0x0000000015ec0000)]
=>0x0000000014d79800 JavaThread "C2 CompilerThread0" daemon [_thread_in_native, id=8112, stack(0x0000000015cc0000,0x0000000015dc0000)]
  0x0000000014d78000 JavaThread "Attach Listener" daemon [_thread_blocked, id=1272, stack(0x0000000015bc0000,0x0000000015cc0000)]
  0x0000000014d74800 JavaThread "Signal Dispatcher" daemon [_thread_blocked, id=9520, stack(0x0000000015ac0000,0x0000000015bc0000)]
  0x0000000014d39800 JavaThread "Finalizer" daemon [_thread_blocked, id=4640, stack(0x00000000159c0000,0x0000000015ac0000)]
  0x0000000014d31000 JavaThread "Reference Handler" daemon [_thread_blocked, id=3864, stack(0x00000000158c0000,0x00000000159c0000)]
  0x00000000026ed800 JavaThread "main" [_thread_in_Java, id=9372, stack(0x00000000026f0000,0x00000000027f0000)]

Other Threads:
  0x0000000014d2c800 VMThread [stack: 0x00000000157c0000,0x00000000158c0000] [id=6856]
  0x0000000014dc4000 WatcherThread [stack: 0x0000000015fc0000,0x00000000160c0000] [id=5048]

VM state:not at safepoint (normal execution)

VM Mutex/Monitor currently owned by a thread: None

Heap:
 PSYoungGen      total 68096K, used 6449K [0x00000000eab00000, 0x00000000ef000000, 0x0000000100000000)
  eden space 65536K, 5% used [0x00000000eab00000,0x00000000eaed3e18,0x00000000eeb00000)
  from space 2560K, 98% used [0x00000000eeb00000,0x00000000eed78998,0x00000000eed80000)
  to   space 2560K, 0% used [0x00000000eed80000,0x00000000eed80000,0x00000000ef000000)
 ParOldGen       total 77824K, used 43044K [0x00000000c0000000, 0x00000000c4c00000, 0x00000000eab00000)
  object space 77824K, 55% used [0x00000000c0000000,0x00000000c2a09078,0x00000000c4c00000)
 Metaspace       used 5948K, capacity 7152K, committed 7296K, reserved 1056768K
  class space    used 566K, capacity 616K, committed 640K, reserved 1048576K

Card table byte_map: [0x0000000011cb0000,0x0000000011ec0000] byte_map_base: 0x00000000116b0000

Marking Bits: (ParMarkBitMap*) 0x0000000072c2d4f0
 Begin Bits: [0x0000000012220000, 0x0000000013220000)
 End Bits:   [0x0000000013220000, 0x0000000014220000)

Polling page: 0x0000000002480000

CodeCache: size=245760Kb used=9929Kb max_used=9943Kb free=235830Kb
 bounds [0x00000000028f0000, 0x00000000032b0000, 0x00000000118f0000]
 total_blobs=2251 nmethods=1992 adapters=174
 compilation: enabled

Compilation events (10 events):
Event: 15.965 Thread 0x0000000014d79800 nmethod 2072 0x00000000032a8410 code [0x00000000032a8620, 0x00000000032a8c38]
Event: 15.965 Thread 0x0000000014d79800 2073       4       com.android.dx.ssa.back.InterferenceGraph::add (46 bytes)
Event: 15.983 Thread 0x0000000014d79800 nmethod 2073 0x00000000032aba50 code [0x00000000032abc20, 0x00000000032acad8]
Event: 15.989 Thread 0x0000000014d79800 2074   !   4       com.android.dx.cf.code.BytecodeArray::parseInstruction (2764 bytes)
Event: 16.025 Thread 0x0000000014dc1800 2076       3       java.util.HashMap$HashIterator::nextNode (100 bytes)
Event: 16.025 Thread 0x0000000014dc1800 nmethod 2076 0x000000000329db50 code [0x000000000329dce0, 0x000000000329e198]
Event: 16.154 Thread 0x0000000014dc1800 2078       3       com.android.dx.ssa.Dominators$DfsWalker::<init> (6 bytes)
Event: 16.154 Thread 0x0000000014dc1800 nmethod 2078 0x000000000329bc50 code [0x000000000329bdc0, 0x000000000329bff0]
Event: 16.221 Thread 0x0000000014dc1800 2079       1       java.lang.ref.Reference::access$100 (4 bytes)
Event: 16.221 Thread 0x0000000014dc1800 nmethod 2079 0x000000000329b9d0 code [0x000000000329bb20, 0x000000000329bc10]

GC Heap History (10 events):
Event: 7.150 GC heap before
{Heap before GC invocations=4 (full 0):
 PSYoungGen      total 35328K, used 35318K [0x00000000eab00000, 0x00000000ef000000, 0x0000000100000000)
  eden space 32768K, 100% used [0x00000000eab00000,0x00000000ecb00000,0x00000000ecb00000)
  from space 2560K, 99% used [0x00000000ecb00000,0x00000000ecd7da20,0x00000000ecd80000)
  to   space 2560K, 0% used [0x00000000eed80000,0x00000000eed80000,0x00000000ef000000)
 ParOldGen       total 44032K, used 8715K [0x00000000c0000000, 0x00000000c2b00000, 0x00000000eab00000)
  object space 44032K, 19% used [0x00000000c0000000,0x00000000c0882ee8,0x00000000c2b00000)
 Metaspace       used 5862K, capacity 7088K, committed 7296K, reserved 1056768K
  class space    used 565K, capacity 616K, committed 640K, reserved 1048576K
Event: 7.245 GC heap after
Heap after GC invocations=4 (full 0):
 PSYoungGen      total 68096K, used 2550K [0x00000000eab00000, 0x00000000ef000000, 0x0000000100000000)
  eden space 65536K, 0% used [0x00000000eab00000,0x00000000eab00000,0x00000000eeb00000)
  from space 2560K, 99% used [0x00000000eed80000,0x00000000eeffda20,0x00000000ef000000)
  to   space 2560K, 0% used [0x00000000eeb00000,0x00000000eeb00000,0x00000000eed80000)
 ParOldGen       total 44032K, used 14061K [0x00000000c0000000, 0x00000000c2b00000, 0x00000000eab00000)
  object space 44032K, 31% used [0x00000000c0000000,0x00000000c0dbb560,0x00000000c2b00000)
 Metaspace       used 5862K, capacity 7088K, committed 7296K, reserved 1056768K
  class space    used 565K, capacity 616K, committed 640K, reserved 1048576K
}
Event: 10.911 GC heap before
{Heap before GC invocations=5 (full 0):
 PSYoungGen      total 68096K, used 68086K [0x00000000eab00000, 0x00000000ef000000, 0x0000000100000000)
  eden space 65536K, 100% used [0x00000000eab00000,0x00000000eeb00000,0x00000000eeb00000)
  from space 2560K, 99% used [0x00000000eed80000,0x00000000eeffda20,0x00000000ef000000)
  to   space 2560K, 0% used [0x00000000eeb00000,0x00000000eeb00000,0x00000000eed80000)
 ParOldGen       total 44032K, used 14061K [0x00000000c0000000, 0x00000000c2b00000, 0x00000000eab00000)
  object space 44032K, 31% used [0x00000000c0000000,0x00000000c0dbb560,0x00000000c2b00000)
 Metaspace       used 5875K, capacity 7088K, committed 7296K, reserved 1056768K
  class space    used 566K, capacity 616K, committed 640K, reserved 1048576K
Event: 11.073 GC heap after
Heap after GC invocations=5 (full 0):
 PSYoungGen      total 68096K, used 2554K [0x00000000eab00000, 0x00000000ef000000, 0x0000000100000000)
  eden space 65536K, 0% used [0x00000000eab00000,0x00000000eab00000,0x00000000eeb00000)
  from space 2560K, 99% used [0x00000000eeb00000,0x00000000eed7ea70,0x00000000eed80000)
  to   space 2560K, 0% used [0x00000000eed80000,0x00000000eed80000,0x00000000ef000000)
 ParOldGen       total 44032K, used 25761K [0x00000000c0000000, 0x00000000c2b00000, 0x00000000eab00000)
  object space 44032K, 58% used [0x00000000c0000000,0x00000000c19287a8,0x00000000c2b00000)
 Metaspace       used 5875K, capacity 7088K, committed 7296K, reserved 1056768K
  class space    used 566K, capacity 616K, committed 640K, reserved 1048576K
}
Event: 13.916 GC heap before
{Heap before GC invocations=6 (full 0):
 PSYoungGen      total 68096K, used 68090K [0x00000000eab00000, 0x00000000ef000000, 0x0000000100000000)
  eden space 65536K, 100% used [0x00000000eab00000,0x00000000eeb00000,0x00000000eeb00000)
  from space 2560K, 99% used [0x00000000eeb00000,0x00000000eed7ea70,0x00000000eed80000)
  to   space 2560K, 0% used [0x00000000eed80000,0x00000000eed80000,0x00000000ef000000)
 ParOldGen       total 44032K, used 25761K [0x00000000c0000000, 0x00000000c2b00000, 0x00000000eab00000)
  object space 44032K, 58% used [0x00000000c0000000,0x00000000c19287a8,0x00000000c2b00000)
 Metaspace       used 5943K, capacity 7152K, committed 7296K, reserved 1056768K
  class space    used 566K, capacity 616K, committed 640K, reserved 1048576K
Event: 14.033 GC heap after
Heap after GC invocations=6 (full 0):
 PSYoungGen      total 68096K, used 2535K [0x00000000eab00000, 0x00000000ef000000, 0x0000000100000000)
  eden space 65536K, 0% used [0x00000000eab00000,0x00000000eab00000,0x00000000eeb00000)
  from space 2560K, 99% used [0x00000000eed80000,0x00000000eeff9c20,0x00000000ef000000)
  to   space 2560K, 0% used [0x00000000eeb00000,0x00000000eeb00000,0x00000000eed80000)
 ParOldGen       total 44032K, used 36957K [0x00000000c0000000, 0x00000000c2b00000, 0x00000000eab00000)
  object space 44032K, 83% used [0x00000000c0000000,0x00000000c24176d0,0x00000000c2b00000)
 Metaspace       used 5943K, capacity 7152K, committed 7296K, reserved 1056768K
  class space    used 566K, capacity 616K, committed 640K, reserved 1048576K
}
Event: 14.033 GC heap before
{Heap before GC invocations=7 (full 1):
 PSYoungGen      total 68096K, used 2535K [0x00000000eab00000, 0x00000000ef000000, 0x0000000100000000)
  eden space 65536K, 0% used [0x00000000eab00000,0x00000000eab00000,0x00000000eeb00000)
  from space 2560K, 99% used [0x00000000eed80000,0x00000000eeff9c20,0x00000000ef000000)
  to   space 2560K, 0% used [0x00000000eeb00000,0x00000000eeb00000,0x00000000eed80000)
 ParOldGen       total 44032K, used 36957K [0x00000000c0000000, 0x00000000c2b00000, 0x00000000eab00000)
  object space 44032K, 83% used [0x00000000c0000000,0x00000000c24176d0,0x00000000c2b00000)
 Metaspace       used 5943K, capacity 7152K, committed 7296K, reserved 1056768K
  class space    used 566K, capacity 616K, committed 640K, reserved 1048576K
Event: 15.651 GC heap after
Heap after GC invocations=7 (full 1):
 PSYoungGen      total 68096K, used 0K [0x00000000eab00000, 0x00000000ef000000, 0x0000000100000000)
  eden space 65536K, 0% used [0x00000000eab00000,0x00000000eab00000,0x00000000eeb00000)
  from space 2560K, 0% used [0x00000000eed80000,0x00000000eed80000,0x00000000ef000000)
  to   space 2560K, 0% used [0x00000000eeb00000,0x00000000eeb00000,0x00000000eed80000)
 ParOldGen       total 77824K, used 35698K [0x00000000c0000000, 0x00000000c4c00000, 0x00000000eab00000)
  object space 77824K, 45% used [0x00000000c0000000,0x00000000c22dc950,0x00000000c4c00000)
 Metaspace       used 5943K, capacity 7152K, committed 7296K, reserved 1056768K
  class space    used 566K, capacity 616K, committed 640K, reserved 1048576K
}
Event: 16.164 GC heap before
{Heap before GC invocations=8 (full 1):
 PSYoungGen      total 68096K, used 65536K [0x00000000eab00000, 0x00000000ef000000, 0x0000000100000000)
  eden space 65536K, 100% used [0x00000000eab00000,0x00000000eeb00000,0x00000000eeb00000)
  from space 2560K, 0% used [0x00000000eed80000,0x00000000eed80000,0x00000000ef000000)
  to   space 2560K, 0% used [0x00000000eeb00000,0x00000000eeb00000,0x00000000eed80000)
 ParOldGen       total 77824K, used 35698K [0x00000000c0000000, 0x00000000c4c00000, 0x00000000eab00000)
  object space 77824K, 45% used [0x00000000c0000000,0x00000000c22dc950,0x00000000c4c00000)
 Metaspace       used 5948K, capacity 7152K, committed 7296K, reserved 1056768K
  class space    used 566K, capacity 616K, committed 640K, reserved 1048576K
Event: 16.221 GC heap after
Heap after GC invocations=8 (full 1):
 PSYoungGen      total 68096K, used 2530K [0x00000000eab00000, 0x00000000ef000000, 0x0000000100000000)
  eden space 65536K, 0% used [0x00000000eab00000,0x00000000eab00000,0x00000000eeb00000)
  from space 2560K, 98% used [0x00000000eeb00000,0x00000000eed78998,0x00000000eed80000)
  to   space 2560K, 0% used [0x00000000eed80000,0x00000000eed80000,0x00000000ef000000)
 ParOldGen       total 77824K, used 43044K [0x00000000c0000000, 0x00000000c4c00000, 0x00000000eab00000)
  object space 77824K, 55% used [0x00000000c0000000,0x00000000c2a09078,0x00000000c4c00000)
 Metaspace       used 5948K, capacity 7152K, committed 7296K, reserved 1056768K
  class space    used 566K, capacity 616K, committed 640K, reserved 1048576K
}

Deoptimization events (10 events):
Event: 7.595 Thread 0x00000000026ed800 Uncommon trap: reason=unreached action=reinterpret pc=0x0000000002fd7d24 method=com.android.dx.rop.code.LocalVariableExtractor.processBlock(I)V @ 195
Event: 9.905 Thread 0x00000000026ed800 Uncommon trap: reason=unreached action=reinterpret pc=0x00000000030e3e68 method=com.android.dx.cf.direct.StdAttributeFactory.parse0(Lcom/android/dx/cf/direct/DirectClassFile;ILjava/lang/String;IILcom/android/dx/cf/iface/ParseObserver;)Lcom/android/dx/cf/if\ÓDË–Ï%@
Event: 10.905 Thread 0x00000000026ed800 Uncommon trap: reason=class_check action=maybe_recompile pc=0x00000000030d8f80 method=com.android.dx.ssa.back.FirstFitLocalCombiningAllocator.findNextUnreservedRopReg(IILcom/android/dx/ssa/back/FirstFitLocalCombiningAllocator$Alignment;)I @ 60
Event: 12.938 Thread 0x00000000026ed800 Uncommon trap: reason=unreached action=reinterpret pc=0x0000000002f2d83c method=com.android.dx.ssa.SCCP.simulateBranch(Lcom/android/dx/ssa/SsaInsn;)V @ 132
Event: 12.938 Thread 0x00000000026ed800 Uncommon trap: reason=unloaded action=reinterpret pc=0x0000000002fb50a0 method=com.android.dx.ssa.LiteralOpUpgrader$1.visitNonMoveInsn(Lcom/android/dx/ssa/NormalSsaInsn;)V @ 72
Event: 12.938 Thread 0x00000000026ed800 Uncommon trap: reason=unreached action=reinterpret pc=0x00000000031467c4 method=com.android.dx.ssa.SsaMethod.onInsnRemoved(Lcom/android/dx/ssa/SsaInsn;)V @ 29
Event: 12.939 Thread 0x00000000026ed800 Uncommon trap: reason=unreached action=reinterpret pc=0x0000000002d1369c method=com.android.dx.ssa.SsaMethod.updateOneDefinition(Lcom/android/dx/ssa/SsaInsn;Lcom/android/dx/rop/code/RegisterSpec;)V @ 4
Event: 13.393 Thread 0x00000000026ed800 Uncommon trap: reason=class_check action=maybe_recompile pc=0x00000000030d8f80 method=com.android.dx.ssa.back.FirstFitLocalCombiningAllocator.findNextUnreservedRopReg(IILcom/android/dx/ssa/back/FirstFitLocalCombiningAllocator$Alignment;)I @ 60
Event: 15.986 Thread 0x00000000026ed800 Uncommon trap: reason=bimorphic action=maybe_recompile pc=0x0000000002f48494 method=com.android.dx.cf.code.BytecodeArray.parseInstruction(ILcom/android/dx/cf/code/BytecodeArray$Visitor;)I @ 1287
Event: 15.986 Thread 0x00000000026ed800 Uncommon trap: reason=bimorphic action=maybe_recompile pc=0x0000000002f48494 method=com.android.dx.cf.code.BytecodeArray.parseInstruction(ILcom/android/dx/cf/code/BytecodeArray$Visitor;)I @ 1287

Internal exceptions (6 events):
Event: 0.036 Thread 0x00000000026ed800 Exception <a 'java/lang/NoSuchMethodError': Method sun.misc.Unsafe.defineClass(Ljava/lang/String;[BII)Ljava/lang/Class; name or signature does not match> (0x00000000eab0c878) thrown at [C:\workspace\8-2-build-windows-amd64-cygwin\jdk8u31\2394\hotspot\src\sÑ|Ñx¢?
Event: 0.036 Thread 0x00000000026ed800 Exception <a 'java/lang/NoSuchMethodError': Method sun.misc.Unsafe.prefetchRead(Ljava/lang/Object;J)V name or signature does not match> (0x00000000eab0cb08) thrown at [C:\workspace\8-2-build-windows-amd64-cygwin\jdk8u31\2394\hotspot\src\share\vm\prims\jni.^D—÷Iž@
Event: 2.202 Thread 0x00000000026ed800 Exception <a 'java/lang/ArrayIndexOutOfBoundsException': 18> (0x00000000eb928ef0) thrown at [C:\workspace\8-2-build-windows-amd64-cygwin\jdk8u31\2394\hotspot\src\share\vm\interpreter\interpreterRuntime.cpp, line 366]
Event: 2.203 Thread 0x00000000026ed800 Exception <a 'java/lang/ArrayIndexOutOfBoundsException'> (0x00000000eb92a988) thrown at [C:\workspace\8-2-build-windows-amd64-cygwin\jdk8u31\2394\hotspot\src\share\vm\runtime\sharedRuntime.cpp, line 604]
Event: 2.203 Thread 0x00000000026ed800 Exception <a 'java/lang/ArrayIndexOutOfBoundsException'> (0x00000000eb92bba0) thrown at [C:\workspace\8-2-build-windows-amd64-cygwin\jdk8u31\2394\hotspot\src\share\vm\runtime\sharedRuntime.cpp, line 604]
Event: 12.938 Thread 0x00000000026ed800 Implicit null exception at 0x0000000003146232 to 0x00000000031467b5

Events (10 events):
Event: 15.986 Thread 0x00000000026ed800 DEOPT UNPACKING pc=0x000000000293556a sp=0x00000000027ee548 mode 2
Event: 15.986 Thread 0x00000000026ed800 Uncommon trap: trap_request=0xffffffc6 fr.pc=0x0000000002f48494
Event: 15.986 Thread 0x00000000026ed800 DEOPT PACKING pc=0x0000000002f48494 sp=0x00000000027ee660
Event: 15.986 Thread 0x00000000026ed800 DEOPT UNPACKING pc=0x000000000293556a sp=0x00000000027ee5f8 mode 2
Event: 16.164 Executing VM operation: ParallelGCFailedAllocation
Event: 16.221 Executing VM operation: ParallelGCFailedAllocation done
Event: 16.221 Thread 0x0000000014dc1800 flushing nmethod 0x0000000002a01190
Event: 16.221 Thread 0x0000000014dc1800 flushing nmethod 0x0000000002a064d0
Event: 16.221 Thread 0x0000000014dc1800 flushing nmethod 0x0000000002a16210
Event: 16.221 Thread 0x0000000014dc1800 flushing nmethod 0x0000000002a16510


Dynamic libraries:
0x00007ff6d3260000 - 0x00007ff6d3294000 	C:\PROGRA~1\Java\JDK18~1.0_3\bin\java.exe
0x00007ffd9ad30000 - 0x00007ffd9aedc000 	C:\Windows\SYSTEM32\ntdll.dll
0x00007ffd99e70000 - 0x00007ffd99faa000 	C:\Windows\system32\KERNEL32.DLL
0x00007ffd98210000 - 0x00007ffd9831f000 	C:\Windows\system32\KERNELBASE.dll
0x00007ffd96cb0000 - 0x00007ffd96d38000 	C:\Windows\system32\apphelp.dll
0x00007ffd8af50000 - 0x00007ffd8af9f000 	C:\Windows\AppPatch\AppPatch64\AcGenral.DLL
0x00007ffd9a960000 - 0x00007ffd9aa07000 	C:\Windows\system32\msvcrt.dll
0x00007ffd97e80000 - 0x00007ffd97eab000 	C:\Windows\SYSTEM32\SspiCli.dll
0x00007ffd9a660000 - 0x00007ffd9a6b1000 	C:\Windows\system32\SHLWAPI.dll
0x00007ffd99c30000 - 0x00007ffd99da1000 	C:\Windows\system32\USER32.dll
0x00007ffd9a150000 - 0x00007ffd9a2c8000 	C:\Windows\system32\ole32.dll
0x00007ffd986e0000 - 0x00007ffd99aef000 	C:\Windows\system32\SHELL32.dll
0x00007ffd97690000 - 0x00007ffd976ae000 	C:\Windows\SYSTEM32\USERENV.dll
0x00007ffd9ac80000 - 0x00007ffd9ad25000 	C:\Windows\system32\ADVAPI32.dll
0x00007ffd91c50000 - 0x00007ffd91c6b000 	C:\Windows\SYSTEM32\MPR.dll
0x00007ffd99af0000 - 0x00007ffd99c27000 	C:\Windows\system32\RPCRT4.dll
0x00007ffd99fb0000 - 0x00007ffd9a007000 	C:\Windows\SYSTEM32\sechost.dll
0x00007ffd9a470000 - 0x00007ffd9a646000 	C:\Windows\SYSTEM32\combase.dll
0x00007ffd9aa10000 - 0x00007ffd9ab54000 	C:\Windows\system32\GDI32.dll
0x00007ffd980a0000 - 0x00007ffd980b4000 	C:\Windows\SYSTEM32\profapi.dll
0x00007ffd96720000 - 0x00007ffd967bf000 	C:\Windows\SYSTEM32\SHCORE.dll
0x00007ffd9a6c0000 - 0x00007ffd9a6f4000 	C:\Windows\system32\IMM32.DLL
0x00007ffd9a010000 - 0x00007ffd9a149000 	C:\Windows\system32\MSCTF.dll
0x00007ffd95ca0000 - 0x00007ffd95efa000 	C:\Windows\WinSxS\amd64_microsoft.windows.common-controls_6595b64144ccf1df_6.0.9600.17031_none_6242a4b3ecbb55a1\COMCTL32.dll
0x0000000071fd0000 - 0x00000000720a2000 	C:\PROGRA~1\Java\JDK18~1.0_3\jre\bin\msvcr100.dll
0x0000000072450000 - 0x0000000072caa000 	C:\PROGRA~1\Java\JDK18~1.0_3\jre\bin\server\jvm.dll
0x00007ffd91cb0000 - 0x00007ffd91cb9000 	C:\Windows\SYSTEM32\WSOCK32.dll
0x00007ffd8df70000 - 0x00007ffd8df8f000 	C:\Windows\SYSTEM32\WINMM.dll
0x00007ffd99db0000 - 0x00007ffd99db7000 	C:\Windows\system32\PSAPI.DLL
0x00007ffd9ac20000 - 0x00007ffd9ac78000 	C:\Windows\system32\WS2_32.dll
0x00007ffd8dbc0000 - 0x00007ffd8dbea000 	C:\Windows\SYSTEM32\WINMMBASE.dll
0x00007ffd9a710000 - 0x00007ffd9a719000 	C:\Windows\system32\NSI.dll
0x00007ffd981c0000 - 0x00007ffd9820a000 	C:\Windows\SYSTEM32\cfgmgr32.dll
0x00007ffd96f00000 - 0x00007ffd96f26000 	C:\Windows\SYSTEM32\DEVOBJ.dll
0x0000000072440000 - 0x000000007244f000 	C:\PROGRA~1\Java\JDK18~1.0_3\jre\bin\verify.dll
0x0000000072410000 - 0x0000000072438000 	C:\PROGRA~1\Java\JDK18~1.0_3\jre\bin\java.dll
0x00000000723f0000 - 0x0000000072406000 	C:\PROGRA~1\Java\JDK18~1.0_3\jre\bin\zip.dll

VM Arguments:
jvm_args: -Xmx1024M -Xss1m -Djava.ext.dirs=C:\Users\srameezk\AppData\Local\Android\sdk\build-tools\21.1.0\lib 
java_command: C:\Users\srameezk\AppData\Local\Android\sdk\build-tools\21.1.0\lib\dx.jar --dex --output C:\Users\srameezk\Documents\GitHub\CodeNameJunk123\JunkCarTraderApp\app\build\intermediates\pre-dexed\debug\classes-780ea59190d64aa0570fb34eb84edcf07b051958.jar C:\Users\srameezk\Documents\GitHub\CodeNameJunk123\JunkCarTraderApp\app\build\intermediates\exploded-aar\com.android.support\support-v4\21.0.3\classes.jar
java_class_path (initial): C:\Users\srameezk\AppData\Local\Android\sdk\build-tools\21.1.0\lib\dx.jar
Launcher Type: SUN_STANDARD

Environment Variables:
JAVA_HOME=C:\Program Files\Java\jdk1.8.0_31
PATH=C:\ProgramData\Oracle\Java\javapath;C:\Windows\system32;C:\Windows;C:\Windows\System32\Wbem;C:\Windows\System32\WindowsPowerShell\v1.0\;C:\Program Files\Microsoft SQL Server\110\DTS\Binn\;C:\Program Files (x86)\Microsoft SQL Server\110\Tools\Binn\;C:\Program Files\Microsoft SQL Server\110\Tools\Binn\;C:\Program Files (x86)\Microsoft SQL Server\110\Tools\Binn\ManagementStudio\;C:\Program Files (x86)\Microsoft Visual Studio 10.0\Common7\IDE\PrivateAssemblies\;C:\Program Files (x86)\Microsoft SQL Server\110\DTS\Binn\;C:\Program Files (x86)\Windows Kits\8.1\Windows Performance Toolkit\;C:\Program Files (x86)\Microsoft SDKs\TypeScript\1.0\
USERNAME=srameezk
OS=Windows_NT
PROCESSOR_IDENTIFIER=Intel64 Family 6 Model 23 Stepping 10, GenuineIntel



---------------  S Y S T E M  ---------------

OS: Windows 8.1 , 64 bit Build 9600 

CPU:total 2 (2 cores per cpu, 1 threads per core) family 6 model 23 stepping 10, cmov, cx8, fxsr, mmx, sse, sse2, sse3, ssse3, sse4.1, tsc

Memory: 4k page, physical 4111664k(728072k free), swap 5612696k(5088k free)

vm_info: Java HotSpot(TM) 64-Bit Server VM (25.31-b07) for windows-amd64 JRE (1.8.0_31-b13), built on Dec 17 2014 21:00:28 by "java_re" with MS VC++ 10.0 (VS2010)

time: Mon Apr 06 16:14:19 2015
elapsed time: 16 seconds (0d 0h 0m 16s)

