JvmtiExport can_access_local_variables 0
JvmtiExport can_hotswap_or_post_breakpoint 0
JvmtiExport can_post_on_exceptions 0
# 315 ciObject found
ciMethod java/lang/Object <init> ()V 4097 1 1133146 0 0
ciMethod java/lang/System arraycopy (Ljava/lang/Object;ILjava/lang/Object;II)V 3073 1 384 0 -1
ciMethod java/util/ArrayList <init> ()V 113 1 94155 0 -1
ciMethod java/util/ArrayList add (Ljava/lang/Object;)Z 2113 1 307345 0 -1
ciMethodData java/lang/Object <init> ()V 2 1133146 orig 264 104 158 160 114 0 0 0 0 136 4 66 20 0 0 0 0 32 1 0 0 0 0 0 0 0 0 0 0 0 0 0 0 0 0 0 0 0 0 0 0 0 0 0 0 0 0 0 0 0 0 0 0 0 0 0 0 0 0 0 0 0 0 0 0 0 0 0 0 0 0 0 0 0 0 0 0 0 0 0 0 77 68 79 32 101 120 116 114 97 32 100 97 116 97 32 108 111 99 107 0 0 0 0 0 0 0 0 0 0 0 0 0 0 0 0 0 0 0 0 0 0 0 0 0 0 0 0 0 0 0 0 0 0 0 0 0 0 0 0 0 0 0 0 0 0 0 0 0 0 0 0 0 0 0 0 0 0 0 0 0 0 0 0 0 0 0 0 0 0 0 0 0 0 0 0 0 0 0 0 0 0 0 0 0 1 0 0 0 0 0 0 0 1 0 0 0 0 0 0 0 1 0 0 0 0 0 0 0 0 0 0 0 0 0 0 0 0 2 0 0 209 66 138 0 1 0 0 0 0 0 0 0 0 0 0 0 2 0 0 0 0 0 3 0 3 0 0 0 0 0 0 0 255 255 255 255 0 0 0 0 0 0 0 0 data 0 oops 0
ciMethod com/android/dx/rop/cst/ConstantPool get (I)Lcom/android/dx/rop/cst/Constant; 0 0 1 0 -1
ciMethod com/android/dx/util/ByteArray getByte (I)I 113 1 805 0 -1
ciMethod com/android/dx/util/ByteArray getShort (I)I 3985 1 2160 0 0
ciMethod com/android/dx/util/ByteArray getInt (I)I 833 1 6248 0 256
ciMethod com/android/dx/util/ByteArray getUnsignedByte (I)I 3073 1 85646 0 160
ciMethod com/android/dx/util/ByteArray getUnsignedShort (I)I 2169 1 93201 0 224
ciMethod com/android/dx/util/ByteArray checkOffsets (II)V 3409 1 5546 0 96
ciMethod com/android/dx/util/ByteArray getByte0 (I)I 2377 1 9041 0 0
ciMethod com/android/dx/util/ByteArray getUnsignedByte0 (I)I 3777 1 309378 0 96
ciMethod com/android/dx/cf/code/BytecodeArray$Visitor visitInvalid (III)V 0 0 1 0 -1
ciMethod com/android/dx/cf/code/BytecodeArray$Visitor visitNoArgs (IIILcom/android/dx/rop/type/Type;)V 0 0 1 0 -1
ciMethod com/android/dx/cf/code/BytecodeArray$Visitor visitLocal (IIIILcom/android/dx/rop/type/Type;I)V 0 0 1 0 -1
ciMethod com/android/dx/cf/code/BytecodeArray$Visitor visitConstant (IIILcom/android/dx/rop/cst/Constant;I)V 0 0 1 0 -1
ciMethod com/android/dx/cf/code/BytecodeArray$Visitor visitBranch (IIII)V 0 0 1 0 -1
ciMethod com/android/dx/cf/code/BytecodeArray$Visitor visitSwitch (IIILcom/android/dx/cf/code/SwitchList;I)V 0 0 1 0 -1
ciMethod com/android/dx/cf/code/BytecodeArray$Visitor visitNewarray (IILcom/android/dx/rop/cst/CstType;Ljava/util/ArrayList;)V 0 0 1 0 -1
ciMethod com/android/dx/cf/code/BytecodeArray$Visitor getPreviousOffset ()I 0 0 1 0 -1
ciMethod com/android/dx/rop/cst/CstInteger make (I)Lcom/android/dx/rop/cst/CstInteger; 345 1 5163 0 -1
ciMethod com/android/dx/rop/cst/CstInteger <init> (I)V 241 1 241 0 -1
ciMethod com/android/dx/rop/cst/CstInteger getValue ()I 2073 1 14546 0 -1
ciMethod com/android/dx/rop/cst/CstLiteral32 getIntBits ()I 1041 1 130 0 -1
ciMethod com/android/dx/rop/cst/CstFieldRef getType ()Lcom/android/dx/rop/type/Type; 161 1 4072 0 -1
ciMethod com/android/dx/rop/cst/CstBaseMethodRef getPrototype (Z)Lcom/android/dx/rop/type/Prototype; 1681 1 6354 0 -1
ciMethod com/android/dx/rop/cst/CstInterfaceMethodRef toMethodRef ()Lcom/android/dx/rop/cst/CstMethodRef; 449 1 593 0 -1
ciMethod com/android/dx/rop/cst/StdConstantPool get (I)Lcom/android/dx/rop/cst/Constant; 2049 1 25942 0 128
ciMethod com/android/dx/rop/cst/StdConstantPool throwInvalid (I)Lcom/android/dx/rop/cst/Constant; 0 0 1 0 -1
ciMethod com/android/dx/util/MutabilityControl <init> (Z)V 2049 1 48779 0 0
ciMethod com/android/dx/util/MutabilityControl setImmutable ()V 2049 1 190104 0 0
ciMethod com/android/dx/util/MutabilityControl throwIfImmutable ()V 2049 1 354793 0 64
ciMethod com/android/dx/rop/type/Type getBasicFrameType ()I 4097 1 1538 0 -1
ciMethod com/android/dx/rop/type/Type isCategory1 ()Z 0 0 146 0 -1
ciMethod com/android/dx/rop/type/Type isCategory2 ()Z 3169 1 1420 0 -1
ciMethod com/android/dx/rop/type/Type isArrayOrKnownNull ()Z 9 1 58 0 -1
ciMethod com/android/dx/rop/type/Type getComponentType ()Lcom/android/dx/rop/type/Type; 1313 1 426 0 -1
ciMethod com/android/dx/rop/type/Prototype internInts (Lcom/android/dx/rop/type/Type;I)Lcom/android/dx/rop/type/Prototype; 0 0 1 0 -1
ciMethod com/android/dx/util/FixedSizeList <init> (I)V 2049 1 5376 0 256
ciMethod com/android/dx/util/FixedSizeList size ()I 2049 1 495293 0 0
ciMethod com/android/dx/util/FixedSizeList get0 (I)Ljava/lang/Object; 2113 1 5384 0 128
ciMethod com/android/dx/util/FixedSizeList set0 (ILjava/lang/Object;)V 2049 1 226511 0 192
ciMethod com/android/dx/util/FixedSizeList throwIndex (I)Ljava/lang/Object; 0 0 1 0 -1
ciMethodData com/android/dx/util/ByteArray getUnsignedByte0 (I)I 2 309378 orig 264 104 158 160 114 0 0 0 0 96 84 133 20 0 0 0 0 40 1 0 0 0 0 0 0 0 0 0 0 0 0 0 0 0 0 0 0 0 0 0 0 0 0 0 0 0 0 0 0 0 0 0 0 0 0 0 0 0 0 0 0 0 0 0 0 0 0 0 0 0 0 0 0 0 0 0 0 0 0 0 0 77 68 79 32 101 120 116 114 97 32 100 97 116 97 32 108 111 99 107 0 0 0 0 0 0 0 0 0 0 0 0 0 0 0 0 0 0 0 0 0 0 0 0 0 0 0 0 0 0 0 0 0 0 0 0 0 0 0 0 0 0 0 0 0 0 0 0 0 0 0 0 0 0 0 0 0 0 0 0 0 0 0 0 0 0 0 0 0 0 0 0 0 0 0 0 0 0 0 0 0 0 0 0 0 1 0 0 0 0 0 0 0 0 0 0 0 0 0 0 0 1 0 0 0 0 0 0 0 0 0 0 0 0 0 0 0 216 1 0 0 81 181 37 0 1 0 0 0 0 0 0 0 0 0 0 0 2 0 0 0 0 0 3 0 4 0 0 0 0 0 0 0 255 255 255 255 0 0 0 0 0 0 0 0 data 0 oops 0
ciMethodData com/android/dx/util/ByteArray checkOffsets (II)V 2 5546 orig 264 104 158 160 114 0 0 0 0 216 82 133 20 0 0 0 0 40 3 0 0 64 0 0 0 0 0 0 0 0 0 0 0 0 0 0 0 0 0 0 0 0 0 0 0 0 0 0 0 0 0 0 0 0 0 0 0 0 0 0 0 0 0 0 0 0 0 0 0 0 0 0 0 0 0 0 0 0 0 0 0 77 68 79 32 101 120 116 114 97 32 100 97 116 97 32 108 111 99 107 0 0 0 0 0 0 0 0 0 0 0 0 0 0 0 0 0 0 0 0 0 0 0 0 0 0 0 0 0 0 0 0 0 0 0 0 0 0 0 0 0 0 0 0 0 0 0 0 0 0 0 0 0 0 0 0 0 0 0 0 0 0 0 0 0 0 0 0 0 0 0 0 0 0 0 0 0 0 0 0 0 0 0 0 0 25 0 0 0 0 0 0 0 0 0 0 0 0 0 0 0 1 0 0 0 0 0 0 0 0 0 0 0 0 0 0 0 170 1 0 0 1 160 0 0 1 0 0 0 0 0 0 0 0 0 0 0 2 0 0 0 0 0 10 0 4 0 1 0 208 1 0 0 255 255 255 255 7 0 1 0 0 0 0 0 data 58 0x10007 0x0 0x60 0x1400 0x60007 0x0 0x40 0x1400 0xe0007 0x1400 0x190 0x0 0x190002 0x0 0x1e0005 0x0 0x0 0x0 0x0 0x0 0x220005 0x0 0x0 0x0 0x0 0x0 0x270005 0x0 0x0 0x0 0x0 0x0 0x2b0005 0x0 0x0 0x0 0x0 0x0 0x300005 0x0 0x0 0x0 0x0 0x0 0x370005 0x0 0x0 0x0 0x0 0x0 0x3a0005 0x0 0x0 0x0 0x0 0x0 0x3d0002 0x0 oops 0
ciMethod com/android/dx/cf/code/BytecodeArray parseInstruction (ILcom/android/dx/cf/code/BytecodeArray$Visitor;)I 4097 1 25728 0 -1
ciMethod com/android/dx/cf/code/BytecodeArray parseTableswitch (ILcom/android/dx/cf/code/BytecodeArray$Visitor;)I 1 1 64 0 0
ciMethod com/android/dx/cf/code/BytecodeArray parseLookupswitch (ILcom/android/dx/cf/code/BytecodeArray$Visitor;)I 1 1 52 0 0
ciMethod com/android/dx/cf/code/BytecodeArray parseNewarray (ILcom/android/dx/cf/code/BytecodeArray$Visitor;)I 1 1 56 0 0
ciMethod com/android/dx/cf/code/BytecodeArray parseWide (ILcom/android/dx/cf/code/BytecodeArray$Visitor;)I 0 0 1 0 0
ciMethod com/android/dx/cf/code/ByteCatchList <init> (I)V 9 1 112 0 0
ciMethod com/android/dx/cf/code/ByteCatchList get (I)Lcom/android/dx/cf/code/ByteCatchList$Item; 15561 1 2742 0 0
ciMethod com/android/dx/cf/code/ByteCatchList set (ILcom/android/dx/cf/code/ByteCatchList$Item;)V 1 1 432 0 0
ciMethod com/android/dx/cf/code/ByteCatchList listFor (I)Lcom/android/dx/cf/code/ByteCatchList; 2841 1 4569 0 0
ciMethod com/android/dx/cf/code/ByteCatchList typeNotFound (Lcom/android/dx/cf/code/ByteCatchList$Item;[Lcom/android/dx/cf/code/ByteCatchList$Item;I)Z 1 1 451 0 0
ciMethod com/android/dx/cf/code/ByteCatchList toTargetList (I)Lcom/android/dx/util/IntList; 2841 1 4569 0 0
ciMethod com/android/dx/cf/code/LocalVariableList pcAndIndexToLocal (II)Lcom/android/dx/cf/code/LocalVariableList$Item; 2049 1945 12544 0 -1
ciMethod com/android/dx/cf/code/LocalVariableList$Item getLocalItem ()Lcom/android/dx/rop/code/LocalItem; 1753 1 7704 0 -1
ciMethod com/android/dx/cf/code/LocalVariableList$Item getType ()Lcom/android/dx/rop/type/Type; 2025 1 8399 0 -1
ciMethod com/android/dx/cf/attrib/AttCode getCatches ()Lcom/android/dx/cf/code/ByteCatchList; 1121 1 140 0 0
ciMethod com/android/dx/cf/code/ConcreteMethod getCatches ()Lcom/android/dx/cf/code/ByteCatchList; 3393 1 22375 0 0
ciMethod com/android/dx/cf/code/Machine clearArgs ()V 0 0 1 0 -1
ciMethod com/android/dx/cf/code/Machine popArgs (Lcom/android/dx/cf/code/Frame;I)V 0 0 1 0 -1
ciMethod com/android/dx/cf/code/Machine popArgs (Lcom/android/dx/cf/code/Frame;Lcom/android/dx/rop/type/Prototype;)V 0 0 1 0 -1
ciMethod com/android/dx/cf/code/Machine popArgs (Lcom/android/dx/cf/code/Frame;Lcom/android/dx/rop/type/Type;)V 0 0 1 0 -1
ciMethod com/android/dx/cf/code/Machine popArgs (Lcom/android/dx/cf/code/Frame;Lcom/android/dx/rop/type/Type;Lcom/android/dx/rop/type/Type;)V 0 0 1 0 -1
ciMethod com/android/dx/cf/code/Machine popArgs (Lcom/android/dx/cf/code/Frame;Lcom/android/dx/rop/type/Type;Lcom/android/dx/rop/type/Type;Lcom/android/dx/rop/type/Type;)V 0 0 1 0 -1
ciMethod com/android/dx/cf/code/Machine localArg (Lcom/android/dx/cf/code/Frame;I)V 0 0 1 0 -1
ciMethod com/android/dx/cf/code/Machine localInfo (Z)V 0 0 1 0 -1
ciMethod com/android/dx/cf/code/Machine auxType (Lcom/android/dx/rop/type/Type;)V 0 0 1 0 -1
ciMethod com/android/dx/cf/code/Machine auxIntArg (I)V 0 0 1 0 -1
ciMethod com/android/dx/cf/code/Machine auxCstArg (Lcom/android/dx/rop/cst/Constant;)V 0 0 1 0 -1
ciMethod com/android/dx/cf/code/Machine auxTargetArg (I)V 0 0 1 0 -1
ciMethod com/android/dx/cf/code/Machine localTarget (ILcom/android/dx/rop/type/Type;Lcom/android/dx/rop/code/LocalItem;)V 0 0 1 0 -1
ciMethod com/android/dx/cf/code/Machine run (Lcom/android/dx/cf/code/Frame;II)V 0 0 1 0 -1
ciMethod com/android/dx/cf/code/BasicBlocker visitNoArgs (IIILcom/android/dx/rop/type/Type;)V 2049 1 4329 0 0
ciMethod com/android/dx/cf/code/BasicBlocker visitLocal (IIIILcom/android/dx/rop/type/Type;I)V 2049 1 8795 0 -1
ciMethod com/android/dx/cf/code/BasicBlocker visitConstant (IIILcom/android/dx/rop/cst/Constant;I)V 2049 1 6400 0 3168
ciMethod com/android/dx/cf/code/BasicBlocker visitBranch (IIII)V 2049 1 1021 0 0
ciMethod com/android/dx/cf/code/BasicBlocker addWorkIfNecessary (IZ)V 2049 1 22717 0 256
ciMethod com/android/dx/cf/code/BasicBlocker visitCommon (IIZ)V 3073 1 20631 0 0
ciMethod com/android/dx/cf/code/BasicBlocker visitThrowing (IIZ)V 1817 1 4569 0 0
ciMethod com/android/dx/util/Bits get ([II)Z 3313 1 86652 0 128
ciMethod com/android/dx/util/Bits set ([II)V 2049 1 94561 0 128
ciMethod com/android/dx/util/IntList makeImmutable (I)Lcom/android/dx/util/IntList; 4025 1 14049 0 0
ciMethod com/android/dx/util/IntList makeImmutable (II)Lcom/android/dx/util/IntList; 1513 1 737 0 0
ciMethod com/android/dx/util/IntList <init> (I)V 2049 1 5376 0 256
ciMethod com/android/dx/util/IntList add (I)V 2049 1 5376 0 768
ciMethod com/android/dx/util/IntList growIfNeeded ()V 2041 1 5375 0 544
ciMethod com/android/dx/cf/code/ByteOps opInfo (I)I 4097 1 20992 0 0
ciMethod com/android/dx/cf/code/ByteCatchList$Item getHandlerPc ()I 1025 1 128 0 0
ciMethod com/android/dx/cf/code/ByteCatchList$Item getExceptionClass ()Lcom/android/dx/rop/cst/CstType; 2049 1 1406 0 -1
ciMethod com/android/dx/cf/code/ByteCatchList$Item covers (I)Z 2049 1 2064 0 0
ciMethod com/android/dx/cf/code/BaseMachine throwLocalMismatch (Lcom/android/dx/rop/type/TypeBearer;Lcom/android/dx/rop/type/TypeBearer;)V 0 0 1 0 -1
ciMethod com/android/dx/cf/code/Simulator access$100 ()Lcom/android/dx/cf/code/SimException; 0 0 1 0 -1
ciMethod com/android/dx/cf/code/Simulator access$200 (Lcom/android/dx/rop/type/Type;Lcom/android/dx/rop/type/Type;)Lcom/android/dx/rop/type/Type; 17 1 137 0 -1
ciMethod com/android/dx/cf/code/Simulator access$300 (Lcom/android/dx/cf/code/Simulator;)Lcom/android/dx/cf/code/LocalVariableList; 1257 1 157 0 -1
ciMethod com/android/dx/cf/code/Simulator$SimVisitor visitInvalid (III)V 0 0 1 0 -1
ciMethod com/android/dx/cf/code/Simulator$SimVisitor visitNoArgs (IIILcom/android/dx/rop/type/Type;)V 2049 1 5384 0 26624
ciMethod com/android/dx/cf/code/Simulator$SimVisitor checkReturnType (Lcom/android/dx/rop/type/Type;)V 1265 1 2639 0 -1
ciMethod com/android/dx/cf/code/Simulator$SimVisitor visitLocal (IIIILcom/android/dx/rop/type/Type;I)V 2049 1 8448 0 -1
ciMethod com/android/dx/cf/code/Simulator$SimVisitor visitConstant (IIILcom/android/dx/rop/cst/Constant;I)V 2049 1 12066 0 -1
ciMethod com/android/dx/cf/code/Simulator$SimVisitor visitBranch (IIII)V 2049 1 3904 0 -1
ciMethod com/android/dx/cf/code/Frame getStack ()Lcom/android/dx/cf/code/ExecutionStack; 1033 1 129 0 -1
ciMethod com/android/dx/cf/code/ExecutionStack peekLocal (I)Z 0 0 64 0 -1
ciMethod com/android/dx/cf/code/ExecutionStack peekType (I)Lcom/android/dx/rop/type/Type; 377 1 2315 0 -1
ciMethodData com/android/dx/util/FixedSizeList size ()I 2 495293 orig 264 104 158 160 114 0 0 0 0 200 232 134 20 0 0 0 0 32 1 0 0 0 0 0 0 0 0 0 0 0 0 0 0 0 0 0 0 0 0 0 0 0 0 0 0 0 0 0 0 0 0 0 0 0 0 0 0 0 0 0 0 0 0 0 0 0 0 0 0 0 0 0 0 0 0 0 0 0 0 0 0 77 68 79 32 101 120 116 114 97 32 100 97 116 97 32 108 111 99 107 0 0 0 0 0 0 0 0 0 0 0 0 0 0 0 0 0 0 0 0 0 0 0 0 0 0 0 0 0 0 0 0 0 0 0 0 0 0 0 0 0 0 0 0 0 0 0 0 0 0 0 0 0 0 0 0 0 0 0 0 0 0 0 0 0 0 0 0 0 0 0 0 0 0 0 0 0 0 0 0 0 0 0 0 0 1 0 0 0 0 0 0 0 0 0 0 0 0 0 0 0 1 0 0 0 0 0 0 0 0 0 0 0 0 0 0 0 0 1 0 0 233 109 60 0 1 0 0 0 0 0 0 0 0 0 0 0 2 0 0 0 0 0 3 0 3 0 0 0 0 0 0 0 255 255 255 255 0 0 0 0 0 0 0 0 data 0 oops 0
ciMethodData com/android/dx/util/MutabilityControl throwIfImmutable ()V 2 354793 orig 264 104 158 160 114 0 0 0 0 152 55 134 20 0 0 0 0 80 1 0 0 0 0 0 0 0 0 0 0 0 0 0 0 0 0 0 0 0 0 0 0 0 0 0 0 0 0 0 0 0 0 0 0 0 0 0 0 0 0 0 0 0 0 0 0 0 0 0 0 0 0 0 0 0 0 0 0 0 0 0 0 77 68 79 32 101 120 116 114 97 32 100 97 116 97 32 108 111 99 107 0 0 0 0 0 0 0 0 0 0 0 0 0 0 0 0 0 0 0 0 0 0 0 0 0 0 0 0 0 0 0 0 0 0 0 0 0 0 0 0 0 0 0 0 0 0 0 0 0 0 0 0 0 0 0 0 0 0 0 0 0 0 0 0 0 0 0 0 0 0 0 0 0 0 0 0 0 0 0 0 0 0 0 0 0 25 0 0 0 0 0 0 0 0 0 0 0 0 0 0 0 1 0 0 0 0 0 0 0 0 0 0 0 0 0 0 0 0 1 0 0 73 71 43 0 1 0 0 0 0 0 0 0 0 0 0 0 2 0 0 0 0 0 5 0 4 0 1 0 48 0 0 0 255 255 255 255 7 0 4 0 0 0 0 0 data 6 0x40007 0x568e9 0x30 0x0 0xd0002 0x0 oops 0
ciMethodData com/android/dx/util/ByteArray getUnsignedByte (I)I 2 85646 orig 264 104 158 160 114 0 0 0 0 24 80 133 20 0 0 0 0 72 1 0 0 0 0 0 0 0 0 0 0 0 0 0 0 0 0 0 0 0 0 0 0 0 0 0 0 0 0 0 0 0 0 0 0 0 0 0 0 0 0 0 0 0 0 0 0 0 0 0 0 0 0 0 0 0 0 0 0 0 0 0 0 77 68 79 32 101 120 116 114 97 32 100 97 116 97 32 108 111 99 107 0 0 0 0 0 0 0 0 0 0 0 0 0 0 0 0 0 0 0 0 0 0 0 0 0 0 0 0 0 0 0 0 0 0 0 0 0 0 0 0 0 0 0 0 0 0 0 0 0 0 0 0 0 0 0 0 0 0 0 0 0 0 0 0 0 0 0 0 0 0 0 0 0 0 0 0 0 0 0 0 0 0 0 0 0 17 0 0 0 0 0 0 0 0 0 0 0 0 0 0 0 1 0 0 0 0 0 0 0 0 0 0 0 0 0 0 0 128 1 0 0 113 104 10 0 1 0 0 0 0 0 0 0 0 0 0 0 2 0 0 0 0 0 3 0 4 0 1 0 32 0 0 0 255 255 255 255 2 0 5 0 0 0 0 0 data 4 0x50002 0x14d0e 0xa0002 0x14d0e oops 0
ciMethodData com/android/dx/util/ByteArray getUnsignedShort (I)I 2 93201 orig 264 104 158 160 114 0 0 0 0 224 80 133 20 0 0 0 0 88 1 0 0 0 0 0 0 0 0 0 0 0 0 0 0 0 0 0 0 0 0 0 0 0 0 0 0 0 0 0 0 0 0 0 0 0 0 0 0 0 0 0 0 0 0 0 0 0 0 0 0 0 0 0 0 0 0 0 0 0 0 0 0 77 68 79 32 101 120 116 114 97 32 100 97 116 97 32 108 111 99 107 0 0 0 0 0 0 0 0 0 0 0 0 0 0 0 0 0 0 0 0 0 0 0 0 0 0 0 0 0 0 0 0 0 0 0 0 0 0 0 0 0 0 0 0 0 0 0 0 0 0 0 0 0 0 0 0 0 0 0 0 0 0 0 0 0 0 0 0 0 0 0 0 0 0 0 0 0 0 0 0 0 0 0 0 0 17 0 0 0 0 0 0 0 0 0 0 0 0 0 0 0 1 0 0 0 0 0 0 0 0 0 0 0 0 0 0 0 14 1 0 0 17 88 11 0 1 0 0 0 0 0 0 0 0 0 0 0 2 0 0 0 0 0 3 0 4 0 1 0 48 0 0 0 255 255 255 255 2 0 5 0 0 0 0 0 data 6 0x50002 0x16b02 0xa0002 0x16b02 0x140002 0x16b02 oops 0
ciMethodData com/android/dx/util/FixedSizeList get0 (I)Ljava/lang/Object; 2 5384 orig 264 104 158 160 114 0 0 0 0 96 235 134 20 0 0 0 0 48 2 0 0 192 0 0 0 0 0 0 0 0 0 0 0 0 0 0 0 0 0 0 0 0 0 0 0 0 0 0 0 0 0 0 0 0 0 0 0 0 0 0 0 0 0 0 0 0 0 0 0 0 0 0 0 0 0 0 0 0 0 0 0 77 68 79 32 101 120 116 114 97 32 100 97 116 97 32 108 111 99 107 0 0 0 0 0 0 0 0 0 0 0 0 0 0 0 0 0 0 0 0 0 0 0 0 0 0 0 0 0 0 0 0 0 0 0 0 0 0 0 0 0 0 0 0 0 0 0 0 0 0 0 0 0 0 0 0 0 0 0 0 0 0 0 0 0 0 0 0 0 0 0 0 0 0 0 0 0 0 0 0 0 0 0 0 0 25 0 0 0 0 0 0 0 0 0 0 0 0 0 0 0 1 0 0 0 0 0 0 0 0 0 0 0 0 0 0 0 8 1 0 0 1 160 0 0 1 0 0 0 0 0 0 0 0 0 0 0 2 0 0 0 0 0 9 0 4 0 1 0 224 0 0 0 255 255 255 255 7 0 8 0 0 0 0 0 data 28 0x80007 0x1400 0xd0 0x0 0x130002 0x0 0x180005 0x0 0x0 0x0 0x0 0x0 0x1c0005 0x0 0x0 0x0 0x0 0x0 0x1f0005 0x0 0x0 0x0 0x0 0x0 0x220002 0x0 0x2b0002 0x0 oops 0
ciMethodData com/android/dx/util/MutabilityControl <init> (Z)V 2 48779 orig 264 104 158 160 114 0 0 0 0 224 52 134 20 0 0 0 0 56 1 0 0 0 0 0 0 0 0 0 0 0 0 0 0 0 0 0 0 0 0 0 0 0 0 0 0 0 0 0 0 0 0 0 0 0 0 0 0 0 0 0 0 0 0 0 0 0 0 0 0 0 0 0 0 0 0 0 0 0 0 0 0 77 68 79 32 101 120 116 114 97 32 100 97 116 97 32 108 111 99 107 0 0 0 0 0 0 0 0 0 0 0 0 0 0 0 0 0 0 0 0 0 0 0 0 0 0 0 0 0 0 0 0 0 0 0 0 0 0 0 0 0 0 0 0 0 0 0 0 0 0 0 0 0 0 0 0 0 0 0 0 0 0 0 0 0 0 0 0 0 0 0 0 0 0 0 0 0 0 0 0 0 0 0 0 0 0 0 0 0 0 0 0 0 0 0 0 0 0 0 0 0 0 0 0 0 0 0 0 0 0 0 0 0 0 0 0 0 0 1 0 0 89 236 5 0 1 0 0 0 0 0 0 0 0 0 0 0 2 0 0 0 0 0 3 0 3 0 1 0 16 0 0 0 255 255 255 255 2 0 1 0 0 0 0 0 data 2 0x10002 0xbd8b oops 0
ciMethodData com/android/dx/util/FixedSizeList set0 (ILjava/lang/Object;)V 2 226511 orig 264 104 158 160 114 0 0 0 0 24 237 134 20 0 0 0 0 224 1 0 0 0 0 0 0 0 0 0 0 0 0 0 0 0 0 0 0 0 0 0 0 0 0 0 0 0 0 0 0 0 0 0 0 0 0 0 0 0 0 0 0 0 0 0 0 0 0 0 0 0 0 0 0 0 0 0 0 0 0 0 0 77 68 79 32 101 120 116 114 97 32 100 97 116 97 32 108 111 99 107 0 0 0 0 0 0 0 0 0 0 0 0 0 0 0 0 0 0 0 0 0 0 0 0 0 0 0 0 0 0 0 0 0 0 0 0 0 0 0 0 0 0 0 0 0 0 0 0 0 0 0 0 0 0 0 0 0 0 0 0 0 0 0 0 0 0 0 0 0 0 0 0 0 0 0 0 0 0 0 0 0 0 0 0 0 17 0 0 0 0 0 0 0 0 0 0 0 0 0 0 0 0 0 0 0 0 0 0 0 0 0 0 0 0 0 0 0 0 1 0 0 121 158 27 0 1 0 0 0 0 0 0 0 0 0 0 0 2 0 0 0 0 0 11 0 4 0 1 0 136 0 0 0 255 255 255 255 5 0 1 0 0 0 0 0 data 17 0x10005 0x25b7e 0x1682a6f0 0xccd0 0x1682a7a0 0x4b81 0xa0004 0x0 0x1682a850 0xccd0 0x17c80f40 0x4b81 0xb0003 0x373cf 0x28 0x110002 0x0 oops 4 2 com/android/dx/rop/code/RegisterSpecList 4 com/android/dx/rop/type/StdTypeList 8 com/android/dx/rop/code/RegisterSpec 10 com/android/dx/rop/type/Type
ciMethodData com/android/dx/util/MutabilityControl setImmutable ()V 2 190104 orig 264 104 158 160 114 0 0 0 0 136 53 134 20 0 0 0 0 32 1 0 0 0 0 0 0 0 0 0 0 0 0 0 0 0 0 0 0 0 0 0 0 0 0 0 0 0 0 0 0 0 0 0 0 0 0 0 0 0 0 0 0 0 0 0 0 0 0 0 0 0 0 0 0 0 0 0 0 0 0 0 0 77 68 79 32 101 120 116 114 97 32 100 97 116 97 32 108 111 99 107 0 0 0 0 0 0 0 0 0 0 0 0 0 0 0 0 0 0 0 0 0 0 0 0 0 0 0 0 0 0 0 0 0 0 0 0 0 0 0 0 0 0 0 0 0 0 0 0 0 0 0 0 0 0 0 0 0 0 0 0 0 0 0 0 0 0 0 0 0 0 0 0 0 0 0 0 0 0 0 0 0 0 0 0 0 0 0 0 0 0 0 0 0 0 0 0 0 0 0 0 0 0 0 0 0 0 0 0 0 0 0 0 0 0 0 0 0 0 1 0 0 193 44 23 0 1 0 0 0 0 0 0 0 0 0 0 0 2 0 0 0 0 0 3 0 3 0 0 0 0 0 0 0 255 255 255 255 0 0 0 0 0 0 0 0 data 0 oops 0
ciMethodData com/android/dx/util/IntList add (I)V 2 5376 orig 264 104 158 160 114 0 0 0 0 64 160 139 20 0 0 0 0 8 2 0 0 0 0 0 0 0 0 0 0 0 0 0 0 0 0 0 0 0 0 0 0 0 0 0 0 0 0 0 0 0 0 0 0 0 0 0 0 0 0 0 0 0 0 0 0 0 0 0 0 0 0 0 0 0 0 0 0 0 0 0 0 77 68 79 32 101 120 116 114 97 32 100 97 116 97 32 108 111 99 107 0 0 0 0 0 0 0 0 0 0 0 0 0 0 0 0 0 0 0 0 0 0 0 0 0 0 0 0 0 0 0 0 0 0 0 0 0 0 0 0 0 0 0 0 0 0 0 0 0 0 0 0 0 0 0 0 0 0 0 0 0 0 0 0 0 0 0 0 0 0 0 0 0 0 0 0 0 0 0 0 0 0 0 0 0 17 0 0 0 0 0 0 0 0 0 0 0 0 0 0 0 1 0 0 0 0 0 0 0 0 0 0 0 0 0 0 0 0 1 0 0 1 160 0 0 1 0 0 0 0 0 0 0 0 0 0 0 2 0 0 0 0 0 14 0 4 0 1 0 184 0 0 0 255 255 255 255 5 0 1 0 0 0 0 0 data 23 0x10005 0x0 0x16791270 0x1400 0x0 0x0 0x50002 0x1400 0x1d0007 0x6d4 0x78 0xd2c 0x250007 0x81b 0x58 0x511 0x350007 0x25 0x38 0x4ec 0x390003 0x4ec 0x18 oops 1 2 com/android/dx/util/IntList
ciMethodData com/android/dx/util/IntList growIfNeeded ()V 2 5375 orig 264 104 158 160 114 0 0 0 0 144 163 139 20 0 0 0 0 120 1 0 0 0 0 0 0 0 0 0 0 0 0 0 0 0 0 0 0 0 0 0 0 0 0 0 0 0 0 0 0 0 0 0 0 0 0 0 0 0 0 0 0 0 0 0 0 0 0 0 0 0 0 0 0 0 0 0 0 0 0 0 0 77 68 79 32 101 120 116 114 97 32 100 97 116 97 32 108 111 99 107 0 0 0 0 0 0 0 0 0 0 0 0 0 0 0 0 0 0 0 0 0 0 0 0 0 0 0 0 0 0 0 0 0 0 0 0 0 0 0 0 0 0 0 0 0 0 0 0 0 0 0 0 0 0 0 0 0 0 0 0 0 0 0 0 0 0 0 0 0 0 0 0 0 0 0 0 0 0 0 0 0 0 0 0 0 25 0 0 0 0 0 0 0 0 0 0 0 0 0 0 0 1 0 0 0 0 0 0 0 0 0 0 0 0 0 0 0 255 0 0 0 1 160 0 0 1 0 0 0 0 0 0 0 0 0 0 0 2 0 0 0 0 0 6 0 4 0 1 0 48 0 0 0 255 255 255 255 7 0 9 0 0 0 0 0 data 6 0x90007 0x133f 0x30 0xc1 0x250002 0xc1 oops 0
ciMethodData com/android/dx/util/FixedSizeList <init> (I)V 2 5376 orig 264 104 158 160 114 0 0 0 0 24 227 134 20 0 0 0 0 152 1 0 0 56 0 0 0 0 0 0 0 0 0 0 0 0 0 0 0 0 0 0 0 0 0 0 0 0 0 0 0 0 0 0 0 0 0 0 0 0 0 0 0 0 0 0 0 0 0 0 0 0 0 0 0 0 0 0 0 0 0 0 0 77 68 79 32 101 120 116 114 97 32 100 97 116 97 32 108 111 99 107 0 0 0 0 0 0 0 0 0 0 0 0 0 0 0 0 0 0 0 0 0 0 0 0 0 0 0 0 0 0 0 0 0 0 0 0 0 0 0 0 0 0 0 0 0 0 0 0 0 0 0 0 0 0 0 0 0 0 0 0 0 0 0 0 0 0 0 0 0 0 0 0 0 0 0 0 0 0 0 0 0 0 0 0 0 0 0 0 0 0 0 0 0 0 0 0 0 0 0 0 0 0 0 0 0 0 0 0 0 0 0 0 0 0 0 0 0 0 1 0 0 1 160 0 0 1 0 0 0 0 0 0 0 0 0 0 0 2 0 0 0 0 0 10 0 4 0 1 0 112 0 0 0 255 255 255 255 7 0 2 0 0 0 0 0 data 14 0x20007 0x798 0x38 0xc68 0x60003 0xc68 0x18 0xa0002 0x1400 0x150003 0x1400 0x28 0x1f0002 0x0 oops 0
ciMethodData com/android/dx/util/IntList <init> (I)V 2 5376 orig 264 104 158 160 114 0 0 0 0 24 153 139 20 0 0 0 0 96 1 0 0 0 0 0 0 0 0 0 0 0 0 0 0 0 0 0 0 0 0 0 0 0 0 0 0 0 0 0 0 0 0 0 0 0 0 0 0 0 0 0 0 0 0 0 0 0 0 0 0 0 0 0 0 0 0 0 0 0 0 0 0 77 68 79 32 101 120 116 114 97 32 100 97 116 97 32 108 111 99 107 0 0 0 0 0 0 0 0 0 0 0 0 0 0 0 0 0 0 0 0 0 0 0 0 0 0 0 0 0 0 0 0 0 0 0 0 0 0 0 0 0 0 0 0 0 0 0 0 0 0 0 0 0 0 0 0 0 0 0 0 0 0 0 0 0 0 0 0 0 0 0 0 0 0 0 0 0 0 0 0 0 0 0 0 0 0 0 0 0 0 0 0 0 0 0 0 0 0 0 0 0 0 0 0 0 0 0 0 0 0 0 0 0 0 0 0 0 0 1 0 0 1 160 0 0 1 0 0 0 0 0 0 0 0 0 0 0 2 0 0 0 0 0 7 0 4 0 1 0 56 0 0 0 255 255 255 255 2 0 2 0 0 0 0 0 data 7 0x20002 0x1400 0xc0003 0x1400 0x28 0x160002 0x0 oops 0
ciMethodData com/android/dx/util/Bits set ([II)V 2 94561 orig 264 104 158 160 114 0 0 0 0 112 133 139 20 0 0 0 0 40 1 0 0 0 0 0 0 0 0 0 0 0 0 0 0 0 0 0 0 0 0 0 0 0 0 0 0 0 0 0 0 0 0 0 0 0 0 0 0 0 0 0 0 0 0 0 0 0 0 0 0 0 0 0 0 0 0 0 0 0 0 0 0 77 68 79 32 101 120 116 114 97 32 100 97 116 97 32 108 111 99 107 0 0 0 0 0 0 0 0 0 0 0 0 0 0 0 0 0 0 0 0 0 0 0 0 0 0 0 0 0 0 0 0 0 0 0 0 0 0 0 0 0 0 0 0 0 0 0 0 0 0 0 0 0 0 0 0 0 0 0 0 0 0 0 0 0 0 0 0 0 0 0 0 0 0 0 0 0 0 0 0 0 0 0 0 0 1 0 0 0 0 0 0 0 0 0 0 0 0 0 0 0 1 0 0 0 0 0 0 0 0 0 0 0 0 0 0 0 0 1 0 0 9 131 11 0 1 0 0 0 0 0 0 0 0 0 0 0 2 0 0 0 0 0 3 0 4 0 0 0 0 0 0 0 255 255 255 255 0 0 0 0 0 0 0 0 data 0 oops 0
ciMethodData com/android/dx/rop/cst/StdConstantPool get (I)Lcom/android/dx/rop/cst/Constant; 2 25942 orig 264 104 158 160 114 0 0 0 0 144 46 134 20 0 0 0 0 144 1 0 0 32 0 0 0 0 0 0 0 0 0 0 0 0 0 0 0 0 0 0 0 0 0 0 0 0 0 0 0 0 0 0 0 0 0 0 0 0 0 0 0 0 0 0 0 0 0 0 0 0 0 0 0 0 0 0 0 0 0 0 0 77 68 79 32 101 120 116 114 97 32 100 97 116 97 32 108 111 99 107 0 0 0 0 0 0 0 0 0 0 0 0 0 0 0 0 0 0 0 0 0 0 0 0 0 0 0 0 0 0 0 0 0 0 0 0 0 0 0 0 0 0 0 0 0 0 0 0 0 0 0 0 0 0 0 0 0 0 0 0 0 0 0 0 0 0 0 0 0 0 0 0 0 0 0 0 0 0 0 0 0 0 0 0 0 17 0 0 0 0 0 0 0 0 0 0 0 0 0 0 0 1 0 0 0 0 0 0 0 0 0 0 0 0 0 0 0 0 1 0 0 177 34 3 0 1 0 0 0 0 0 0 0 0 0 0 0 2 0 0 0 0 0 7 0 4 0 1 0 64 0 0 0 255 255 255 255 7 0 8 0 0 0 0 0 data 8 0x80007 0x6456 0x30 0x0 0xc0002 0x0 0x140002 0x0 oops 0
ciMethodData com/android/dx/util/ByteArray getInt (I)I 2 6248 orig 264 104 158 160 114 0 0 0 0 48 78 133 20 0 0 0 0 120 1 0 0 0 0 0 0 0 0 0 0 0 0 0 0 0 0 0 0 0 0 0 0 0 0 0 0 0 0 0 0 0 0 0 0 0 0 0 0 0 0 0 0 0 0 0 0 0 0 0 0 0 0 0 0 0 0 0 0 0 0 0 0 77 68 79 32 101 120 116 114 97 32 100 97 116 97 32 108 111 99 107 0 0 0 0 0 0 0 0 0 0 0 0 0 0 0 0 0 0 0 0 0 0 0 0 0 0 0 0 0 0 0 0 0 0 0 0 0 0 0 0 0 0 0 0 0 0 0 0 0 0 0 0 0 0 0 0 0 0 0 0 0 0 0 0 0 0 0 0 0 0 0 0 0 0 0 0 0 0 0 0 0 0 0 0 0 17 0 0 0 0 0 0 0 0 0 0 0 0 0 0 0 1 0 0 0 0 0 0 0 0 0 0 0 0 0 0 0 104 0 0 0 1 192 0 0 1 0 0 0 0 0 0 0 0 0 0 0 2 0 0 0 0 0 3 0 4 0 1 0 80 0 0 0 255 255 255 255 2 0 5 0 0 0 0 0 data 10 0x50002 0x1800 0xa0002 0x1800 0x140002 0x1800 0x1f0002 0x1800 0x2a0002 0x1800 oops 0
ciMethodData com/android/dx/rop/cst/CstInteger make (I)Lcom/android/dx/rop/cst/CstInteger; 2 5163 orig 264 104 158 160 114 0 0 0 0 192 178 133 20 0 0 0 0 248 1 0 0 80 0 0 0 0 0 0 0 0 0 0 0 0 0 0 0 0 0 0 0 0 0 0 0 0 0 0 0 0 0 0 0 0 0 0 0 0 0 0 0 0 0 0 0 0 0 0 0 0 0 0 0 0 0 0 0 0 0 0 0 77 68 79 32 101 120 116 114 97 32 100 97 116 97 32 108 111 99 107 0 0 0 0 0 0 0 0 0 0 0 0 0 0 0 0 0 0 0 0 0 0 0 0 0 0 0 0 0 0 0 0 0 0 0 0 0 0 0 0 0 0 0 0 0 0 0 0 0 0 0 0 0 0 0 0 0 0 0 0 0 0 0 0 0 0 0 0 0 0 0 0 0 0 0 0 0 0 0 0 0 0 0 0 0 25 0 0 0 0 0 0 0 0 0 0 0 0 0 0 0 0 0 0 0 0 0 0 0 0 0 0 0 0 0 0 0 43 0 0 0 1 160 0 0 1 0 0 0 0 0 0 0 0 0 0 0 2 0 0 0 0 0 8 0 4 0 1 0 176 0 0 0 255 255 255 255 7 0 17 0 0 0 0 0 data 22 0x110007 0x86 0x70 0x137a 0x150005 0x177 0x16f8a370 0x1203 0x0 0x0 0x190007 0x5f 0x20 0x131b 0x230002 0xe5 0x2c0004 0x0 0x16f8a370 0xe5 0x0 0x0 oops 2 6 com/android/dx/rop/cst/CstInteger 18 com/android/dx/rop/cst/CstInteger
ciMethodData com/android/dx/util/Bits get ([II)Z 2 86652 orig 264 104 158 160 114 0 0 0 0 112 131 139 20 0 0 0 0 96 1 0 0 0 0 0 0 0 0 0 0 0 0 0 0 0 0 0 0 0 0 0 0 0 0 0 0 0 0 0 0 0 0 0 0 0 0 0 0 0 0 0 0 0 0 0 0 0 0 0 0 0 0 0 0 0 0 0 0 0 0 0 0 77 68 79 32 101 120 116 114 97 32 100 97 116 97 32 108 111 99 107 0 0 0 0 0 0 0 0 0 0 0 0 0 0 0 0 0 0 0 0 0 0 0 0 0 0 0 0 0 0 0 0 0 0 0 0 0 0 0 0 0 0 0 0 0 0 0 0 0 0 0 0 0 0 0 0 0 0 0 0 0 0 0 0 0 0 0 0 0 0 0 0 0 0 0 0 0 0 0 0 0 0 0 0 0 1 0 0 0 0 0 0 0 0 0 0 0 0 0 0 0 1 0 0 0 0 0 0 0 0 0 0 0 0 0 0 0 158 1 0 0 241 134 10 0 1 0 0 0 0 0 0 0 0 0 0 0 2 0 0 0 0 0 6 0 4 0 1 0 56 0 0 0 255 255 255 255 7 0 16 0 0 0 0 0 data 7 0x100007 0xceb9 0x38 0x8225 0x140003 0x8225 0x18 oops 0
ciMethodData com/android/dx/cf/code/BasicBlocker addWorkIfNecessary (IZ)V 2 22717 orig 264 104 158 160 114 0 0 0 0 248 113 139 20 0 0 0 0 200 1 0 0 48 0 0 0 0 0 0 0 0 0 0 0 0 0 0 0 0 0 0 0 0 0 0 0 0 0 0 0 0 0 0 0 0 0 0 0 0 0 0 0 0 0 0 0 0 0 0 0 0 0 0 0 0 0 0 0 0 0 0 0 77 68 79 32 101 120 116 114 97 32 100 97 116 97 32 108 111 99 107 0 0 0 0 0 0 0 0 0 0 0 0 0 0 0 0 0 0 0 0 0 0 0 0 0 0 0 0 0 0 0 0 0 0 0 0 0 0 0 0 0 0 0 0 0 0 0 0 0 0 0 0 0 0 0 0 0 0 0 0 0 0 0 0 0 0 0 0 0 0 0 0 0 0 0 0 0 0 0 0 0 0 0 0 0 17 0 0 0 0 0 0 0 0 0 0 0 0 0 0 0 1 0 0 0 0 0 0 0 0 0 0 0 0 0 0 0 0 1 0 0 233 189 2 0 1 0 0 0 0 0 0 0 0 0 0 0 2 0 0 0 0 0 13 0 4 0 1 0 112 0 0 0 255 255 255 255 2 0 5 0 0 0 0 0 data 14 0x50002 0x57bd 0x80007 0x65 0x30 0x5758 0x100002 0x5758 0x140007 0x3f16 0x30 0x18a7 0x1c0002 0x18a7 oops 0
ciMethodData com/android/dx/rop/cst/CstInteger getValue ()I 2 14552 orig 264 104 158 160 114 0 0 0 0 232 182 133 20 0 0 0 0 120 1 0 0 0 0 0 0 0 0 0 0 0 0 0 0 0 0 0 0 0 0 0 0 0 0 0 0 0 0 0 0 0 0 0 0 0 0 0 0 0 0 0 0 0 0 0 0 0 0 0 0 0 0 0 0 0 0 0 0 0 0 0 0 77 68 79 32 101 120 116 114 97 32 100 97 116 97 32 108 111 99 107 0 0 0 0 0 0 0 0 0 0 0 0 0 0 0 0 0 0 0 0 0 0 0 0 0 0 0 0 0 0 0 0 0 0 0 0 0 0 0 0 0 0 0 0 0 0 0 0 0 0 0 0 0 0 0 0 0 0 0 0 0 0 0 0 0 0 0 0 0 0 0 0 0 0 0 0 0 0 0 0 0 0 0 0 0 1 0 0 0 0 0 0 0 0 0 0 0 0 0 0 0 1 0 0 0 0 0 0 0 0 0 0 0 0 0 0 0 3 1 0 0 169 190 1 0 1 0 0 0 0 0 0 0 0 0 0 0 2 0 0 0 0 0 3 0 3 0 1 0 48 0 0 0 255 255 255 255 5 0 1 0 0 0 0 0 data 6 0x10005 0x151 0x16f8a370 0x3684 0x0 0x0 oops 1 2 com/android/dx/rop/cst/CstInteger
ciMethodData com/android/dx/util/ByteArray getByte0 (I)I 2 9041 orig 264 104 158 160 114 0 0 0 0 168 83 133 20 0 0 0 0 40 1 0 0 0 0 0 0 0 0 0 0 0 0 0 0 0 0 0 0 0 0 0 0 0 0 0 0 0 0 0 0 0 0 0 0 0 0 0 0 0 0 0 0 0 0 0 0 0 0 0 0 0 0 0 0 0 0 0 0 0 0 0 0 77 68 79 32 101 120 116 114 97 32 100 97 116 97 32 108 111 99 107 0 0 0 0 0 0 0 0 0 0 0 0 0 0 0 0 0 0 0 0 0 0 0 0 0 0 0 0 0 0 0 0 0 0 0 0 0 0 0 0 0 0 0 0 0 0 0 0 0 0 0 0 0 0 0 0 0 0 0 0 0 0 0 0 0 0 0 0 0 0 0 0 0 0 0 0 0 0 0 0 0 0 0 0 0 1 0 0 0 0 0 0 0 0 0 0 0 0 0 0 0 1 0 0 0 0 0 0 0 0 0 0 0 0 0 0 0 41 1 0 0 65 17 1 0 1 0 0 0 0 0 0 0 0 0 0 0 2 0 0 0 0 0 3 0 3 0 0 0 0 0 0 0 255 255 255 255 0 0 0 0 0 0 0 0 data 0 oops 0
ciMethodData com/android/dx/cf/code/ConcreteMethod getCatches ()Lcom/android/dx/cf/code/ByteCatchList; 2 22375 orig 264 104 158 160 114 0 0 0 0 144 100 138 20 0 0 0 0 120 1 0 0 0 0 0 0 0 0 0 0 0 0 0 0 0 0 0 0 0 0 0 0 0 0 0 0 0 0 0 0 0 0 0 0 0 0 0 0 0 0 0 0 0 0 0 0 0 0 0 0 0 0 0 0 0 0 0 0 0 0 0 0 77 68 79 32 101 120 116 114 97 32 100 97 116 97 32 108 111 99 107 0 0 0 0 0 0 0 0 0 0 0 0 0 0 0 0 0 0 0 0 0 0 0 0 0 0 0 0 0 0 0 0 0 0 0 0 0 0 0 0 0 0 0 0 0 0 0 0 0 0 0 0 0 0 0 0 0 0 0 0 0 0 0 0 0 0 0 0 0 0 0 0 0 0 0 0 0 0 0 0 0 0 0 0 0 0 0 0 0 0 0 0 0 0 0 0 0 0 0 0 0 0 0 0 0 0 0 0 0 0 0 0 0 0 0 0 0 168 1 0 0 249 173 2 0 1 0 0 0 0 0 0 0 0 0 0 0 2 0 0 0 0 0 3 0 3 0 1 0 48 0 0 0 255 255 255 255 5 0 4 0 0 0 0 0 data 6 0x40005 0x0 0x16779a60 0x55bf 0x0 0x0 oops 1 2 com/android/dx/cf/attrib/AttCode
ciMethodData com/android/dx/cf/code/BytecodeArray parseInstruction (ILcom/android/dx/cf/code/BytecodeArray$Visitor;)I 2 25728 orig 264 104 158 160 114 0 0 0 0 64 174 135 20 0 0 0 0 0 40 0 0 128 19 0 0 0 0 0 0 0 0 0 0 0 0 0 0 0 0 0 0 0 0 0 0 0 0 0 0 0 0 0 0 0 0 0 0 0 0 0 0 0 0 0 0 0 0 0 0 0 0 0 0 0 0 0 0 0 0 0 0 77 68 79 32 101 120 116 114 97 32 100 97 116 97 32 108 111 99 107 0 0 0 0 0 0 0 0 0 0 0 0 0 0 0 0 0 0 0 0 0 0 0 0 0 0 0 0 0 0 0 0 0 0 0 0 0 0 0 0 0 0 0 0 0 2 0 0 0 0 0 0 0 0 0 0 0 0 0 0 0 0 0 0 0 0 0 0 6 0 0 0 0 0 0 0 0 0 0 0 0 0 0 0 0 0 0 0 0 0 0 0 0 0 0 0 0 0 0 0 0 0 0 0 0 0 0 0 0 0 0 0 0 0 0 0 0 0 2 0 0 1 20 3 0 1 0 0 0 0 0 0 0 0 0 0 0 2 0 0 0 0 0 239 0 4 0 1 0 40 38 0 0 255 255 255 255 7 0 1 0 0 0 0 0 data 1221 0x10007 0x627f 0x20 0x0 0xd0005 0x12c8 0x16f8a0b0 0x4fb7 0x0 0x0 0x120002 0x627f 0x1f0008 0x196 0x0 0x23c8 0x0 0xcc0 0xa 0xcf0 0xe 0xd20 0x8c 0xd50 0x4e 0xd80 0x1c 0xdb0 0x2 0xde0 0x0 0xe10 0x0 0xe40 0x0 0xe70 0x0 0xea0 0x36 0xed0 0x14 0xf00 0xa 0xf30 0x2 0xf60 0x0 0xf90 0x15 0xfc0 0x6 0x1030 0x64 0x10a0 0x3 0x11f8 0x1a 0x1350 0x35 0x13e0 0x0 0x1440 0x80 0x14a0 0x0 0x1500 0xc 0x1560 0xf 0x15c0 0x5c 0x15c0 0x36 0x15c0 0x2a 0x15c0 0x0 0x15f0 0xa 0x15f0 0x0 0x15f0 0x0 0x15f0 0x8 0x1620 0x32 0x1620 0x1e 0x1620 0xa 0x1620 0x0 0x1650 0x0 0x1650 0x0 0x1650 0x0 0x1650 0x367 0x1680 0x90 0x1680 0x3d 0x1680 0x10 0x1680 0x1 0x16b0 0x0 0x16e0 0xa 0x1710 0x0 0x1740 0x0 0x1770 0x0 0x17a0 0x0 0x17d0 0x0 0x1800 0x21 0x1830 0x0 0x1890 0x4e 0x18f0 0x0 0x1950 0xc 0x19b0 0x3 0x1a10 0x2 0x1a10 0xc 0x1a10 0x16 0x1a10 0x0 0x1a40 0x4 0x1a40 0x0 0x1a40 0x0 0x1a40 0x0 0x1a70 0x0 0x1a70 0x0 0x1a70 0x4 0x1a70 0x0 0x1aa0 0x0 0x1aa0 0x0 0x1aa0 0x0 0x1aa0 0x0 0x1ad0 0x4 0x1ad0 0x6 0x1ad0 0x7 0x1ad0 0x4 0x1b00 0x0 0x1b30 0x14 0x1b60 0x0 0x1b90 0x0 0x1bc0 0x0 0x1bf0 0x0 0x1c20 0x0 0x1c50 0x2a 0x1c80 0x0 0x1c80 0x29 0x1c80 0xe 0x1c80 0x0 0x1c80 0x0 0x1c80 0x2 0x1c80 0x0 0x1c80 0x0 0x1c80 0xe 0x1cb0 0x0 0x1ce0 0x16 0x1d10 0x0 0x1d40 0x20 0x1cb0 0x4 0x1ce0 0x14 0x1d10 0x4 0x1d40 0x0 0x1cb0 0x0 0x1ce0 0x34 0x1d10 0x2 0x1d40 0x8 0x1cb0 0x0 0x1ce0 0x1e 0x1d10 0x2 0x1d40 0x0 0x1cb0 0x0 0x1ce0 0x2 0x1d10 0x0 0x1d40 0x2 0x1cb0 0x0 0x1ce0 0xa 0x1d10 0x0 0x1d40 0x0 0x1cb0 0x0 0x1ce0 0x0 0x1cb0 0x0 0x1ce0 0x0 0x1cb0 0x0 0x1ce0 0x0 0x1cb0 0x0 0x1ce0 0x0 0x1cb0 0x0 0x1ce0 0x0 0x1cb0 0x0 0x1ce0 0x5 0x1d70 0x2 0x1e00 0x1e 0x1e30 0x0 0x1e60 0x0 0x1e90 0x0 0x1e30 0x0 0x1e60 0xa 0x1e90 0x0 0x1e00 0x8 0x1e60 0x0 0x1e90 0x0 0x1e00 0x6 0x1e30 0x0 0x1e90 0x0 0x1e90 0x0 0x1e90 0x4 0x1e90 0x14 0x1e90 0xc 0x1e90 0x0 0x1e90 0x0 0x1e90 0x34 0x1ec0 0x3a 0x1ec0 0x4 0x1ec0 0x14 0x1ec0 0x4 0x1ec0 0x12 0x1ec0 0x0 0x1ec0 0xc 0x1ec0 0xd 0x1ec0 0xf 0x1ec0 0x2 0x1ec0 0x4 0x1ec0 0x0 0x1ec0 0x2 0x1ec0 0x4a 0x1ec0 0x0 0x1ec0 0x0 0x1f20 0x8 0x1f80 0x0 0x1f90 0x72 0x1fa0 0x2 0x1fd0 0x26 0x2000 0x0 0x2030 0x30 0x2060 0xae 0x2090 0x39 0x20c0 0x1b 0x20c0 0x1af 0x20c0 0xaa 0x20c0 0x118 0x20c0 0xa6 0x20c0 0xa0 0x20c0 0x2e 0x2150 0x0 0x2240 0x26 0x20c0 0xc 0x2250 0x0 0x20c0 0x1 0x1e90 0x0 0x2090 0x2 0x20c0 0x2 0x20c0 0x0 0x2090 0x0 0x2090 0x0 0x2260 0x0 0x2270 0x8 0x1ec0 0xe 0x1ec0 0x0 0x2330 0x0 0x2330 0x35b0005 0x0 0x0 0x0 0x0 0x0 0x36b0005 0x0 0x16f8a160 0x25 0x16f8a210 0x25 0x37b0005 0x0 0x16f8a160 0x18 0x16f8a210 0x18 0x38b0005 0x14 0x16f8a160 0x11d 0x16f8a210 0x11f 0x39b0005 0x12 0x16f8a160 0xc3 0x16f8a210 0xc3 0x3ab0005 0xe 0x16f8a160 0x39 0x16f8a210 0x39 0x3bb0005 0x2 0x16f8a160 0x20 0x16f8a210 0x20 0x3cb0005 0x2 0x16f8a160 0xd 0x16f8a210 0xd 0x3db0005 0x2 0x16f8a160 0x10 0x16f8a210 0x10 0x3eb0005 0x0 0x16f8a160 0x7 0x16f8a210 0x7 0x3fb0005 0x0 0x0 0x0 0x0 0x0 0x40b0005 0xe 0x16f8a160 0x5a 0x16f8a210 0x5a 0x41b0005 0x4 0x16f8a160 0x21 0x16f8a210 0x21 0x42b0005 0x0 0x16f8a160 0xe 0x16f8a210 0xe 0x43b0005 0x0 0x16f8a160 0x4 0x16f8a210 0x4 0x44b0005 0x0 0x16f8a160 0x1 0x16f8a210 0x1 0x4590005 0x15 0x16f8a0b0 0x108 0x0 0x0 0x4650002 0x11d 0x46a0005 0xc0 0x16f8a160 0x2e 0x16f8a210 0x2f 0x4780005 0x6 0x16f8a0b0 0x14 0x0 0x0 0x4840002 0x1a 0x4890005 0x0 0x16f8a160 0xd 0x16f8a210 0xd 0x4970005 0x64 0x16f8a0b0 0x1f4 0x0 0x0 0x4a20005 0x0 0x16f8a2c0 0x258 0x0 0x0 0x4ab0004 0xfffffffffffffe14 0x16f8a370 0x6c 0x16f8a420 0x52 0x4ae0007 0x1ec 0x98 0x6c 0x4b30004 0x0 0x16f8a370 0x6c 0x0 0x0 0x4b60005 0xc 0x16f8a370 0x60 0x0 0x0 0x4b90003 0x6c 0x18 0x4c80005 0xd2 0x16f8a160 0xc3 0x16f8a210 0xc3 0x4d60005 0x3 0x16f8a0b0 0x4 0x0 0x0 0x4e10005 0x0 0x16f8a2c0 0x7 0x0 0x0 0x4ea0004 0xfffffffffffffffa 0x16f8a4d0 0x2 0x16f8a370 0x1 0x4ed0007 0x6 0x98 0x1 0x4f20004 0x0 0x16f8a370 0x1 0x0 0x0 0x4f50005 0x1 0x0 0x0 0x0 0x0 0x4f80003 0x1 0x18 0x507f005 0x2 0x16f8a160 0x3 0x16f8a210 0x4 0x5150005 0x1a 0x16f8a0b0 0xe 0x0 0x0 0x5200005 0x0 0x16f8a2c0 0x28 0x0 0x0 0x52f0005 0x0 0x16f8a160 0x14 0x16f8a210 0x14 0x53d0005 0x35 0x16f8a0b0 0x490 0x0 0x0 0x54d0005 0x0 0x16f8a160 0x261 0x16f8a210 0x264 0x55b0005 0x0 0x16f8a0b0 0xe 0x0 0x0 0x56b0005 0x0 0x16f8a160 0x7 0x16f8a210 0x7 0x5790005 0x80 0x16f8a0b0 0x148 0x0 0x0 0x5890005 0x0 0x16f8a160 0xe4 0x16f8a210 0xe4 0x5970005 0x0 0x0 0x0 0x0 0x0 0x5a70005 0x0 0x0 0x0 0x0 0x0 0x5b50005 0xc 0x16f8a0b0 0x1ec 0x0 0x0 0x5c50005 0x0 0x16f8a160 0xfc 0x16f8a210 0xfc 0x5dd7005 0x2 0x16f8a160 0x210 0x16f8a210 0x211 0x5f50005 0x0 0x16f8a160 0xc 0x16f8a210 0xc 0x60d0005 0x0 0x16f8a160 0x8c 0x16f8a210 0x8c 0x6250005 0x0 0x16f8a160 0x1 0x16f8a210 0x1 0x63d0005 0x0 0x16f8a160 0x9f7 0x16f8a210 0x9fa 0x64c0005 0x0 0x16f8a160 0xd 0x16f8a210 0xe 0x65b0005 0x0 0x0 0x0 0x0 0x0 0x66a0005 0x0 0x16f8a160 0x12 0x16f8a210 0x12 0x6790005 0x0 0x0 0x0 0x0 0x0 0x6880005 0x0 0x0 0x0 0x0 0x0 0x6970005 0x0 0x0 0x0 0x0 0x0 0x6a60005 0x0 0x0 0x0 0x0 0x0 0x6b50005 0x0 0x0 0x0 0x0 0x0 0x6c30005 0x21 0x16f8a0b0 0x272 0x0 0x0 0x6d30005 0x0 0x16f8a160 0x149 0x16f8a210 0x14a 0x6e10005 0x0 0x16f8a0b0 0x8 0x0 0x0 0x6f10005 0x0 0x16f8a160 0x4 0x16f8a210 0x4 0x6ff0005 0x4e 0x16f8a0b0 0xae 0x0 0x0 0x70f0005 0x0 0x16f8a160 0x7e 0x16f8a210 0x7e 0x71d0005 0x0 0x0 0x0 0x0 0x0 0x72d0005 0x0 0x0 0x0 0x0 0x0 0x73b0005 0xc 0x16f8a0b0 0x72 0x0 0x0 0x74b0005 0x0 0x16f8a160 0x3f 0x16f8a210 0x3f 0x7630005 0x0 0x16f8a210 0x6d 0x16f8a160 0x6c 0x77b0005 0x0 0x16f8a160 0x3 0x16f8a210 0x3 0x7930005 0x0 0x16f8a160 0xc 0x16f8a210 0xc 0x7ab0005 0x0 0x0 0x0 0x0 0x0 0x7c30005 0x0 0x16f8a160 0x3a 0x16f8a210 0x3b 0x7d20005 0x0 0x16f8a160 0x8 0x16f8a210 0xa 0x7e10005 0x0 0x0 0x0 0x0 0x0 0x7f00005 0x0 0x16f8a160 0x14 0x16f8a210 0x14 0x7ff0005 0x0 0x0 0x0 0x0 0x0 0x80e0005 0x0 0x0 0x0 0x0 0x0 0x81d0005 0x0 0x0 0x0 0x0 0x0 0x82c0005 0x0 0x0 0x0 0x0 0x0 0x83b0005 0x0 0x0 0x0 0x0 0x0 0x8490005 0x0 0x16f8a160 0xc1 0x16f8a210 0xc6 0x8570005 0xe 0x16f8a160 0x112 0x16f8a210 0x112 0x8670005 0x0 0x16f8a160 0x9 0x16f8a210 0x9 0x8770005 0x0 0x16f8a160 0xd7 0x16f8a210 0xd7 0x8870005 0x0 0x16f8a160 0xa 0x16f8a210 0xa 0x8950005 0x5 0x16f8a0b0 0x38 0x0 0x0 0x8a10005 0x5 0x16f8a0b0 0x38 0x0 0x0 0x8b10005 0x0 0x16f8a160 0x1e 0x16f8a210 0x1f 0x8bf0005 0x0 0x16f8a160 0x1 0x16f8a210 0x1 0x8cd0005 0x0 0x16f8a160 0x88 0x16f8a210 0x88 0x8db0005 0x0 0x16f8a160 0xb 0x16f8a210 0xb 0x8e9f005 0x2 0x16f8a160 0xb4 0x16f8a210 0xb5 0x8f80005 0x12c 0x16f8a0b0 0x6b4 0x0 0x0 0x9040005 0x0 0x16f8a160 0x3ee 0x16f8a210 0x3f2 0x9120005 0x0 0x0 0x0 0x0 0x0 0x9210005 0x0 0x0 0x0 0x0 0x0 0x92b0002 0x10 0x9320002 0xa 0x93f0005 0x0 0x16f8a160 0xd5 0x16f8a210 0xd5 0x94f0005 0x0 0x16f8a160 0x4 0x16f8a210 0x4 0x95f0005 0x0 0x16f8a160 0x27 0x16f8a210 0x27 0x96f0005 0x0 0x16f8a160 0x1 0x16f8a210 0x1 0x97f0005 0x0 0x16f8a160 0x53 0x16f8a210 0x53 0x98d0005 0x0 0x16f8a160 0x174 0x16f8a210 0x176 0x99b0005 0x535 0x16f8a0b0 0x1466 0x0 0x0 0x9a60005 0x0 0x16f8a2c0 0x199b 0x0 0x0 0x9b40005 0x0 0x16f8a160 0xcc7 0x16f8a210 0xcd4 0x9c20005 0x2e 0x16f8a0b0 0x82 0x0 0x0 0x9ce0005 0x2e 0x16f8a0b0 0x82 0x0 0x0 0x9da0005 0x2e 0x16f8a0b0 0x82 0x0 0x0 0x9e50005 0x0 0x16f8a2c0 0xb0 0x0 0x0 0x9fa0005 0x0 0x16f8a160 0x58 0x16f8a210 0x58 0xa070002 0x0 0xa0e0002 0x20 0xa150002 0x0 0xa200005 0x0 0x0 0x0 0x0 0x0 0xa2c0005 0x0 0x0 0x0 0x0 0x0 0xa370005 0x0 0x0 0x0 0x0 0x0 0xa460005 0x0 0x0 0x0 0x0 0x0 0xa550005 0x0 0x0 0x0 0x0 0x0 0xa5f0007 0x0 0x38 0x0 0xa650003 0x0 0x18 0xa740005 0x0 0x0 0x0 0x0 0x0 0xa7f0005 0x0 0x0 0x0 0x0 0x0 0xa8c0002 0x0 0xa910005 0x0 0x0 0x0 0x0 0x0 0xa950002 0x0 0xa980005 0x0 0x0 0x0 0x0 0x0 0xa9b0005 0x0 0x0 0x0 0x0 0x0 0xa9e0005 0x0 0x0 0x0 0x0 0x0 0xaa90002 0x0 0xab40002 0x0 0xab90005 0x0 0x0 0x0 0x0 0x0 0xabd0002 0x0 0xac00005 0x0 0x0 0x0 0x0 0x0 0xac30005 0x0 0x0 0x0 0x0 0x0 0xac60005 0x0 0x0 0x0 0x0 0x0